
<!DOCTYPE html>
<html>


<head>
	<meta charset='utf-8' /> 
	<meta name='description' content='' />
	<meta name='robots' content='noodp, noydir' />
	<meta name='viewport' content='width=device-width, initial-scale=1' />
	<meta id="timeStampFormat" name="timeStampFormat" content='MMM d, yyyy hh:mm:ss a'/>
	
	<link href='https://fonts.googleapis.com/css?family=Source+Sans+Pro:400,600' rel='stylesheet' type='text/css'>
	<link href="https://fonts.googleapis.com/icon?family=Material+Icons" rel="stylesheet">

		<link href='https://cdn.rawgit.com/anshooarora/extentreports-java/6d3843c29c354373fafad29c03a1a89b7e06c374/dist/css/extent.css' type='text/css' rel='stylesheet' />
	
	<title>ExtentReports</title>

</head>

	<body class='extent standard default hide-overflow bdd-report'>
		<div id='theme-selector' alt='Click to toggle theme. To enable by default, use theme configuration.' title='Click to toggle theme. To enable by default, use theme configuration.'>
			<span><i class='material-icons'>desktop_windows</i></span>
		</div>

<nav>
	<div class="nav-wrapper">
		<a href="#!" class="brand-logo blue darken-3">Extent</a>

		<!-- slideout menu -->
		<ul id='slide-out' class='side-nav fixed hide-on-med-and-down'>
			<li class='waves-effect active'><a href='#!' view='test-view' onclick="configureView(0);chartsView('test');"><i class='material-icons'>dashboard</i></a></li>
						<li class='waves-effect'><a href='#!' view='category-view' onclick="configureView(1)"><i class='material-icons'>label_outline</i></a></li>
			<li class='waves-effect'><a href='#!' view='exception-view' onclick="configureView(2)"><i class='material-icons'>bug_report</i></a></li>
			<li class='waves-effect'><a href='#!' onclick="configureView(-1);chartsView('dashboard');" view='dashboard-view'><i class='material-icons'>track_changes</i></i></a></li>
		</ul>

		<!-- report name -->
		<span class='report-name'>ExtentReports</span>
		
		<!-- report headline -->
		<span class='report-headline'></span>

		<!-- nav-right -->
		<ul id='nav-mobile' class='right hide-on-med-and-down nav-right'>
			<li>
                <a href='#!'>
                    <span class='label suite-start-time blue darken-3'>Dec 6, 2020 12:36:19 PM</span>
				</a>
			</li>
			<li>
                <a href='#!'>
                    <span class='label blue darken-3'>v3.0.6</span>
				</a>
			</li>
		</ul>
	</div>
</nav>

		<!-- container -->
		<div class='container'>

<div id='test-view' class='view'>
				
	<section id='controls'>
		<div class='controls grey lighten-4'>
			<!-- test toggle -->
			<div class='chip transparent'>
				<a class='dropdown-button tests-toggle' data-activates='tests-toggle' data-constrainwidth='true' data-beloworigin='true' data-hover='true' href='#'>
					<i class='material-icons'>warning</i> Status
				</a>
				<ul id='tests-toggle' class='dropdown-content'>
											<li status='pass'><a href='#!'>Pass <i class='material-icons green-text'>check_circle</i></a></li>
						<li status='fail'><a href='#!'>Fail <i class='material-icons red-text'>cancel</i></a></li>
						<li status='skip'><a href='#!'>Skip <i class='material-icons cyan-text'>redo</i></a></li>
					<li class='divider'></li>
					<li status='clear' clear='true'><a href='#!'>Clear Filters <i class='material-icons'>clear</i></a></li>
				</ul>
			</div>
			<!-- test toggle -->

			<!-- category toggle -->
			<div class='chip transparent'>
				<a class='dropdown-button category-toggle' data-activates='category-toggle' data-constrainwidth='false' data-beloworigin='true' data-hover='true' href='#'>
					<i class='material-icons'>local_offer</i> Category
				</a>
				<ul id='category-toggle' class='dropdown-content'>
					<li><a href='#'>@RegressionTest</a></li>
					<li class='divider'></li>
					<li class='clear'><a href='#!' clear='true'>Clear Filters</a></li>
				</ul>
			</div>
			<!-- category toggle -->

			<!-- clear filters -->
			<div class='chip transparent hide'>
				<a class='' id='clear-filters' alt='Clear Filters' title='Clear Filters'>
					<i class='material-icons'>close</i> Clear
				</a>
			</div>
			<!-- clear filters -->

			<!-- enable dashboard -->
			<div id='toggle-test-view-charts' class='chip transparent'>
				<a class='pink-text' id='enable-dashboard' alt='Enable Dashboard' title='Enable Dashboard'>
					<i class='material-icons'>track_changes</i> Dashboard
				</a>
			</div>
			<!-- enable dashboard -->

			<!-- search -->
			<div class='chip transparent' alt='Search Tests' title='Search Tests'>
				<a href="#" class='search-div'>
					<i class='material-icons'>search</i> Search
				</a>

				<div class='input-field left hide'>
					<input id='search-tests' type='text' class='validate browser-default' placeholder='Search Tests...'>
				</div>
				
			</div>
			<!-- search -->
		</div>
	</section>


<div id='test-view-charts' class='subview-full'>
	<div id='charts-row' class='row nm-v nm-h'>
		<div class='col s12 m4 l4 np-h'>
			<div class='card-panel nm-v'>
				<div class='left panel-name'>Features</div>
				<div class='chart-box'>
					<canvas id='parent-analysis' width='100' height='80'></canvas>
				</div>
				<div class='block text-small'>
					<span class='tooltipped' data-position='top' data-tooltip='0%'><span class='strong'>0</span> feature(s) passed</span>
				</div>
				<div class='block text-small'>
					<span class='strong tooltipped' data-position='top' data-tooltip='100%'>13</span> feature(s) failed, <span class='strong tooltipped' data-position='top' data-tooltip='0%'>0</span> others
				</div>
			</div>
		</div>
		
		<div class='col s12 m4 l4 np-h'>
			<div class='card-panel nm-v'>
				<div class='left panel-name'>Scenarios</div>
				<div class='chart-box'>
					<canvas id='child-analysis' width='100' height='80'></canvas>
				</div>
				<div class='block text-small'>
					<span class='tooltipped' data-position='top' data-tooltip='0%'><span class='strong'>0</span> scenario(s) passed</span>
				</div>
				<div class='block text-small'>
					<span class='strong tooltipped' data-position='top' data-tooltip='100%'>14</span> scenario(s) failed, <span class='strong tooltipped' data-position='top' data-tooltip='0%'>0</span> others
				</div>
			</div>
		</div>
		
		<div class='col s12 m4 l4 np-h'>
			<div class='card-panel nm-v'>
				<div class='left panel-name'>Steps</div>
				<div class='chart-box'>
					<canvas id='grandchild-analysis' width='100' height='80'></canvas>
				</div>
				<div class='block text-small'>
					<span class='tooltipped' data-position='top' data-tooltip='32.685%'><span class='strong'>84</span> step(s) passed</span>
				</div>
				<div class='block text-small'>
					<span class='strong tooltipped' data-position='top' data-tooltip='5.447%'>14</span> step(s) failed, <span class='strong tooltipped' data-position='top' data-tooltip='61.868%'>159</span> others
				</div>
			</div>
		</div>
	</div>
</div>

	<div class='subview-left left'>
		
		<div class='view-summary'>
			<h5>Features</h5>
			<ul id='test-collection' class='test-collection'>
				
				
				<li class='test displayed active has-leaf fail' status='fail' bdd='true' test-id='1'>
					<div class='test-heading'>
						<span class='test-name'>Login Functionality</span>
						<span class='test-time'>Dec 6, 2020 12:36:19 PM</span>
						<span class='test-status right fail'>fail</span>
					</div>
					<div class='test-content hide'>
<div class='scenario node' test-id='2' status='fail'>
	<div class='category-list'>
		<span class='category label white-text'>@RegressionTest</span>
	</div>
	<span class='duration right label'>0h 0m 28s+131ms</span>
	<div class='desc'>
		<b>Scenario</b>
		<span class="desc-text">Login with valide username and password</span>
	</div>
	<ul class='steps'>
		<li test-id='3' class='node given pass' status='pass'>
			
			<b>Given</b>
			
			<span class="bdd-step-name">Given Navigate to basqar</span>
				<div class='pre'>passed</div>
			
		</li>
		<li test-id='4' class='node when pass' status='pass'>
			
			<b>When</b>
			
			<span class="bdd-step-name">When User sending the key in the dialog content class</span>
				<div class='pre'><table><tr><td>username</td><td>daulet2030@gmail.com</td></tr><tr><td>password</td><td>TechnoStudy123@</td></tr></table></div>
				<div class='pre'>passed</div>
			
		</li>
		<li test-id='5' class='node and fail' status='fail'>
			
			<b>And</b>
			
			<span class="bdd-step-name">And User click on the element in the dialog content class</span>
				<div class='pre'><table><tr><td>loginButton</td></tr><tr><td>gotItBtn</td></tr></table></div>
				<div class='pre'><pre>org.openqa.selenium.TimeoutException: Expected condition failed: waiting for element to be clickable: Proxy element for: DefaultElementLocator 'By.cssSelector: button[aria-label='LOGIN']' (tried for 10 second(s) with 500 milliseconds interval)
	at org.openqa.selenium.support.ui.WebDriverWait.timeoutException(WebDriverWait.java:95)
	at org.openqa.selenium.support.ui.FluentWait.until(FluentWait.java:272)
	at pages._Parent.waitUntilClickable(_Parent.java:43)
	at pages._Parent.clickFunction(_Parent.java:28)
	at pages.DialogContent.findElementClickFunction(DialogContent.java:133)
	at stepDefinations._01_LoginStepss.userClickOnTheElementInTheDialogContentClass(_01_LoginStepss.java:47)
	at ✽.And User click on the element in the dialog content class(_01_Login.feature:12)
Caused by: org.openqa.selenium.NoSuchElementException: no such element: Unable to locate element: {"method":"css selector","selector":"button[aria-label='LOGIN']"}
  (Session info: chrome=86.0.4240.198)
For documentation on this error, please visit: https://www.seleniumhq.org/exceptions/no_such_element.html
Build info: version: '3.141.59', revision: 'e82be7d358', time: '2018-11-14T08:17:03'
System info: host: 'DESKTOP-2C108AM', ip: '192.168.0.12', os.name: 'Windows 10', os.arch: 'amd64', os.version: '10.0', java.version: '14.0.2'
Driver info: org.openqa.selenium.chrome.ChromeDriver
Capabilities {acceptInsecureCerts: false, browserName: chrome, browserVersion: 86.0.4240.198, chrome: {chromedriverVersion: 86.0.4240.22 (398b0743353ff..., userDataDir: C:\Users\keski\AppData\Loca...}, goog:chromeOptions: {debuggerAddress: localhost:53940}, javascriptEnabled: true, networkConnectionEnabled: false, pageLoadStrategy: normal, platform: WINDOWS, platformName: WINDOWS, proxy: Proxy(), setWindowRect: true, strictFileInteractability: false, timeouts: {implicit: 0, pageLoad: 300000, script: 30000}, unhandledPromptBehavior: dismiss and notify, webauthn:virtualAuthenticators: true}
Session ID: b34418fce6b195531de16d382bb0fb7c
*** Element info: {Using=css selector, value=button[aria-label='LOGIN']}
	at java.base/jdk.internal.reflect.NativeConstructorAccessorImpl.newInstance0(Native Method)
	at java.base/jdk.internal.reflect.NativeConstructorAccessorImpl.newInstance(NativeConstructorAccessorImpl.java:62)
	at java.base/jdk.internal.reflect.DelegatingConstructorAccessorImpl.newInstance(DelegatingConstructorAccessorImpl.java:45)
	at java.base/java.lang.reflect.Constructor.newInstanceWithCaller(Constructor.java:500)
	at java.base/java.lang.reflect.Constructor.newInstance(Constructor.java:481)
	at org.openqa.selenium.remote.http.W3CHttpResponseCodec.createException(W3CHttpResponseCodec.java:187)
	at org.openqa.selenium.remote.http.W3CHttpResponseCodec.decode(W3CHttpResponseCodec.java:122)
	at org.openqa.selenium.remote.http.W3CHttpResponseCodec.decode(W3CHttpResponseCodec.java:49)
	at org.openqa.selenium.remote.HttpCommandExecutor.execute(HttpCommandExecutor.java:158)
	at org.openqa.selenium.remote.service.DriverCommandExecutor.execute(DriverCommandExecutor.java:83)
	at org.openqa.selenium.remote.RemoteWebDriver.execute(RemoteWebDriver.java:552)
	at org.openqa.selenium.remote.RemoteWebDriver.findElement(RemoteWebDriver.java:323)
	at org.openqa.selenium.remote.RemoteWebDriver.findElementByCssSelector(RemoteWebDriver.java:420)
	at org.openqa.selenium.By$ByCssSelector.findElement(By.java:431)
	at org.openqa.selenium.remote.RemoteWebDriver.findElement(RemoteWebDriver.java:315)
	at org.openqa.selenium.support.pagefactory.DefaultElementLocator.findElement(DefaultElementLocator.java:69)
	at org.openqa.selenium.support.pagefactory.internal.LocatingElementHandler.invoke(LocatingElementHandler.java:38)
	at com.sun.proxy.$Proxy22.isDisplayed(Unknown Source)
	at org.openqa.selenium.support.ui.ExpectedConditions.elementIfVisible(ExpectedConditions.java:314)
	at org.openqa.selenium.support.ui.ExpectedConditions.access$000(ExpectedConditions.java:43)
	at org.openqa.selenium.support.ui.ExpectedConditions$10.apply(ExpectedConditions.java:300)
	at org.openqa.selenium.support.ui.ExpectedConditions$10.apply(ExpectedConditions.java:297)
	at org.openqa.selenium.support.ui.ExpectedConditions$23.apply(ExpectedConditions.java:670)
	at org.openqa.selenium.support.ui.ExpectedConditions$23.apply(ExpectedConditions.java:666)
	at org.openqa.selenium.support.ui.FluentWait.until(FluentWait.java:249)
	at pages._Parent.waitUntilClickable(_Parent.java:43)
	at pages._Parent.clickFunction(_Parent.java:28)
	at pages.DialogContent.findElementClickFunction(DialogContent.java:133)
	at stepDefinations._01_LoginStepss.userClickOnTheElementInTheDialogContentClass(_01_LoginStepss.java:47)
	at java.base/jdk.internal.reflect.NativeMethodAccessorImpl.invoke0(Native Method)
	at java.base/jdk.internal.reflect.NativeMethodAccessorImpl.invoke(NativeMethodAccessorImpl.java:62)
	at java.base/jdk.internal.reflect.DelegatingMethodAccessorImpl.invoke(DelegatingMethodAccessorImpl.java:43)
	at java.base/java.lang.reflect.Method.invoke(Method.java:564)
	at cucumber.runtime.Utils$1.call(Utils.java:40)
	at cucumber.runtime.Timeout.timeout(Timeout.java:16)
	at cucumber.runtime.Utils.invoke(Utils.java:34)
	at cucumber.runtime.java.JavaStepDefinition.execute(JavaStepDefinition.java:38)
	at cucumber.runtime.StepDefinitionMatch.runStep(StepDefinitionMatch.java:37)
	at cucumber.runtime.Runtime.runStep(Runtime.java:300)
	at cucumber.runtime.model.StepContainer.runStep(StepContainer.java:44)
	at cucumber.runtime.model.StepContainer.runSteps(StepContainer.java:39)
	at cucumber.runtime.model.CucumberScenario.run(CucumberScenario.java:44)
	at cucumber.runtime.model.CucumberFeature.run(CucumberFeature.java:165)
	at cucumber.api.testng.TestNGCucumberRunner.runCucumber(TestNGCucumberRunner.java:63)
	at cucumber.api.testng.AbstractTestNGCucumberTests.feature(AbstractTestNGCucumberTests.java:21)
	at java.base/jdk.internal.reflect.NativeMethodAccessorImpl.invoke0(Native Method)
	at java.base/jdk.internal.reflect.NativeMethodAccessorImpl.invoke(NativeMethodAccessorImpl.java:62)
	at java.base/jdk.internal.reflect.DelegatingMethodAccessorImpl.invoke(DelegatingMethodAccessorImpl.java:43)
	at java.base/java.lang.reflect.Method.invoke(Method.java:564)
	at org.testng.internal.MethodInvocationHelper.invokeMethod(MethodInvocationHelper.java:134)
	at org.testng.internal.TestInvoker.invokeMethod(TestInvoker.java:597)
	at org.testng.internal.TestInvoker.invokeTestMethod(TestInvoker.java:173)
	at org.testng.internal.MethodRunner.runInSequence(MethodRunner.java:46)
	at org.testng.internal.TestInvoker$MethodInvocationAgent.invoke(TestInvoker.java:816)
	at org.testng.internal.TestInvoker.invokeTestMethods(TestInvoker.java:146)
	at org.testng.internal.TestMethodWorker.invokeTestMethods(TestMethodWorker.java:146)
	at org.testng.internal.TestMethodWorker.run(TestMethodWorker.java:128)
	at java.base/java.util.ArrayList.forEach(ArrayList.java:1511)
	at org.testng.TestRunner.privateRun(TestRunner.java:766)
	at org.testng.TestRunner.run(TestRunner.java:587)
	at org.testng.SuiteRunner.runTest(SuiteRunner.java:384)
	at org.testng.SuiteRunner.runSequentially(SuiteRunner.java:378)
	at org.testng.SuiteRunner.privateRun(SuiteRunner.java:337)
	at org.testng.SuiteRunner.run(SuiteRunner.java:286)
	at org.testng.SuiteRunnerWorker.runSuite(SuiteRunnerWorker.java:53)
	at org.testng.SuiteRunnerWorker.run(SuiteRunnerWorker.java:96)
	at org.testng.TestNG.runSuitesSequentially(TestNG.java:1187)
	at org.testng.TestNG.runSuitesLocally(TestNG.java:1109)
	at org.testng.TestNG.runSuites(TestNG.java:1039)
	at org.testng.TestNG.run(TestNG.java:1007)
	at com.intellij.rt.testng.IDEARemoteTestNG.run(IDEARemoteTestNG.java:66)
	at com.intellij.rt.testng.RemoteTestNGStarter.main(RemoteTestNGStarter.java:109)
</pre></div>
			
		</li>
		<li test-id='6' class='node then skip' status='skip'>
			
			<b>Then</b>
			
			<span class="bdd-step-name">Then user should login successfully</span>
				<div class='pre'>skipped</div>
			
		</li>
	</ul>
</div>
					</div>
				</li>
				
				
				<li class='test displayed active has-leaf fail' status='fail' bdd='true' test-id='7'>
					<div class='test-heading'>
						<span class='test-name'>Create Edit and Delete Functionality for Human Resources</span>
						<span class='test-time'>Dec 6, 2020 12:36:53 PM</span>
						<span class='test-status right fail'>fail</span>
					</div>
					<div class='test-content hide'>
<div class='scenario node' test-id='8' status='fail'>
	<span class='duration right label'>0h 0m 12s+369ms</span>
	<div class='desc'>
		<b>Scenario</b>
		<span class="desc-text">Create , Edit and Delete Salary Types</span>
	</div>
	<ul class='steps'>
		<li test-id='9' class='node given pass' status='pass'>
			
			<b>Given</b>
			
			<span class="bdd-step-name">Given Navigate to basqar</span>
				<div class='pre'>passed</div>
			
		</li>
		<li test-id='10' class='node when pass' status='pass'>
			
			<b>When</b>
			
			<span class="bdd-step-name">When User sending the key in the dialog content class</span>
				<div class='pre'><table><tr><td>username</td><td>daulet2030@gmail.com</td></tr><tr><td>password</td><td>TechnoStudy123@</td></tr></table></div>
				<div class='pre'>passed</div>
			
		</li>
		<li test-id='11' class='node and pass' status='pass'>
			
			<b>And</b>
			
			<span class="bdd-step-name">And User click on the element in the dialog content class</span>
				<div class='pre'><table><tr><td>loginButton</td></tr><tr><td>gotItButton</td></tr></table></div>
				<div class='pre'>passed</div>
			
		</li>
		<li test-id='12' class='node then pass' status='pass'>
			
			<b>Then</b>
			
			<span class="bdd-step-name">Then user should login successfully</span>
				<div class='pre'>passed</div>
			
		</li>
		<li test-id='13' class='node when pass' status='pass'>
			
			<b>When</b>
			
			<span class="bdd-step-name">When User click on the element in the leftNav class</span>
				<div class='pre'><table><tr><td>humanResources</td></tr><tr><td>setupHR</td></tr><tr><td>salaryTypes</td></tr></table></div>
				<div class='pre'>passed</div>
			
		</li>
		<li test-id='14' class='node and pass' status='pass'>
			
			<b>And</b>
			
			<span class="bdd-step-name">And User click on the element in the dialog content class</span>
				<div class='pre'><table><tr><td>addButton</td></tr></table></div>
				<div class='pre'>passed</div>
			
		</li>
		<li test-id='15' class='node and pass' status='pass'>
			
			<b>And</b>
			
			<span class="bdd-step-name">And User sending the key in the dialog content class</span>
				<div class='pre'><table><tr><td>name</td><td>EnglandNewSalaryType</td></tr></table></div>
				<div class='pre'>passed</div>
			
		</li>
		<li test-id='16' class='node and fail' status='fail'>
			
			<b>And</b>
			
			<span class="bdd-step-name">And User click on the element in the dialog content class</span>
				<div class='pre'><table><tr><td>userType</td></tr><tr><td>randomSelect</td></tr><tr><td>saveButton</td></tr></table></div>
				<div class='pre'><textarea>org.openqa.selenium.ElementClickInterceptedException: element click intercepted: Element <button mat-button="" mat-icon-button="" matbadgeoverlap="false" matbadgesize="small" matbadgeposition="below" matbadgecolor="accent" class="mat-focus-indicator mat-tooltip-trigger mat-badge mat-button mat-icon-button mat-button-base mat-badge-accent mat-badge-below mat-badge-after mat-badge-small mat-badge-hidden ng-star-inserted" aria-describedby="cdk-describedby-message-20" cdk-describedby-host="">...</button> is not clickable at point (1236, 88). Other element would receive the click: <div class="cdk-overlay-backdrop cdk-overlay-dark-backdrop cdk-overlay-backdrop-showing"></div>
  (Session info: chrome=86.0.4240.198)
Build info: version: '3.141.59', revision: 'e82be7d358', time: '2018-11-14T08:17:03'
System info: host: 'DESKTOP-2C108AM', ip: '192.168.0.12', os.name: 'Windows 10', os.arch: 'amd64', os.version: '10.0', java.version: '14.0.2'
Driver info: org.openqa.selenium.chrome.ChromeDriver
Capabilities {acceptInsecureCerts: false, browserName: chrome, browserVersion: 86.0.4240.198, chrome: {chromedriverVersion: 86.0.4240.22 (398b0743353ff..., userDataDir: C:\Users\keski\AppData\Loca...}, goog:chromeOptions: {debuggerAddress: localhost:53963}, javascriptEnabled: true, networkConnectionEnabled: false, pageLoadStrategy: normal, platform: WINDOWS, platformName: WINDOWS, proxy: Proxy(), setWindowRect: true, strictFileInteractability: false, timeouts: {implicit: 0, pageLoad: 300000, script: 30000}, unhandledPromptBehavior: dismiss and notify, webauthn:virtualAuthenticators: true}
Session ID: c709ba3fb6d26a55b9cf482435c30b2e
	at java.base/jdk.internal.reflect.NativeConstructorAccessorImpl.newInstance0(Native Method)
	at java.base/jdk.internal.reflect.NativeConstructorAccessorImpl.newInstance(NativeConstructorAccessorImpl.java:62)
	at java.base/jdk.internal.reflect.DelegatingConstructorAccessorImpl.newInstance(DelegatingConstructorAccessorImpl.java:45)
	at java.base/java.lang.reflect.Constructor.newInstanceWithCaller(Constructor.java:500)
	at java.base/java.lang.reflect.Constructor.newInstance(Constructor.java:481)
	at org.openqa.selenium.remote.http.W3CHttpResponseCodec.createException(W3CHttpResponseCodec.java:187)
	at org.openqa.selenium.remote.http.W3CHttpResponseCodec.decode(W3CHttpResponseCodec.java:122)
	at org.openqa.selenium.remote.http.W3CHttpResponseCodec.decode(W3CHttpResponseCodec.java:49)
	at org.openqa.selenium.remote.HttpCommandExecutor.execute(HttpCommandExecutor.java:158)
	at org.openqa.selenium.remote.service.DriverCommandExecutor.execute(DriverCommandExecutor.java:83)
	at org.openqa.selenium.remote.RemoteWebDriver.execute(RemoteWebDriver.java:552)
	at org.openqa.selenium.remote.RemoteWebElement.execute(RemoteWebElement.java:285)
	at org.openqa.selenium.remote.RemoteWebElement.click(RemoteWebElement.java:84)
	at java.base/jdk.internal.reflect.NativeMethodAccessorImpl.invoke0(Native Method)
	at java.base/jdk.internal.reflect.NativeMethodAccessorImpl.invoke(NativeMethodAccessorImpl.java:62)
	at java.base/jdk.internal.reflect.DelegatingMethodAccessorImpl.invoke(DelegatingMethodAccessorImpl.java:43)
	at java.base/java.lang.reflect.Method.invoke(Method.java:564)
	at org.openqa.selenium.support.pagefactory.internal.LocatingElementHandler.invoke(LocatingElementHandler.java:51)
	at com.sun.proxy.$Proxy22.click(Unknown Source)
	at pages._Parent.clickFunction(_Parent.java:30)
	at pages.DialogContent.findElementClickFunction(DialogContent.java:133)
	at stepDefinations._01_LoginStepss.userClickOnTheElementInTheDialogContentClass(_01_LoginStepss.java:47)
	at ✽.And User click on the element in the dialog content class(_03.10.1.SalaryTypes.feature:29)
</textarea></div>
			
		</li>
		<li test-id='17' class='node then skip' status='skip'>
			
			<b>Then</b>
			
			<span class="bdd-step-name">Then User should see "successfully" message</span>
				<div class='pre'>skipped</div>
			
		</li>
		<li test-id='18' class='node and skip' status='skip'>
			
			<b>And</b>
			
			<span class="bdd-step-name">And User sending the key in the dialog content class</span>
				<div class='pre'><table><tr><td>searchName</td><td>EnglandNewSalaryType</td></tr></table></div>
				<div class='pre'>skipped</div>
			
		</li>
		<li test-id='19' class='node and skip' status='skip'>
			
			<b>And</b>
			
			<span class="bdd-step-name">And User click on the element in the dialog content class</span>
				<div class='pre'><table><tr><td>search</td></tr></table></div>
				<div class='pre'>skipped</div>
			
		</li>
		<li test-id='20' class='node then skip' status='skip'>
			
			<b>Then</b>
			
			<span class="bdd-step-name">Then User edit "EnglandNewSalaryType"</span>
				<div class='pre'>undefined</div>
			
		</li>
		<li test-id='21' class='node and skip' status='skip'>
			
			<b>And</b>
			
			<span class="bdd-step-name">And User sending the key in the dialog content class</span>
				<div class='pre'><table><tr><td>name</td><td>editedNewSalaryType</td></tr></table></div>
				<div class='pre'>skipped</div>
			
		</li>
		<li test-id='22' class='node and skip' status='skip'>
			
			<b>And</b>
			
			<span class="bdd-step-name">And User click on the element in the dialog content class</span>
				<div class='pre'><table><tr><td>saveButton</td></tr></table></div>
				<div class='pre'>skipped</div>
			
		</li>
		<li test-id='23' class='node then skip' status='skip'>
			
			<b>Then</b>
			
			<span class="bdd-step-name">Then User should see "successfully" message</span>
				<div class='pre'>skipped</div>
			
		</li>
		<li test-id='24' class='node and skip' status='skip'>
			
			<b>And</b>
			
			<span class="bdd-step-name">And User sending the key in the dialog content class</span>
				<div class='pre'><table><tr><td>searchName</td><td>editedNewSalaryType</td></tr></table></div>
				<div class='pre'>skipped</div>
			
		</li>
		<li test-id='25' class='node and skip' status='skip'>
			
			<b>And</b>
			
			<span class="bdd-step-name">And User click on the element in the dialog content class</span>
				<div class='pre'><table><tr><td>search</td></tr></table></div>
				<div class='pre'>skipped</div>
			
		</li>
		<li test-id='26' class='node when skip' status='skip'>
			
			<b>When</b>
			
			<span class="bdd-step-name">When User delete "editedNewSalaryType"</span>
				<div class='pre'>skipped</div>
			
		</li>
		<li test-id='27' class='node then skip' status='skip'>
			
			<b>Then</b>
			
			<span class="bdd-step-name">Then User should see "successfully" message</span>
				<div class='pre'>skipped</div>
			
		</li>
	</ul>
</div>
					</div>
				</li>
				
				
				<li class='test displayed active has-leaf fail' status='fail' bdd='true' test-id='28'>
					<div class='test-heading'>
						<span class='test-name'>Create Edit and Delete Functionality for Human Resources</span>
						<span class='test-time'>Dec 6, 2020 12:37:11 PM</span>
						<span class='test-status right fail'>fail</span>
					</div>
					<div class='test-content hide'>
<div class='scenario node' test-id='29' status='fail'>
	<span class='duration right label'>0h 0m 31s+683ms</span>
	<div class='desc'>
		<b>Scenario</b>
		<span class="desc-text">Create , Edit and Delete Salary Modifiers</span>
	</div>
	<ul class='steps'>
		<li test-id='30' class='node given pass' status='pass'>
			
			<b>Given</b>
			
			<span class="bdd-step-name">Given Navigate to basqar</span>
				<div class='pre'>passed</div>
			
		</li>
		<li test-id='31' class='node when pass' status='pass'>
			
			<b>When</b>
			
			<span class="bdd-step-name">When User sending the key in the dialog content class</span>
				<div class='pre'><table><tr><td>username</td><td>daulet2030@gmail.com</td></tr><tr><td>password</td><td>TechnoStudy123@</td></tr></table></div>
				<div class='pre'>passed</div>
			
		</li>
		<li test-id='32' class='node and pass' status='pass'>
			
			<b>And</b>
			
			<span class="bdd-step-name">And User click on the element in the dialog content class</span>
				<div class='pre'><table><tr><td>loginButton</td></tr><tr><td>gotItButton</td></tr></table></div>
				<div class='pre'>passed</div>
			
		</li>
		<li test-id='33' class='node then pass' status='pass'>
			
			<b>Then</b>
			
			<span class="bdd-step-name">Then user should login successfully</span>
				<div class='pre'>passed</div>
			
		</li>
		<li test-id='34' class='node when pass' status='pass'>
			
			<b>When</b>
			
			<span class="bdd-step-name">When User click on the element in the leftNav class</span>
				<div class='pre'><table><tr><td>humanResources</td></tr><tr><td>setupHR</td></tr><tr><td>salaryModifiers</td></tr></table></div>
				<div class='pre'>passed</div>
			
		</li>
		<li test-id='35' class='node and pass' status='pass'>
			
			<b>And</b>
			
			<span class="bdd-step-name">And User click on the element in the dialog content class</span>
				<div class='pre'><table><tr><td>addButton</td></tr></table></div>
				<div class='pre'>passed</div>
			
		</li>
		<li test-id='36' class='node and pass' status='pass'>
			
			<b>And</b>
			
			<span class="bdd-step-name">And User sending the key in the dialog content class</span>
				<div class='pre'><table><tr><td>description</td><td>CocukYardimi</td></tr><tr><td>variable</td><td>odenek</td></tr><tr><td>priority</td><td>33</td></tr><tr><td>amount</td><td>100</td></tr></table></div>
				<div class='pre'>passed</div>
			
		</li>
		<li test-id='37' class='node and fail' status='fail'>
			
			<b>And</b>
			
			<span class="bdd-step-name">And User click on the element in the dialog content class</span>
				<div class='pre'><table><tr><td>saveButton</td></tr></table></div>
				<div class='pre'><pre>org.openqa.selenium.TimeoutException: Expected condition failed: waiting for element to be clickable: Proxy element for: DefaultElementLocator 'By.xpath: //ms-add-button[contains(@tooltip,'.ADD')]//button' (tried for 10 second(s) with 500 milliseconds interval)
	at org.openqa.selenium.support.ui.WebDriverWait.timeoutException(WebDriverWait.java:95)
	at org.openqa.selenium.support.ui.FluentWait.until(FluentWait.java:272)
	at pages._Parent.waitUntilClickable(_Parent.java:43)
	at pages._Parent.clickFunction(_Parent.java:28)
	at pages.DialogContent.findElementClickFunction(DialogContent.java:133)
	at stepDefinations._01_LoginStepss.userClickOnTheElementInTheDialogContentClass(_01_LoginStepss.java:47)
	at ✽.And User click on the element in the dialog content class(_03.10.2.SalaryModifiers.feature:32)
Caused by: org.openqa.selenium.NoSuchElementException: no such element: Unable to locate element: {"method":"xpath","selector":"//ms-add-button[contains(@tooltip,'.ADD')]//button"}
  (Session info: chrome=86.0.4240.198)
For documentation on this error, please visit: https://www.seleniumhq.org/exceptions/no_such_element.html
Build info: version: '3.141.59', revision: 'e82be7d358', time: '2018-11-14T08:17:03'
System info: host: 'DESKTOP-2C108AM', ip: '192.168.0.12', os.name: 'Windows 10', os.arch: 'amd64', os.version: '10.0', java.version: '14.0.2'
Driver info: org.openqa.selenium.chrome.ChromeDriver
Capabilities {acceptInsecureCerts: false, browserName: chrome, browserVersion: 86.0.4240.198, chrome: {chromedriverVersion: 86.0.4240.22 (398b0743353ff..., userDataDir: C:\Users\keski\AppData\Loca...}, goog:chromeOptions: {debuggerAddress: localhost:53988}, javascriptEnabled: true, networkConnectionEnabled: false, pageLoadStrategy: normal, platform: WINDOWS, platformName: WINDOWS, proxy: Proxy(), setWindowRect: true, strictFileInteractability: false, timeouts: {implicit: 0, pageLoad: 300000, script: 30000}, unhandledPromptBehavior: dismiss and notify, webauthn:virtualAuthenticators: true}
Session ID: d9a42ed182427b480c2c8638f9b38491
*** Element info: {Using=xpath, value=//ms-add-button[contains(@tooltip,'.ADD')]//button}
	at java.base/jdk.internal.reflect.NativeConstructorAccessorImpl.newInstance0(Native Method)
	at java.base/jdk.internal.reflect.NativeConstructorAccessorImpl.newInstance(NativeConstructorAccessorImpl.java:62)
	at java.base/jdk.internal.reflect.DelegatingConstructorAccessorImpl.newInstance(DelegatingConstructorAccessorImpl.java:45)
	at java.base/java.lang.reflect.Constructor.newInstanceWithCaller(Constructor.java:500)
	at java.base/java.lang.reflect.Constructor.newInstance(Constructor.java:481)
	at org.openqa.selenium.remote.http.W3CHttpResponseCodec.createException(W3CHttpResponseCodec.java:187)
	at org.openqa.selenium.remote.http.W3CHttpResponseCodec.decode(W3CHttpResponseCodec.java:122)
	at org.openqa.selenium.remote.http.W3CHttpResponseCodec.decode(W3CHttpResponseCodec.java:49)
	at org.openqa.selenium.remote.HttpCommandExecutor.execute(HttpCommandExecutor.java:158)
	at org.openqa.selenium.remote.service.DriverCommandExecutor.execute(DriverCommandExecutor.java:83)
	at org.openqa.selenium.remote.RemoteWebDriver.execute(RemoteWebDriver.java:552)
	at org.openqa.selenium.remote.RemoteWebDriver.findElement(RemoteWebDriver.java:323)
	at org.openqa.selenium.remote.RemoteWebDriver.findElementByXPath(RemoteWebDriver.java:428)
	at org.openqa.selenium.By$ByXPath.findElement(By.java:353)
	at org.openqa.selenium.remote.RemoteWebDriver.findElement(RemoteWebDriver.java:315)
	at org.openqa.selenium.support.pagefactory.DefaultElementLocator.findElement(DefaultElementLocator.java:69)
	at org.openqa.selenium.support.pagefactory.internal.LocatingElementHandler.invoke(LocatingElementHandler.java:38)
	at com.sun.proxy.$Proxy22.isDisplayed(Unknown Source)
	at org.openqa.selenium.support.ui.ExpectedConditions.elementIfVisible(ExpectedConditions.java:314)
	at org.openqa.selenium.support.ui.ExpectedConditions.access$000(ExpectedConditions.java:43)
	at org.openqa.selenium.support.ui.ExpectedConditions$10.apply(ExpectedConditions.java:300)
	at org.openqa.selenium.support.ui.ExpectedConditions$10.apply(ExpectedConditions.java:297)
	at org.openqa.selenium.support.ui.ExpectedConditions$23.apply(ExpectedConditions.java:670)
	at org.openqa.selenium.support.ui.ExpectedConditions$23.apply(ExpectedConditions.java:666)
	at org.openqa.selenium.support.ui.FluentWait.until(FluentWait.java:249)
	at pages._Parent.waitUntilClickable(_Parent.java:43)
	at pages._Parent.clickFunction(_Parent.java:28)
	at pages.DialogContent.findElementClickFunction(DialogContent.java:133)
	at stepDefinations._01_LoginStepss.userClickOnTheElementInTheDialogContentClass(_01_LoginStepss.java:47)
	at java.base/jdk.internal.reflect.NativeMethodAccessorImpl.invoke0(Native Method)
	at java.base/jdk.internal.reflect.NativeMethodAccessorImpl.invoke(NativeMethodAccessorImpl.java:62)
	at java.base/jdk.internal.reflect.DelegatingMethodAccessorImpl.invoke(DelegatingMethodAccessorImpl.java:43)
	at java.base/java.lang.reflect.Method.invoke(Method.java:564)
	at cucumber.runtime.Utils$1.call(Utils.java:40)
	at cucumber.runtime.Timeout.timeout(Timeout.java:16)
	at cucumber.runtime.Utils.invoke(Utils.java:34)
	at cucumber.runtime.java.JavaStepDefinition.execute(JavaStepDefinition.java:38)
	at cucumber.runtime.StepDefinitionMatch.runStep(StepDefinitionMatch.java:37)
	at cucumber.runtime.Runtime.runStep(Runtime.java:300)
	at cucumber.runtime.model.StepContainer.runStep(StepContainer.java:44)
	at cucumber.runtime.model.StepContainer.runSteps(StepContainer.java:39)
	at cucumber.runtime.model.CucumberScenario.run(CucumberScenario.java:44)
	at cucumber.runtime.model.CucumberFeature.run(CucumberFeature.java:165)
	at cucumber.api.testng.TestNGCucumberRunner.runCucumber(TestNGCucumberRunner.java:63)
	at cucumber.api.testng.AbstractTestNGCucumberTests.feature(AbstractTestNGCucumberTests.java:21)
	at java.base/jdk.internal.reflect.NativeMethodAccessorImpl.invoke0(Native Method)
	at java.base/jdk.internal.reflect.NativeMethodAccessorImpl.invoke(NativeMethodAccessorImpl.java:62)
	at java.base/jdk.internal.reflect.DelegatingMethodAccessorImpl.invoke(DelegatingMethodAccessorImpl.java:43)
	at java.base/java.lang.reflect.Method.invoke(Method.java:564)
	at org.testng.internal.MethodInvocationHelper.invokeMethod(MethodInvocationHelper.java:134)
	at org.testng.internal.TestInvoker.invokeMethod(TestInvoker.java:597)
	at org.testng.internal.TestInvoker.invokeTestMethod(TestInvoker.java:173)
	at org.testng.internal.MethodRunner.runInSequence(MethodRunner.java:46)
	at org.testng.internal.TestInvoker$MethodInvocationAgent.invoke(TestInvoker.java:816)
	at org.testng.internal.TestInvoker.invokeTestMethods(TestInvoker.java:146)
	at org.testng.internal.TestMethodWorker.invokeTestMethods(TestMethodWorker.java:146)
	at org.testng.internal.TestMethodWorker.run(TestMethodWorker.java:128)
	at java.base/java.util.ArrayList.forEach(ArrayList.java:1511)
	at org.testng.TestRunner.privateRun(TestRunner.java:766)
	at org.testng.TestRunner.run(TestRunner.java:587)
	at org.testng.SuiteRunner.runTest(SuiteRunner.java:384)
	at org.testng.SuiteRunner.runSequentially(SuiteRunner.java:378)
	at org.testng.SuiteRunner.privateRun(SuiteRunner.java:337)
	at org.testng.SuiteRunner.run(SuiteRunner.java:286)
	at org.testng.SuiteRunnerWorker.runSuite(SuiteRunnerWorker.java:53)
	at org.testng.SuiteRunnerWorker.run(SuiteRunnerWorker.java:96)
	at org.testng.TestNG.runSuitesSequentially(TestNG.java:1187)
	at org.testng.TestNG.runSuitesLocally(TestNG.java:1109)
	at org.testng.TestNG.runSuites(TestNG.java:1039)
	at org.testng.TestNG.run(TestNG.java:1007)
	at com.intellij.rt.testng.IDEARemoteTestNG.run(IDEARemoteTestNG.java:66)
	at com.intellij.rt.testng.RemoteTestNGStarter.main(RemoteTestNGStarter.java:109)
</pre></div>
			
		</li>
		<li test-id='38' class='node then skip' status='skip'>
			
			<b>Then</b>
			
			<span class="bdd-step-name">Then User should see "successfully" message</span>
				<div class='pre'>skipped</div>
			
		</li>
		<li test-id='39' class='node when skip' status='skip'>
			
			<b>When</b>
			
			<span class="bdd-step-name">When User click on the element in the leftNav class</span>
				<div class='pre'><table><tr><td>humanResources</td></tr><tr><td>setupHR</td></tr><tr><td>salaryModifiers</td></tr></table></div>
				<div class='pre'>skipped</div>
			
		</li>
		<li test-id='40' class='node and skip' status='skip'>
			
			<b>And</b>
			
			<span class="bdd-step-name">And User sending the key in the dialog content class</span>
				<div class='pre'><table><tr><td>description</td><td>CocukYardimi</td></tr></table></div>
				<div class='pre'>skipped</div>
			
		</li>
		<li test-id='41' class='node and skip' status='skip'>
			
			<b>And</b>
			
			<span class="bdd-step-name">And User click on the element in the dialog content class</span>
				<div class='pre'><table><tr><td>search</td></tr></table></div>
				<div class='pre'>skipped</div>
			
		</li>
		<li test-id='42' class='node then skip' status='skip'>
			
			<b>Then</b>
			
			<span class="bdd-step-name">Then user edit "CocukYardimi"</span>
				<div class='pre'>undefined</div>
			
		</li>
		<li test-id='43' class='node and skip' status='skip'>
			
			<b>And</b>
			
			<span class="bdd-step-name">And User sending the key in the dialog content class</span>
				<div class='pre'><table><tr><td>description</td><td>editedCocukYardimi</td></tr><tr><td>variable</td><td>ecck</td></tr><tr><td>priority</td><td>13</td></tr><tr><td>amount</td><td>300</td></tr></table></div>
				<div class='pre'>skipped</div>
			
		</li>
		<li test-id='44' class='node and skip' status='skip'>
			
			<b>And</b>
			
			<span class="bdd-step-name">And User click on the element in the dialog content class</span>
				<div class='pre'><table><tr><td>saveButton</td></tr></table></div>
				<div class='pre'>skipped</div>
			
		</li>
		<li test-id='45' class='node then skip' status='skip'>
			
			<b>Then</b>
			
			<span class="bdd-step-name">Then User should see "successfully" message</span>
				<div class='pre'>skipped</div>
			
		</li>
		<li test-id='46' class='node when skip' status='skip'>
			
			<b>When</b>
			
			<span class="bdd-step-name">When User click on the element in the leftNav class</span>
				<div class='pre'><table><tr><td>humanResources</td></tr><tr><td>setupHR</td></tr><tr><td>salaryModifiers</td></tr></table></div>
				<div class='pre'>skipped</div>
			
		</li>
		<li test-id='47' class='node and skip' status='skip'>
			
			<b>And</b>
			
			<span class="bdd-step-name">And User sending the key in the dialog content class</span>
				<div class='pre'><table><tr><td>description</td><td>editedCocukYardimi</td></tr></table></div>
				<div class='pre'>skipped</div>
			
		</li>
		<li test-id='48' class='node and skip' status='skip'>
			
			<b>And</b>
			
			<span class="bdd-step-name">And User click on the element in the dialog content class</span>
				<div class='pre'><table><tr><td>search</td></tr></table></div>
				<div class='pre'>skipped</div>
			
		</li>
		<li test-id='49' class='node when skip' status='skip'>
			
			<b>When</b>
			
			<span class="bdd-step-name">When User delete "editedCocukYardimi"</span>
				<div class='pre'>skipped</div>
			
		</li>
		<li test-id='50' class='node then skip' status='skip'>
			
			<b>Then</b>
			
			<span class="bdd-step-name">Then User should see "successfully" message</span>
				<div class='pre'>skipped</div>
			
		</li>
	</ul>
</div>
					</div>
				</li>
				
				
				<li class='test displayed active has-leaf fail' status='fail' bdd='true' test-id='51'>
					<div class='test-heading'>
						<span class='test-name'>Create Edit and Delete Functionality for Human Resources</span>
						<span class='test-time'>Dec 6, 2020 12:37:49 PM</span>
						<span class='test-status right fail'>fail</span>
					</div>
					<div class='test-content hide'>
<div class='scenario node' test-id='52' status='fail'>
	<span class='duration right label'>0h 0m 12s+674ms</span>
	<div class='desc'>
		<b>Scenario</b>
		<span class="desc-text">Create , Edit and Delete Salary Constants</span>
	</div>
	<ul class='steps'>
		<li test-id='53' class='node given pass' status='pass'>
			
			<b>Given</b>
			
			<span class="bdd-step-name">Given Navigate to basqar</span>
				<div class='pre'>passed</div>
			
		</li>
		<li test-id='54' class='node when pass' status='pass'>
			
			<b>When</b>
			
			<span class="bdd-step-name">When User sending the key in the dialog content class</span>
				<div class='pre'><table><tr><td>username</td><td>daulet2030@gmail.com</td></tr><tr><td>password</td><td>TechnoStudy123@</td></tr></table></div>
				<div class='pre'>passed</div>
			
		</li>
		<li test-id='55' class='node and pass' status='pass'>
			
			<b>And</b>
			
			<span class="bdd-step-name">And User click on the element in the dialog content class</span>
				<div class='pre'><table><tr><td>loginButton</td></tr><tr><td>gotItButton</td></tr></table></div>
				<div class='pre'>passed</div>
			
		</li>
		<li test-id='56' class='node then pass' status='pass'>
			
			<b>Then</b>
			
			<span class="bdd-step-name">Then user should login successfully</span>
				<div class='pre'>passed</div>
			
		</li>
		<li test-id='57' class='node when pass' status='pass'>
			
			<b>When</b>
			
			<span class="bdd-step-name">When User click on the element in the leftNav class</span>
				<div class='pre'><table><tr><td>humanResources</td></tr><tr><td>setupHR</td></tr><tr><td>salaryConstants</td></tr></table></div>
				<div class='pre'>passed</div>
			
		</li>
		<li test-id='58' class='node and pass' status='pass'>
			
			<b>And</b>
			
			<span class="bdd-step-name">And User click on the element in the dialog content class</span>
				<div class='pre'><table><tr><td>addButton</td></tr><tr><td>validFrom</td></tr></table></div>
				<div class='pre'>passed</div>
			
		</li>
		<li test-id='59' class='node and pass' status='pass'>
			
			<b>And</b>
			
			<span class="bdd-step-name">And User sending the key in the dialog content class</span>
				<div class='pre'><table><tr><td>validFrom</td><td>12/11/2018</td></tr></table></div>
				<div class='pre'>passed</div>
			
		</li>
		<li test-id='60' class='node and pass' status='pass'>
			
			<b>And</b>
			
			<span class="bdd-step-name">And User click on the element in the dialog content class</span>
				<div class='pre'><table><tr><td>closeDate</td></tr></table></div>
				<div class='pre'>passed</div>
			
		</li>
		<li test-id='61' class='node and pass' status='pass'>
			
			<b>And</b>
			
			<span class="bdd-step-name">And User sending the key in the dialog content class</span>
				<div class='pre'><table><tr><td>nameConstants</td><td>isim</td></tr><tr><td>key</td><td>a12</td></tr><tr><td>valueConstants</td><td>100</td></tr></table></div>
				<div class='pre'>passed</div>
			
		</li>
		<li test-id='62' class='node and fail' status='fail'>
			
			<b>And</b>
			
			<span class="bdd-step-name">And User click on the element in the dialog content class</span>
				<div class='pre'><table><tr><td>saveButton</td></tr></table></div>
				<div class='pre'><textarea>org.openqa.selenium.ElementClickInterceptedException: element click intercepted: Element <button mat-button="" mat-icon-button="" matbadgeoverlap="false" matbadgesize="small" matbadgeposition="below" matbadgecolor="accent" class="mat-focus-indicator mat-tooltip-trigger mat-badge mat-button mat-icon-button mat-button-base mat-badge-accent mat-badge-below mat-badge-after mat-badge-small mat-badge-hidden ng-star-inserted" aria-describedby="cdk-describedby-message-14" cdk-describedby-host="">...</button> is not clickable at point (1236, 185). Other element would receive the click: <div class="cdk-overlay-backdrop cdk-overlay-dark-backdrop cdk-overlay-backdrop-showing"></div>
  (Session info: chrome=86.0.4240.198)
Build info: version: '3.141.59', revision: 'e82be7d358', time: '2018-11-14T08:17:03'
System info: host: 'DESKTOP-2C108AM', ip: '192.168.0.12', os.name: 'Windows 10', os.arch: 'amd64', os.version: '10.0', java.version: '14.0.2'
Driver info: org.openqa.selenium.chrome.ChromeDriver
Capabilities {acceptInsecureCerts: false, browserName: chrome, browserVersion: 86.0.4240.198, chrome: {chromedriverVersion: 86.0.4240.22 (398b0743353ff..., userDataDir: C:\Users\keski\AppData\Loca...}, goog:chromeOptions: {debuggerAddress: localhost:54014}, javascriptEnabled: true, networkConnectionEnabled: false, pageLoadStrategy: normal, platform: WINDOWS, platformName: WINDOWS, proxy: Proxy(), setWindowRect: true, strictFileInteractability: false, timeouts: {implicit: 0, pageLoad: 300000, script: 30000}, unhandledPromptBehavior: dismiss and notify, webauthn:virtualAuthenticators: true}
Session ID: bd8c4935003b32157e3fb0f391419de8
	at java.base/jdk.internal.reflect.NativeConstructorAccessorImpl.newInstance0(Native Method)
	at java.base/jdk.internal.reflect.NativeConstructorAccessorImpl.newInstance(NativeConstructorAccessorImpl.java:62)
	at java.base/jdk.internal.reflect.DelegatingConstructorAccessorImpl.newInstance(DelegatingConstructorAccessorImpl.java:45)
	at java.base/java.lang.reflect.Constructor.newInstanceWithCaller(Constructor.java:500)
	at java.base/java.lang.reflect.Constructor.newInstance(Constructor.java:481)
	at org.openqa.selenium.remote.http.W3CHttpResponseCodec.createException(W3CHttpResponseCodec.java:187)
	at org.openqa.selenium.remote.http.W3CHttpResponseCodec.decode(W3CHttpResponseCodec.java:122)
	at org.openqa.selenium.remote.http.W3CHttpResponseCodec.decode(W3CHttpResponseCodec.java:49)
	at org.openqa.selenium.remote.HttpCommandExecutor.execute(HttpCommandExecutor.java:158)
	at org.openqa.selenium.remote.service.DriverCommandExecutor.execute(DriverCommandExecutor.java:83)
	at org.openqa.selenium.remote.RemoteWebDriver.execute(RemoteWebDriver.java:552)
	at org.openqa.selenium.remote.RemoteWebElement.execute(RemoteWebElement.java:285)
	at org.openqa.selenium.remote.RemoteWebElement.click(RemoteWebElement.java:84)
	at jdk.internal.reflect.GeneratedMethodAccessor6.invoke(Unknown Source)
	at java.base/jdk.internal.reflect.DelegatingMethodAccessorImpl.invoke(DelegatingMethodAccessorImpl.java:43)
	at java.base/java.lang.reflect.Method.invoke(Method.java:564)
	at org.openqa.selenium.support.pagefactory.internal.LocatingElementHandler.invoke(LocatingElementHandler.java:51)
	at com.sun.proxy.$Proxy22.click(Unknown Source)
	at pages._Parent.clickFunction(_Parent.java:30)
	at pages.DialogContent.findElementClickFunction(DialogContent.java:133)
	at stepDefinations._01_LoginStepss.userClickOnTheElementInTheDialogContentClass(_01_LoginStepss.java:47)
	at ✽.And User click on the element in the dialog content class(_03.10.3.SalaryConstants.feature:38)
</textarea></div>
			
		</li>
		<li test-id='63' class='node then skip' status='skip'>
			
			<b>Then</b>
			
			<span class="bdd-step-name">Then User should see "successfully" message</span>
				<div class='pre'>skipped</div>
			
		</li>
		<li test-id='64' class='node and skip' status='skip'>
			
			<b>And</b>
			
			<span class="bdd-step-name">And User sending the key in the dialog content class</span>
				<div class='pre'><table><tr><td>searchName</td><td>isim</td></tr></table></div>
				<div class='pre'>skipped</div>
			
		</li>
		<li test-id='65' class='node and skip' status='skip'>
			
			<b>And</b>
			
			<span class="bdd-step-name">And User click on the element in the dialog content class</span>
				<div class='pre'><table><tr><td>search</td></tr></table></div>
				<div class='pre'>skipped</div>
			
		</li>
		<li test-id='66' class='node then skip' status='skip'>
			
			<b>Then</b>
			
			<span class="bdd-step-name">Then user edit "isim"</span>
				<div class='pre'>undefined</div>
			
		</li>
		<li test-id='67' class='node and skip' status='skip'>
			
			<b>And</b>
			
			<span class="bdd-step-name">And User click on the element in the dialog content class</span>
				<div class='pre'><table><tr><td>validFrom</td></tr></table></div>
				<div class='pre'>skipped</div>
			
		</li>
		<li test-id='68' class='node and skip' status='skip'>
			
			<b>And</b>
			
			<span class="bdd-step-name">And User sending the key in the dialog content class</span>
				<div class='pre'><table><tr><td>validFrom</td><td>11/02/2020</td></tr></table></div>
				<div class='pre'>skipped</div>
			
		</li>
		<li test-id='69' class='node and skip' status='skip'>
			
			<b>And</b>
			
			<span class="bdd-step-name">And User click on the element in the dialog content class</span>
				<div class='pre'><table><tr><td>closeDate</td></tr></table></div>
				<div class='pre'>skipped</div>
			
		</li>
		<li test-id='70' class='node and skip' status='skip'>
			
			<b>And</b>
			
			<span class="bdd-step-name">And User sending the key in the dialog content class</span>
				<div class='pre'><table><tr><td>nameConstants</td><td>editedisim</td></tr><tr><td>key</td><td>a13</td></tr><tr><td>valueConstants</td><td>200</td></tr></table></div>
				<div class='pre'>skipped</div>
			
		</li>
		<li test-id='71' class='node and skip' status='skip'>
			
			<b>And</b>
			
			<span class="bdd-step-name">And User click on the element in the dialog content class</span>
				<div class='pre'><table><tr><td>saveButton</td></tr></table></div>
				<div class='pre'>skipped</div>
			
		</li>
		<li test-id='72' class='node then skip' status='skip'>
			
			<b>Then</b>
			
			<span class="bdd-step-name">Then User should see "successfully" message</span>
				<div class='pre'>skipped</div>
			
		</li>
		<li test-id='73' class='node and skip' status='skip'>
			
			<b>And</b>
			
			<span class="bdd-step-name">And User sending the key in the dialog content class</span>
				<div class='pre'><table><tr><td>searchName</td><td>editedisim</td></tr></table></div>
				<div class='pre'>skipped</div>
			
		</li>
		<li test-id='74' class='node and skip' status='skip'>
			
			<b>And</b>
			
			<span class="bdd-step-name">And User click on the element in the dialog content class</span>
				<div class='pre'><table><tr><td>search</td></tr></table></div>
				<div class='pre'>skipped</div>
			
		</li>
		<li test-id='75' class='node when skip' status='skip'>
			
			<b>When</b>
			
			<span class="bdd-step-name">When User delete "editedisim"</span>
				<div class='pre'>skipped</div>
			
		</li>
		<li test-id='76' class='node then skip' status='skip'>
			
			<b>Then</b>
			
			<span class="bdd-step-name">Then User should see "successfully" message</span>
				<div class='pre'>skipped</div>
			
		</li>
	</ul>
</div>
					</div>
				</li>
				
				
				<li class='test displayed active has-leaf fail' status='fail' bdd='true' test-id='77'>
					<div class='test-heading'>
						<span class='test-name'>Create and Delete Functionality for Cost Centers</span>
						<span class='test-time'>Dec 6, 2020 12:38:07 PM</span>
						<span class='test-status right fail'>fail</span>
					</div>
					<div class='test-content hide'>
<div class='scenario node' test-id='78' status='fail'>
	<span class='duration right label'>0h 0m 11s+991ms</span>
	<div class='desc'>
		<b>Scenario</b>
		<span class="desc-text">Create, Edit and Delete Cost Centers</span>
	</div>
	<ul class='steps'>
		<li test-id='79' class='node given pass' status='pass'>
			
			<b>Given</b>
			
			<span class="bdd-step-name">Given Navigate to basqar</span>
				<div class='pre'>passed</div>
			
		</li>
		<li test-id='80' class='node when pass' status='pass'>
			
			<b>When</b>
			
			<span class="bdd-step-name">When User sending the key in the dialog content class</span>
				<div class='pre'><table><tr><td>username</td><td>daulet2030@gmail.com</td></tr><tr><td>password</td><td>TechnoStudy123@</td></tr></table></div>
				<div class='pre'>passed</div>
			
		</li>
		<li test-id='81' class='node and pass' status='pass'>
			
			<b>And</b>
			
			<span class="bdd-step-name">And User click on the element in the dialog content class</span>
				<div class='pre'><table><tr><td>loginButton</td></tr><tr><td>gotItButton</td></tr></table></div>
				<div class='pre'>passed</div>
			
		</li>
		<li test-id='82' class='node then pass' status='pass'>
			
			<b>Then</b>
			
			<span class="bdd-step-name">Then user should login successfully</span>
				<div class='pre'>passed</div>
			
		</li>
		<li test-id='83' class='node when pass' status='pass'>
			
			<b>When</b>
			
			<span class="bdd-step-name">When User click on the element in the leftNav class</span>
				<div class='pre'><table><tr><td>budget</td></tr><tr><td>setupBudget</td></tr><tr><td>costCenters</td></tr></table></div>
				<div class='pre'>passed</div>
			
		</li>
		<li test-id='84' class='node and pass' status='pass'>
			
			<b>And</b>
			
			<span class="bdd-step-name">And User click on the element in the dialog content class</span>
				<div class='pre'><table><tr><td>addButton</td></tr></table></div>
				<div class='pre'>passed</div>
			
		</li>
		<li test-id='85' class='node and pass' status='pass'>
			
			<b>And</b>
			
			<span class="bdd-step-name">And User sending the key in the dialog content class</span>
				<div class='pre'><table><tr><td>name</td><td>CostCentersEngland</td></tr><tr><td>code</td><td>123456</td></tr></table></div>
				<div class='pre'>passed</div>
			
		</li>
		<li test-id='86' class='node and fail' status='fail'>
			
			<b>And</b>
			
			<span class="bdd-step-name">And User click on the element in the dialog content class</span>
				<div class='pre'><table><tr><td>type</td></tr><tr><td>randomSelect</td></tr></table></div>
				<div class='pre'><textarea>org.openqa.selenium.ElementClickInterceptedException: element click intercepted: Element <mat-select role="combobox" aria-autocomplete="none" aria-haspopup="true" formcontrolname="type" required="" class="mat-select ng-tns-c215-54 ng-tns-c149-53 mat-select-required mat-select-empty ng-untouched ng-pristine ng-invalid ng-star-inserted" aria-labelledby="mat-form-field-label-19 mat-select-value-7" id="mat-select-6" tabindex="0" aria-expanded="true" aria-required="true" aria-disabled="false" aria-invalid="false" aria-controls="mat-select-6-panel" aria-activedescendant="mat-option-16">...</mat-select> is not clickable at point (640, 297). Other element would receive the click: <span class="mat-option-text">...</span>
  (Session info: chrome=86.0.4240.198)
Build info: version: '3.141.59', revision: 'e82be7d358', time: '2018-11-14T08:17:03'
System info: host: 'DESKTOP-2C108AM', ip: '192.168.0.12', os.name: 'Windows 10', os.arch: 'amd64', os.version: '10.0', java.version: '14.0.2'
Driver info: org.openqa.selenium.chrome.ChromeDriver
Capabilities {acceptInsecureCerts: false, browserName: chrome, browserVersion: 86.0.4240.198, chrome: {chromedriverVersion: 86.0.4240.22 (398b0743353ff..., userDataDir: C:\Users\keski\AppData\Loca...}, goog:chromeOptions: {debuggerAddress: localhost:54039}, javascriptEnabled: true, networkConnectionEnabled: false, pageLoadStrategy: normal, platform: WINDOWS, platformName: WINDOWS, proxy: Proxy(), setWindowRect: true, strictFileInteractability: false, timeouts: {implicit: 0, pageLoad: 300000, script: 30000}, unhandledPromptBehavior: dismiss and notify, webauthn:virtualAuthenticators: true}
Session ID: d0730638fa7da16590752f3d64feae6c
	at java.base/jdk.internal.reflect.NativeConstructorAccessorImpl.newInstance0(Native Method)
	at java.base/jdk.internal.reflect.NativeConstructorAccessorImpl.newInstance(NativeConstructorAccessorImpl.java:62)
	at java.base/jdk.internal.reflect.DelegatingConstructorAccessorImpl.newInstance(DelegatingConstructorAccessorImpl.java:45)
	at java.base/java.lang.reflect.Constructor.newInstanceWithCaller(Constructor.java:500)
	at java.base/java.lang.reflect.Constructor.newInstance(Constructor.java:481)
	at org.openqa.selenium.remote.http.W3CHttpResponseCodec.createException(W3CHttpResponseCodec.java:187)
	at org.openqa.selenium.remote.http.W3CHttpResponseCodec.decode(W3CHttpResponseCodec.java:122)
	at org.openqa.selenium.remote.http.W3CHttpResponseCodec.decode(W3CHttpResponseCodec.java:49)
	at org.openqa.selenium.remote.HttpCommandExecutor.execute(HttpCommandExecutor.java:158)
	at org.openqa.selenium.remote.service.DriverCommandExecutor.execute(DriverCommandExecutor.java:83)
	at org.openqa.selenium.remote.RemoteWebDriver.execute(RemoteWebDriver.java:552)
	at org.openqa.selenium.remote.RemoteWebElement.execute(RemoteWebElement.java:285)
	at org.openqa.selenium.remote.RemoteWebElement.click(RemoteWebElement.java:84)
	at jdk.internal.reflect.GeneratedMethodAccessor6.invoke(Unknown Source)
	at java.base/jdk.internal.reflect.DelegatingMethodAccessorImpl.invoke(DelegatingMethodAccessorImpl.java:43)
	at java.base/java.lang.reflect.Method.invoke(Method.java:564)
	at org.openqa.selenium.support.pagefactory.internal.LocatingElementHandler.invoke(LocatingElementHandler.java:51)
	at com.sun.proxy.$Proxy22.click(Unknown Source)
	at pages._Parent.clickFunction(_Parent.java:30)
	at pages.DialogContent.findElementClickFunction(DialogContent.java:133)
	at stepDefinations._01_LoginStepss.userClickOnTheElementInTheDialogContentClass(_01_LoginStepss.java:47)
	at ✽.And User click on the element in the dialog content class(_03.12.CostCenters.feature:30)
</textarea></div>
			
		</li>
		<li test-id='87' class='node and skip' status='skip'>
			
			<b>And</b>
			
			<span class="bdd-step-name">And User sending the key in the dialog content class</span>
				<div class='pre'><table><tr><td>orderNo</td><td>333</td></tr></table></div>
				<div class='pre'>skipped</div>
			
		</li>
		<li test-id='88' class='node and skip' status='skip'>
			
			<b>And</b>
			
			<span class="bdd-step-name">And User click on the element in the dialog content class</span>
				<div class='pre'><table><tr><td>expenseAccPrefixes</td></tr><tr><td>randomSelect</td></tr><tr><td>constants</td></tr></table></div>
				<div class='pre'>skipped</div>
			
		</li>
		<li test-id='89' class='node and skip' status='skip'>
			
			<b>And</b>
			
			<span class="bdd-step-name">And User sending the key in the dialog content class</span>
				<div class='pre'><table><tr><td>key</td><td>333</td></tr><tr><td>valueConstants</td><td>England</td></tr></table></div>
				<div class='pre'>skipped</div>
			
		</li>
		<li test-id='90' class='node and skip' status='skip'>
			
			<b>And</b>
			
			<span class="bdd-step-name">And User click on the element in the dialog content class</span>
				<div class='pre'><table><tr><td>addButtonCost</td></tr><tr><td>saveButton</td></tr></table></div>
				<div class='pre'>skipped</div>
			
		</li>
		<li test-id='91' class='node then skip' status='skip'>
			
			<b>Then</b>
			
			<span class="bdd-step-name">Then User should see "successfully" message</span>
				<div class='pre'>skipped</div>
			
		</li>
		<li test-id='92' class='node then skip' status='skip'>
			
			<b>Then</b>
			
			<span class="bdd-step-name">Then user edit "CostCentersEngland"</span>
				<div class='pre'>undefined</div>
			
		</li>
		<li test-id='93' class='node and skip' status='skip'>
			
			<b>And</b>
			
			<span class="bdd-step-name">And User sending the key in the dialog content class</span>
				<div class='pre'><table><tr><td>name</td><td>edit3NewCostCenters</td></tr><tr><td>code</td><td>12345</td></tr></table></div>
				<div class='pre'>skipped</div>
			
		</li>
		<li test-id='94' class='node and skip' status='skip'>
			
			<b>And</b>
			
			<span class="bdd-step-name">And User click on the element in the dialog content class</span>
				<div class='pre'><table><tr><td>type</td></tr><tr><td>randomSelect</td></tr></table></div>
				<div class='pre'>skipped</div>
			
		</li>
		<li test-id='95' class='node and skip' status='skip'>
			
			<b>And</b>
			
			<span class="bdd-step-name">And User click on the element in the dialog content class</span>
				<div class='pre'><table><tr><td>saveButton</td></tr></table></div>
				<div class='pre'>skipped</div>
			
		</li>
		<li test-id='96' class='node then skip' status='skip'>
			
			<b>Then</b>
			
			<span class="bdd-step-name">Then User should see "successfully" message</span>
				<div class='pre'>skipped</div>
			
		</li>
		<li test-id='97' class='node when skip' status='skip'>
			
			<b>When</b>
			
			<span class="bdd-step-name">When User delete "edit3NewCostCenters"</span>
				<div class='pre'>skipped</div>
			
		</li>
		<li test-id='98' class='node then skip' status='skip'>
			
			<b>Then</b>
			
			<span class="bdd-step-name">Then User should see "successfully" message</span>
				<div class='pre'>skipped</div>
			
		</li>
	</ul>
</div>
					</div>
				</li>
				
				
				<li class='test displayed active has-leaf fail' status='fail' bdd='true' test-id='99'>
					<div class='test-heading'>
						<span class='test-name'>Create and Delete Functionality for Countries</span>
						<span class='test-time'>Dec 6, 2020 12:38:25 PM</span>
						<span class='test-status right fail'>fail</span>
					</div>
					<div class='test-content hide'>
<div class='scenario node' test-id='100' status='fail'>
	<div class='category-list'>
		<span class='category label white-text'>@RegressionTest</span>
	</div>
	<span class='duration right label'>0h 0m 48s+798ms</span>
	<div class='desc'>
		<b>Scenario</b>
		<span class="desc-text">Create and Delete Country</span>
	</div>
	<ul class='steps'>
		<li test-id='101' class='node given pass' status='pass'>
			
			<b>Given</b>
			
			<span class="bdd-step-name">Given Navigate to basqar</span>
				<div class='pre'>passed</div>
			
		</li>
		<li test-id='102' class='node when pass' status='pass'>
			
			<b>When</b>
			
			<span class="bdd-step-name">When User sending the key in the dialog content class</span>
				<div class='pre'><table><tr><td>username</td><td>daulet2030@gmail.com</td></tr><tr><td>password</td><td>TechnoStudy123@</td></tr></table></div>
				<div class='pre'>passed</div>
			
		</li>
		<li test-id='103' class='node and pass' status='pass'>
			
			<b>And</b>
			
			<span class="bdd-step-name">And User click on the element in the dialog content class</span>
				<div class='pre'><table><tr><td>loginButton</td></tr><tr><td>gotItButton</td></tr></table></div>
				<div class='pre'>passed</div>
			
		</li>
		<li test-id='104' class='node then pass' status='pass'>
			
			<b>Then</b>
			
			<span class="bdd-step-name">Then user should login successfully</span>
				<div class='pre'>passed</div>
			
		</li>
		<li test-id='105' class='node when fail' status='fail'>
			
			<b>When</b>
			
			<span class="bdd-step-name">When User click on the element in the leftNav class</span>
				<div class='pre'><table><tr><td>setup</td></tr><tr><td>parameters</td></tr><tr><td>countries</td></tr></table></div>
				<div class='pre'><pre>org.openqa.selenium.TimeoutException: Expected condition failed: waiting for element to be clickable: Proxy element for: DefaultElementLocator 'by id or name "myElement"' (tried for 10 second(s) with 500 milliseconds interval)
	at org.openqa.selenium.support.ui.WebDriverWait.timeoutException(WebDriverWait.java:95)
	at org.openqa.selenium.support.ui.FluentWait.until(FluentWait.java:272)
	at pages._Parent.waitUntilClickable(_Parent.java:43)
	at pages._Parent.clickFunction(_Parent.java:28)
	at pages.LeftNav.findElementAndClickFunction(LeftNav.java:78)
	at stepDefinations._02_CountrySteps.userClickOnTheElementInTheLeftNavClass(_02_CountrySteps.java:26)
	at ✽.When User click on the element in the leftNav class(_03.1_Country.feature:19)
Caused by: org.openqa.selenium.NoSuchElementException: no such element: Unable to locate element: {"method":"css selector","selector":"*[name='myElement']"}
  (Session info: chrome=86.0.4240.198)
For documentation on this error, please visit: https://www.seleniumhq.org/exceptions/no_such_element.html
Build info: version: '3.141.59', revision: 'e82be7d358', time: '2018-11-14T08:17:03'
System info: host: 'DESKTOP-2C108AM', ip: '192.168.0.12', os.name: 'Windows 10', os.arch: 'amd64', os.version: '10.0', java.version: '14.0.2'
Driver info: org.openqa.selenium.chrome.ChromeDriver
Capabilities {acceptInsecureCerts: false, browserName: chrome, browserVersion: 86.0.4240.198, chrome: {chromedriverVersion: 86.0.4240.22 (398b0743353ff..., userDataDir: C:\Users\keski\AppData\Loca...}, goog:chromeOptions: {debuggerAddress: localhost:54063}, javascriptEnabled: true, networkConnectionEnabled: false, pageLoadStrategy: normal, platform: WINDOWS, platformName: WINDOWS, proxy: Proxy(), setWindowRect: true, strictFileInteractability: false, timeouts: {implicit: 0, pageLoad: 300000, script: 30000}, unhandledPromptBehavior: dismiss and notify, webauthn:virtualAuthenticators: true}
Session ID: 7fd21d4287cae0f95910e603866d6f97
*** Element info: {Using=name, value=myElement}
	at java.base/jdk.internal.reflect.NativeConstructorAccessorImpl.newInstance0(Native Method)
	at java.base/jdk.internal.reflect.NativeConstructorAccessorImpl.newInstance(NativeConstructorAccessorImpl.java:62)
	at java.base/jdk.internal.reflect.DelegatingConstructorAccessorImpl.newInstance(DelegatingConstructorAccessorImpl.java:45)
	at java.base/java.lang.reflect.Constructor.newInstanceWithCaller(Constructor.java:500)
	at java.base/java.lang.reflect.Constructor.newInstance(Constructor.java:481)
	at org.openqa.selenium.remote.http.W3CHttpResponseCodec.createException(W3CHttpResponseCodec.java:187)
	at org.openqa.selenium.remote.http.W3CHttpResponseCodec.decode(W3CHttpResponseCodec.java:122)
	at org.openqa.selenium.remote.http.W3CHttpResponseCodec.decode(W3CHttpResponseCodec.java:49)
	at org.openqa.selenium.remote.HttpCommandExecutor.execute(HttpCommandExecutor.java:158)
	at org.openqa.selenium.remote.service.DriverCommandExecutor.execute(DriverCommandExecutor.java:83)
	at org.openqa.selenium.remote.RemoteWebDriver.execute(RemoteWebDriver.java:552)
	at org.openqa.selenium.remote.RemoteWebDriver.findElement(RemoteWebDriver.java:323)
	at org.openqa.selenium.remote.RemoteWebDriver.findElementByName(RemoteWebDriver.java:404)
	at org.openqa.selenium.By$ByName.findElement(By.java:284)
	at org.openqa.selenium.support.ByIdOrName.findElement(ByIdOrName.java:50)
	at org.openqa.selenium.remote.RemoteWebDriver.findElement(RemoteWebDriver.java:315)
	at org.openqa.selenium.support.pagefactory.DefaultElementLocator.findElement(DefaultElementLocator.java:69)
	at org.openqa.selenium.support.pagefactory.internal.LocatingElementHandler.invoke(LocatingElementHandler.java:38)
	at com.sun.proxy.$Proxy22.isDisplayed(Unknown Source)
	at org.openqa.selenium.support.ui.ExpectedConditions.elementIfVisible(ExpectedConditions.java:314)
	at org.openqa.selenium.support.ui.ExpectedConditions.access$000(ExpectedConditions.java:43)
	at org.openqa.selenium.support.ui.ExpectedConditions$10.apply(ExpectedConditions.java:300)
	at org.openqa.selenium.support.ui.ExpectedConditions$10.apply(ExpectedConditions.java:297)
	at org.openqa.selenium.support.ui.ExpectedConditions$23.apply(ExpectedConditions.java:670)
	at org.openqa.selenium.support.ui.ExpectedConditions$23.apply(ExpectedConditions.java:666)
	at org.openqa.selenium.support.ui.FluentWait.until(FluentWait.java:249)
	at pages._Parent.waitUntilClickable(_Parent.java:43)
	at pages._Parent.clickFunction(_Parent.java:28)
	at pages.LeftNav.findElementAndClickFunction(LeftNav.java:78)
	at stepDefinations._02_CountrySteps.userClickOnTheElementInTheLeftNavClass(_02_CountrySteps.java:26)
	at java.base/jdk.internal.reflect.NativeMethodAccessorImpl.invoke0(Native Method)
	at java.base/jdk.internal.reflect.NativeMethodAccessorImpl.invoke(NativeMethodAccessorImpl.java:62)
	at java.base/jdk.internal.reflect.DelegatingMethodAccessorImpl.invoke(DelegatingMethodAccessorImpl.java:43)
	at java.base/java.lang.reflect.Method.invoke(Method.java:564)
	at cucumber.runtime.Utils$1.call(Utils.java:40)
	at cucumber.runtime.Timeout.timeout(Timeout.java:16)
	at cucumber.runtime.Utils.invoke(Utils.java:34)
	at cucumber.runtime.java.JavaStepDefinition.execute(JavaStepDefinition.java:38)
	at cucumber.runtime.StepDefinitionMatch.runStep(StepDefinitionMatch.java:37)
	at cucumber.runtime.Runtime.runStep(Runtime.java:300)
	at cucumber.runtime.model.StepContainer.runStep(StepContainer.java:44)
	at cucumber.runtime.model.StepContainer.runSteps(StepContainer.java:39)
	at cucumber.runtime.model.CucumberScenario.run(CucumberScenario.java:44)
	at cucumber.runtime.model.CucumberFeature.run(CucumberFeature.java:165)
	at cucumber.api.testng.TestNGCucumberRunner.runCucumber(TestNGCucumberRunner.java:63)
	at cucumber.api.testng.AbstractTestNGCucumberTests.feature(AbstractTestNGCucumberTests.java:21)
	at java.base/jdk.internal.reflect.NativeMethodAccessorImpl.invoke0(Native Method)
	at java.base/jdk.internal.reflect.NativeMethodAccessorImpl.invoke(NativeMethodAccessorImpl.java:62)
	at java.base/jdk.internal.reflect.DelegatingMethodAccessorImpl.invoke(DelegatingMethodAccessorImpl.java:43)
	at java.base/java.lang.reflect.Method.invoke(Method.java:564)
	at org.testng.internal.MethodInvocationHelper.invokeMethod(MethodInvocationHelper.java:134)
	at org.testng.internal.TestInvoker.invokeMethod(TestInvoker.java:597)
	at org.testng.internal.TestInvoker.invokeTestMethod(TestInvoker.java:173)
	at org.testng.internal.MethodRunner.runInSequence(MethodRunner.java:46)
	at org.testng.internal.TestInvoker$MethodInvocationAgent.invoke(TestInvoker.java:816)
	at org.testng.internal.TestInvoker.invokeTestMethods(TestInvoker.java:146)
	at org.testng.internal.TestMethodWorker.invokeTestMethods(TestMethodWorker.java:146)
	at org.testng.internal.TestMethodWorker.run(TestMethodWorker.java:128)
	at java.base/java.util.ArrayList.forEach(ArrayList.java:1511)
	at org.testng.TestRunner.privateRun(TestRunner.java:766)
	at org.testng.TestRunner.run(TestRunner.java:587)
	at org.testng.SuiteRunner.runTest(SuiteRunner.java:384)
	at org.testng.SuiteRunner.runSequentially(SuiteRunner.java:378)
	at org.testng.SuiteRunner.privateRun(SuiteRunner.java:337)
	at org.testng.SuiteRunner.run(SuiteRunner.java:286)
	at org.testng.SuiteRunnerWorker.runSuite(SuiteRunnerWorker.java:53)
	at org.testng.SuiteRunnerWorker.run(SuiteRunnerWorker.java:96)
	at org.testng.TestNG.runSuitesSequentially(TestNG.java:1187)
	at org.testng.TestNG.runSuitesLocally(TestNG.java:1109)
	at org.testng.TestNG.runSuites(TestNG.java:1039)
	at org.testng.TestNG.run(TestNG.java:1007)
	at com.intellij.rt.testng.IDEARemoteTestNG.run(IDEARemoteTestNG.java:66)
	at com.intellij.rt.testng.RemoteTestNGStarter.main(RemoteTestNGStarter.java:109)
</pre></div>
			
		</li>
		<li test-id='106' class='node and skip' status='skip'>
			
			<b>And</b>
			
			<span class="bdd-step-name">And User click on the element in the dialog content class</span>
				<div class='pre'><table><tr><td>addButton</td></tr></table></div>
				<div class='pre'>skipped</div>
			
		</li>
		<li test-id='107' class='node and skip' status='skip'>
			
			<b>And</b>
			
			<span class="bdd-step-name">And User sending the key in the dialog content class</span>
				<div class='pre'><table><tr><td>name</td><td>England</td></tr><tr><td>code</td><td>123</td></tr></table></div>
				<div class='pre'>skipped</div>
			
		</li>
		<li test-id='108' class='node and skip' status='skip'>
			
			<b>And</b>
			
			<span class="bdd-step-name">And User click on the element in the dialog content class</span>
				<div class='pre'><table><tr><td>saveButton</td></tr></table></div>
				<div class='pre'>skipped</div>
			
		</li>
		<li test-id='109' class='node then skip' status='skip'>
			
			<b>Then</b>
			
			<span class="bdd-step-name">Then User should see "successfully" message</span>
				<div class='pre'>skipped</div>
			
		</li>
		<li test-id='110' class='node and skip' status='skip'>
			
			<b>And</b>
			
			<span class="bdd-step-name">And User sending the key in the dialog content class</span>
				<div class='pre'><table><tr><td>searchName</td><td>England</td></tr></table></div>
				<div class='pre'>skipped</div>
			
		</li>
		<li test-id='111' class='node and skip' status='skip'>
			
			<b>And</b>
			
			<span class="bdd-step-name">And User click on the element in the dialog content class</span>
				<div class='pre'><table><tr><td>search</td></tr></table></div>
				<div class='pre'>skipped</div>
			
		</li>
		<li test-id='112' class='node when skip' status='skip'>
			
			<b>When</b>
			
			<span class="bdd-step-name">When User delete "England"</span>
				<div class='pre'>skipped</div>
			
		</li>
		<li test-id='113' class='node then skip' status='skip'>
			
			<b>Then</b>
			
			<span class="bdd-step-name">Then User should see "successfully" messageThen User should see "successfully" message</span>
				<div class='pre'>skipped</div>
			
		</li>
	</ul>
</div>
					</div>
				</li>
				
				
				<li class='test displayed active has-leaf fail' status='fail' bdd='true' test-id='114'>
					<div class='test-heading'>
						<span class='test-name'>Creat and Delete Functionality for Cities</span>
						<span class='test-time'>Dec 6, 2020 12:39:19 PM</span>
						<span class='test-status right fail'>fail</span>
					</div>
					<div class='test-content hide'>
<div class='scenario node' test-id='115' status='fail'>
	<span class='duration right label'>0h 0m 48s+907ms</span>
	<div class='desc'>
		<b>Scenario</b>
		<span class="desc-text">Creat and Delete City</span>
	</div>
	<ul class='steps'>
		<li test-id='116' class='node given pass' status='pass'>
			
			<b>Given</b>
			
			<span class="bdd-step-name">Given Navigate to basqar</span>
				<div class='pre'>passed</div>
			
		</li>
		<li test-id='117' class='node when pass' status='pass'>
			
			<b>When</b>
			
			<span class="bdd-step-name">When User sending the key in the dialog content class</span>
				<div class='pre'><table><tr><td>username</td><td>daulet2030@gmail.com</td></tr><tr><td>password</td><td>TechnoStudy123@</td></tr></table></div>
				<div class='pre'>passed</div>
			
		</li>
		<li test-id='118' class='node and pass' status='pass'>
			
			<b>And</b>
			
			<span class="bdd-step-name">And User click on the element in the dialog content class</span>
				<div class='pre'><table><tr><td>loginButton</td></tr><tr><td>gotItButton</td></tr></table></div>
				<div class='pre'>passed</div>
			
		</li>
		<li test-id='119' class='node then pass' status='pass'>
			
			<b>Then</b>
			
			<span class="bdd-step-name">Then user should login successfully</span>
				<div class='pre'>passed</div>
			
		</li>
		<li test-id='120' class='node when fail' status='fail'>
			
			<b>When</b>
			
			<span class="bdd-step-name">When User click on the element in the leftNav class</span>
				<div class='pre'><table><tr><td>setup</td></tr><tr><td>parameters</td></tr><tr><td>cities</td></tr></table></div>
				<div class='pre'><pre>org.openqa.selenium.TimeoutException: Expected condition failed: waiting for element to be clickable: Proxy element for: DefaultElementLocator 'by id or name "myElement"' (tried for 10 second(s) with 500 milliseconds interval)
	at org.openqa.selenium.support.ui.WebDriverWait.timeoutException(WebDriverWait.java:95)
	at org.openqa.selenium.support.ui.FluentWait.until(FluentWait.java:272)
	at pages._Parent.waitUntilClickable(_Parent.java:43)
	at pages._Parent.clickFunction(_Parent.java:28)
	at pages.LeftNav.findElementAndClickFunction(LeftNav.java:78)
	at stepDefinations._02_CountrySteps.userClickOnTheElementInTheLeftNavClass(_02_CountrySteps.java:26)
	at ✽.When User click on the element in the leftNav class(_03.2_City.feature:18)
Caused by: org.openqa.selenium.NoSuchElementException: no such element: Unable to locate element: {"method":"css selector","selector":"*[name='myElement']"}
  (Session info: chrome=86.0.4240.198)
For documentation on this error, please visit: https://www.seleniumhq.org/exceptions/no_such_element.html
Build info: version: '3.141.59', revision: 'e82be7d358', time: '2018-11-14T08:17:03'
System info: host: 'DESKTOP-2C108AM', ip: '192.168.0.12', os.name: 'Windows 10', os.arch: 'amd64', os.version: '10.0', java.version: '14.0.2'
Driver info: org.openqa.selenium.chrome.ChromeDriver
Capabilities {acceptInsecureCerts: false, browserName: chrome, browserVersion: 86.0.4240.198, chrome: {chromedriverVersion: 86.0.4240.22 (398b0743353ff..., userDataDir: C:\Users\keski\AppData\Loca...}, goog:chromeOptions: {debuggerAddress: localhost:54087}, javascriptEnabled: true, networkConnectionEnabled: false, pageLoadStrategy: normal, platform: WINDOWS, platformName: WINDOWS, proxy: Proxy(), setWindowRect: true, strictFileInteractability: false, timeouts: {implicit: 0, pageLoad: 300000, script: 30000}, unhandledPromptBehavior: dismiss and notify, webauthn:virtualAuthenticators: true}
Session ID: d1ab872a7744f15013f9c4d2aad57008
*** Element info: {Using=name, value=myElement}
	at java.base/jdk.internal.reflect.NativeConstructorAccessorImpl.newInstance0(Native Method)
	at java.base/jdk.internal.reflect.NativeConstructorAccessorImpl.newInstance(NativeConstructorAccessorImpl.java:62)
	at java.base/jdk.internal.reflect.DelegatingConstructorAccessorImpl.newInstance(DelegatingConstructorAccessorImpl.java:45)
	at java.base/java.lang.reflect.Constructor.newInstanceWithCaller(Constructor.java:500)
	at java.base/java.lang.reflect.Constructor.newInstance(Constructor.java:481)
	at org.openqa.selenium.remote.http.W3CHttpResponseCodec.createException(W3CHttpResponseCodec.java:187)
	at org.openqa.selenium.remote.http.W3CHttpResponseCodec.decode(W3CHttpResponseCodec.java:122)
	at org.openqa.selenium.remote.http.W3CHttpResponseCodec.decode(W3CHttpResponseCodec.java:49)
	at org.openqa.selenium.remote.HttpCommandExecutor.execute(HttpCommandExecutor.java:158)
	at org.openqa.selenium.remote.service.DriverCommandExecutor.execute(DriverCommandExecutor.java:83)
	at org.openqa.selenium.remote.RemoteWebDriver.execute(RemoteWebDriver.java:552)
	at org.openqa.selenium.remote.RemoteWebDriver.findElement(RemoteWebDriver.java:323)
	at org.openqa.selenium.remote.RemoteWebDriver.findElementByName(RemoteWebDriver.java:404)
	at org.openqa.selenium.By$ByName.findElement(By.java:284)
	at org.openqa.selenium.support.ByIdOrName.findElement(ByIdOrName.java:50)
	at org.openqa.selenium.remote.RemoteWebDriver.findElement(RemoteWebDriver.java:315)
	at org.openqa.selenium.support.pagefactory.DefaultElementLocator.findElement(DefaultElementLocator.java:69)
	at org.openqa.selenium.support.pagefactory.internal.LocatingElementHandler.invoke(LocatingElementHandler.java:38)
	at com.sun.proxy.$Proxy22.isDisplayed(Unknown Source)
	at org.openqa.selenium.support.ui.ExpectedConditions.elementIfVisible(ExpectedConditions.java:314)
	at org.openqa.selenium.support.ui.ExpectedConditions.access$000(ExpectedConditions.java:43)
	at org.openqa.selenium.support.ui.ExpectedConditions$10.apply(ExpectedConditions.java:300)
	at org.openqa.selenium.support.ui.ExpectedConditions$10.apply(ExpectedConditions.java:297)
	at org.openqa.selenium.support.ui.ExpectedConditions$23.apply(ExpectedConditions.java:670)
	at org.openqa.selenium.support.ui.ExpectedConditions$23.apply(ExpectedConditions.java:666)
	at org.openqa.selenium.support.ui.FluentWait.until(FluentWait.java:249)
	at pages._Parent.waitUntilClickable(_Parent.java:43)
	at pages._Parent.clickFunction(_Parent.java:28)
	at pages.LeftNav.findElementAndClickFunction(LeftNav.java:78)
	at stepDefinations._02_CountrySteps.userClickOnTheElementInTheLeftNavClass(_02_CountrySteps.java:26)
	at java.base/jdk.internal.reflect.NativeMethodAccessorImpl.invoke0(Native Method)
	at java.base/jdk.internal.reflect.NativeMethodAccessorImpl.invoke(NativeMethodAccessorImpl.java:62)
	at java.base/jdk.internal.reflect.DelegatingMethodAccessorImpl.invoke(DelegatingMethodAccessorImpl.java:43)
	at java.base/java.lang.reflect.Method.invoke(Method.java:564)
	at cucumber.runtime.Utils$1.call(Utils.java:40)
	at cucumber.runtime.Timeout.timeout(Timeout.java:16)
	at cucumber.runtime.Utils.invoke(Utils.java:34)
	at cucumber.runtime.java.JavaStepDefinition.execute(JavaStepDefinition.java:38)
	at cucumber.runtime.StepDefinitionMatch.runStep(StepDefinitionMatch.java:37)
	at cucumber.runtime.Runtime.runStep(Runtime.java:300)
	at cucumber.runtime.model.StepContainer.runStep(StepContainer.java:44)
	at cucumber.runtime.model.StepContainer.runSteps(StepContainer.java:39)
	at cucumber.runtime.model.CucumberScenario.run(CucumberScenario.java:44)
	at cucumber.runtime.model.CucumberFeature.run(CucumberFeature.java:165)
	at cucumber.api.testng.TestNGCucumberRunner.runCucumber(TestNGCucumberRunner.java:63)
	at cucumber.api.testng.AbstractTestNGCucumberTests.feature(AbstractTestNGCucumberTests.java:21)
	at java.base/jdk.internal.reflect.NativeMethodAccessorImpl.invoke0(Native Method)
	at java.base/jdk.internal.reflect.NativeMethodAccessorImpl.invoke(NativeMethodAccessorImpl.java:62)
	at java.base/jdk.internal.reflect.DelegatingMethodAccessorImpl.invoke(DelegatingMethodAccessorImpl.java:43)
	at java.base/java.lang.reflect.Method.invoke(Method.java:564)
	at org.testng.internal.MethodInvocationHelper.invokeMethod(MethodInvocationHelper.java:134)
	at org.testng.internal.TestInvoker.invokeMethod(TestInvoker.java:597)
	at org.testng.internal.TestInvoker.invokeTestMethod(TestInvoker.java:173)
	at org.testng.internal.MethodRunner.runInSequence(MethodRunner.java:46)
	at org.testng.internal.TestInvoker$MethodInvocationAgent.invoke(TestInvoker.java:816)
	at org.testng.internal.TestInvoker.invokeTestMethods(TestInvoker.java:146)
	at org.testng.internal.TestMethodWorker.invokeTestMethods(TestMethodWorker.java:146)
	at org.testng.internal.TestMethodWorker.run(TestMethodWorker.java:128)
	at java.base/java.util.ArrayList.forEach(ArrayList.java:1511)
	at org.testng.TestRunner.privateRun(TestRunner.java:766)
	at org.testng.TestRunner.run(TestRunner.java:587)
	at org.testng.SuiteRunner.runTest(SuiteRunner.java:384)
	at org.testng.SuiteRunner.runSequentially(SuiteRunner.java:378)
	at org.testng.SuiteRunner.privateRun(SuiteRunner.java:337)
	at org.testng.SuiteRunner.run(SuiteRunner.java:286)
	at org.testng.SuiteRunnerWorker.runSuite(SuiteRunnerWorker.java:53)
	at org.testng.SuiteRunnerWorker.run(SuiteRunnerWorker.java:96)
	at org.testng.TestNG.runSuitesSequentially(TestNG.java:1187)
	at org.testng.TestNG.runSuitesLocally(TestNG.java:1109)
	at org.testng.TestNG.runSuites(TestNG.java:1039)
	at org.testng.TestNG.run(TestNG.java:1007)
	at com.intellij.rt.testng.IDEARemoteTestNG.run(IDEARemoteTestNG.java:66)
	at com.intellij.rt.testng.RemoteTestNGStarter.main(RemoteTestNGStarter.java:109)
</pre></div>
			
		</li>
		<li test-id='121' class='node and skip' status='skip'>
			
			<b>And</b>
			
			<span class="bdd-step-name">And User click on the element in the dialog content class</span>
				<div class='pre'><table><tr><td>addButton</td></tr><tr><td>country</td></tr><tr><td>randomSelect</td></tr></table></div>
				<div class='pre'>skipped</div>
			
		</li>
		<li test-id='122' class='node and skip' status='skip'>
			
			<b>And</b>
			
			<span class="bdd-step-name">And User sending the key in the dialog content class</span>
				<div class='pre'><table><tr><td>name</td><td>England</td></tr></table></div>
				<div class='pre'>skipped</div>
			
		</li>
		<li test-id='123' class='node and skip' status='skip'>
			
			<b>And</b>
			
			<span class="bdd-step-name">And User click on the element in the dialog content class</span>
				<div class='pre'><table><tr><td>saveButton</td></tr></table></div>
				<div class='pre'>skipped</div>
			
		</li>
		<li test-id='124' class='node then skip' status='skip'>
			
			<b>Then</b>
			
			<span class="bdd-step-name">Then User should see "successfully" message</span>
				<div class='pre'>skipped</div>
			
		</li>
		<li test-id='125' class='node and skip' status='skip'>
			
			<b>And</b>
			
			<span class="bdd-step-name">And User sending the key in the dialog content class</span>
				<div class='pre'><table><tr><td>searchName</td><td>England</td></tr></table></div>
				<div class='pre'>skipped</div>
			
		</li>
		<li test-id='126' class='node and skip' status='skip'>
			
			<b>And</b>
			
			<span class="bdd-step-name">And User click on the element in the dialog content class</span>
				<div class='pre'><table><tr><td>search</td></tr></table></div>
				<div class='pre'>skipped</div>
			
		</li>
		<li test-id='127' class='node when skip' status='skip'>
			
			<b>When</b>
			
			<span class="bdd-step-name">When User delete "England"</span>
				<div class='pre'>skipped</div>
			
		</li>
		<li test-id='128' class='node then skip' status='skip'>
			
			<b>Then</b>
			
			<span class="bdd-step-name">Then User should see "successfully" message</span>
				<div class='pre'>skipped</div>
			
		</li>
	</ul>
</div>
					</div>
				</li>
				
				
				<li class='test displayed active has-leaf fail' status='fail' bdd='true' test-id='129'>
					<div class='test-heading'>
						<span class='test-name'>Creat and Delete Functionality for Countries and Cities</span>
						<span class='test-time'>Dec 6, 2020 12:40:14 PM</span>
						<span class='test-status right fail'>fail</span>
					</div>
					<div class='test-content hide'>
<div class='scenario node' test-id='130' status='fail'>
	<span class='duration right label'>0h 0m 49s+127ms</span>
	<div class='desc'>
		<b>Scenario</b>
		<span class="desc-text">Creat and Delete Country and City</span>
	</div>
	<ul class='steps'>
		<li test-id='131' class='node given pass' status='pass'>
			
			<b>Given</b>
			
			<span class="bdd-step-name">Given Navigate to basqar</span>
				<div class='pre'>passed</div>
			
		</li>
		<li test-id='132' class='node when pass' status='pass'>
			
			<b>When</b>
			
			<span class="bdd-step-name">When User sending the key in the dialog content class</span>
				<div class='pre'><table><tr><td>username</td><td>daulet2030@gmail.com</td></tr><tr><td>password</td><td>TechnoStudy123@</td></tr></table></div>
				<div class='pre'>passed</div>
			
		</li>
		<li test-id='133' class='node and pass' status='pass'>
			
			<b>And</b>
			
			<span class="bdd-step-name">And User click on the element in the dialog content class</span>
				<div class='pre'><table><tr><td>loginButton</td></tr><tr><td>gotItButton</td></tr></table></div>
				<div class='pre'>passed</div>
			
		</li>
		<li test-id='134' class='node then pass' status='pass'>
			
			<b>Then</b>
			
			<span class="bdd-step-name">Then user should login successfully</span>
				<div class='pre'>passed</div>
			
		</li>
		<li test-id='135' class='node when fail' status='fail'>
			
			<b>When</b>
			
			<span class="bdd-step-name">When User click on the element in the leftNav class</span>
				<div class='pre'><table><tr><td>setup</td></tr><tr><td>parameters</td></tr><tr><td>countries</td></tr></table></div>
				<div class='pre'><pre>org.openqa.selenium.TimeoutException: Expected condition failed: waiting for element to be clickable: Proxy element for: DefaultElementLocator 'by id or name "myElement"' (tried for 10 second(s) with 500 milliseconds interval)
	at org.openqa.selenium.support.ui.WebDriverWait.timeoutException(WebDriverWait.java:95)
	at org.openqa.selenium.support.ui.FluentWait.until(FluentWait.java:272)
	at pages._Parent.waitUntilClickable(_Parent.java:43)
	at pages._Parent.clickFunction(_Parent.java:28)
	at pages.LeftNav.findElementAndClickFunction(LeftNav.java:78)
	at stepDefinations._02_CountrySteps.userClickOnTheElementInTheLeftNavClass(_02_CountrySteps.java:26)
	at ✽.When User click on the element in the leftNav class(_03.3-4_CountryEror.feature:18)
Caused by: org.openqa.selenium.NoSuchElementException: no such element: Unable to locate element: {"method":"css selector","selector":"*[name='myElement']"}
  (Session info: chrome=86.0.4240.198)
For documentation on this error, please visit: https://www.seleniumhq.org/exceptions/no_such_element.html
Build info: version: '3.141.59', revision: 'e82be7d358', time: '2018-11-14T08:17:03'
System info: host: 'DESKTOP-2C108AM', ip: '192.168.0.12', os.name: 'Windows 10', os.arch: 'amd64', os.version: '10.0', java.version: '14.0.2'
Driver info: org.openqa.selenium.chrome.ChromeDriver
Capabilities {acceptInsecureCerts: false, browserName: chrome, browserVersion: 86.0.4240.198, chrome: {chromedriverVersion: 86.0.4240.22 (398b0743353ff..., userDataDir: C:\Users\keski\AppData\Loca...}, goog:chromeOptions: {debuggerAddress: localhost:54181}, javascriptEnabled: true, networkConnectionEnabled: false, pageLoadStrategy: normal, platform: WINDOWS, platformName: WINDOWS, proxy: Proxy(), setWindowRect: true, strictFileInteractability: false, timeouts: {implicit: 0, pageLoad: 300000, script: 30000}, unhandledPromptBehavior: dismiss and notify, webauthn:virtualAuthenticators: true}
Session ID: 9634f666f380e1e234f8065a9d7a0c64
*** Element info: {Using=name, value=myElement}
	at java.base/jdk.internal.reflect.NativeConstructorAccessorImpl.newInstance0(Native Method)
	at java.base/jdk.internal.reflect.NativeConstructorAccessorImpl.newInstance(NativeConstructorAccessorImpl.java:62)
	at java.base/jdk.internal.reflect.DelegatingConstructorAccessorImpl.newInstance(DelegatingConstructorAccessorImpl.java:45)
	at java.base/java.lang.reflect.Constructor.newInstanceWithCaller(Constructor.java:500)
	at java.base/java.lang.reflect.Constructor.newInstance(Constructor.java:481)
	at org.openqa.selenium.remote.http.W3CHttpResponseCodec.createException(W3CHttpResponseCodec.java:187)
	at org.openqa.selenium.remote.http.W3CHttpResponseCodec.decode(W3CHttpResponseCodec.java:122)
	at org.openqa.selenium.remote.http.W3CHttpResponseCodec.decode(W3CHttpResponseCodec.java:49)
	at org.openqa.selenium.remote.HttpCommandExecutor.execute(HttpCommandExecutor.java:158)
	at org.openqa.selenium.remote.service.DriverCommandExecutor.execute(DriverCommandExecutor.java:83)
	at org.openqa.selenium.remote.RemoteWebDriver.execute(RemoteWebDriver.java:552)
	at org.openqa.selenium.remote.RemoteWebDriver.findElement(RemoteWebDriver.java:323)
	at org.openqa.selenium.remote.RemoteWebDriver.findElementByName(RemoteWebDriver.java:404)
	at org.openqa.selenium.By$ByName.findElement(By.java:284)
	at org.openqa.selenium.support.ByIdOrName.findElement(ByIdOrName.java:50)
	at org.openqa.selenium.remote.RemoteWebDriver.findElement(RemoteWebDriver.java:315)
	at org.openqa.selenium.support.pagefactory.DefaultElementLocator.findElement(DefaultElementLocator.java:69)
	at org.openqa.selenium.support.pagefactory.internal.LocatingElementHandler.invoke(LocatingElementHandler.java:38)
	at com.sun.proxy.$Proxy22.isDisplayed(Unknown Source)
	at org.openqa.selenium.support.ui.ExpectedConditions.elementIfVisible(ExpectedConditions.java:314)
	at org.openqa.selenium.support.ui.ExpectedConditions.access$000(ExpectedConditions.java:43)
	at org.openqa.selenium.support.ui.ExpectedConditions$10.apply(ExpectedConditions.java:300)
	at org.openqa.selenium.support.ui.ExpectedConditions$10.apply(ExpectedConditions.java:297)
	at org.openqa.selenium.support.ui.ExpectedConditions$23.apply(ExpectedConditions.java:670)
	at org.openqa.selenium.support.ui.ExpectedConditions$23.apply(ExpectedConditions.java:666)
	at org.openqa.selenium.support.ui.FluentWait.until(FluentWait.java:249)
	at pages._Parent.waitUntilClickable(_Parent.java:43)
	at pages._Parent.clickFunction(_Parent.java:28)
	at pages.LeftNav.findElementAndClickFunction(LeftNav.java:78)
	at stepDefinations._02_CountrySteps.userClickOnTheElementInTheLeftNavClass(_02_CountrySteps.java:26)
	at java.base/jdk.internal.reflect.NativeMethodAccessorImpl.invoke0(Native Method)
	at java.base/jdk.internal.reflect.NativeMethodAccessorImpl.invoke(NativeMethodAccessorImpl.java:62)
	at java.base/jdk.internal.reflect.DelegatingMethodAccessorImpl.invoke(DelegatingMethodAccessorImpl.java:43)
	at java.base/java.lang.reflect.Method.invoke(Method.java:564)
	at cucumber.runtime.Utils$1.call(Utils.java:40)
	at cucumber.runtime.Timeout.timeout(Timeout.java:16)
	at cucumber.runtime.Utils.invoke(Utils.java:34)
	at cucumber.runtime.java.JavaStepDefinition.execute(JavaStepDefinition.java:38)
	at cucumber.runtime.StepDefinitionMatch.runStep(StepDefinitionMatch.java:37)
	at cucumber.runtime.Runtime.runStep(Runtime.java:300)
	at cucumber.runtime.model.StepContainer.runStep(StepContainer.java:44)
	at cucumber.runtime.model.StepContainer.runSteps(StepContainer.java:39)
	at cucumber.runtime.model.CucumberScenario.run(CucumberScenario.java:44)
	at cucumber.runtime.model.CucumberFeature.run(CucumberFeature.java:165)
	at cucumber.api.testng.TestNGCucumberRunner.runCucumber(TestNGCucumberRunner.java:63)
	at cucumber.api.testng.AbstractTestNGCucumberTests.feature(AbstractTestNGCucumberTests.java:21)
	at java.base/jdk.internal.reflect.NativeMethodAccessorImpl.invoke0(Native Method)
	at java.base/jdk.internal.reflect.NativeMethodAccessorImpl.invoke(NativeMethodAccessorImpl.java:62)
	at java.base/jdk.internal.reflect.DelegatingMethodAccessorImpl.invoke(DelegatingMethodAccessorImpl.java:43)
	at java.base/java.lang.reflect.Method.invoke(Method.java:564)
	at org.testng.internal.MethodInvocationHelper.invokeMethod(MethodInvocationHelper.java:134)
	at org.testng.internal.TestInvoker.invokeMethod(TestInvoker.java:597)
	at org.testng.internal.TestInvoker.invokeTestMethod(TestInvoker.java:173)
	at org.testng.internal.MethodRunner.runInSequence(MethodRunner.java:46)
	at org.testng.internal.TestInvoker$MethodInvocationAgent.invoke(TestInvoker.java:816)
	at org.testng.internal.TestInvoker.invokeTestMethods(TestInvoker.java:146)
	at org.testng.internal.TestMethodWorker.invokeTestMethods(TestMethodWorker.java:146)
	at org.testng.internal.TestMethodWorker.run(TestMethodWorker.java:128)
	at java.base/java.util.ArrayList.forEach(ArrayList.java:1511)
	at org.testng.TestRunner.privateRun(TestRunner.java:766)
	at org.testng.TestRunner.run(TestRunner.java:587)
	at org.testng.SuiteRunner.runTest(SuiteRunner.java:384)
	at org.testng.SuiteRunner.runSequentially(SuiteRunner.java:378)
	at org.testng.SuiteRunner.privateRun(SuiteRunner.java:337)
	at org.testng.SuiteRunner.run(SuiteRunner.java:286)
	at org.testng.SuiteRunnerWorker.runSuite(SuiteRunnerWorker.java:53)
	at org.testng.SuiteRunnerWorker.run(SuiteRunnerWorker.java:96)
	at org.testng.TestNG.runSuitesSequentially(TestNG.java:1187)
	at org.testng.TestNG.runSuitesLocally(TestNG.java:1109)
	at org.testng.TestNG.runSuites(TestNG.java:1039)
	at org.testng.TestNG.run(TestNG.java:1007)
	at com.intellij.rt.testng.IDEARemoteTestNG.run(IDEARemoteTestNG.java:66)
	at com.intellij.rt.testng.RemoteTestNGStarter.main(RemoteTestNGStarter.java:109)
</pre></div>
			
		</li>
		<li test-id='136' class='node and skip' status='skip'>
			
			<b>And</b>
			
			<span class="bdd-step-name">And User click on the element in the dialog content class</span>
				<div class='pre'><table><tr><td>addButton</td></tr></table></div>
				<div class='pre'>skipped</div>
			
		</li>
		<li test-id='137' class='node and skip' status='skip'>
			
			<b>And</b>
			
			<span class="bdd-step-name">And User sending the key in the dialog content class</span>
				<div class='pre'><table><tr><td>name</td><td>England</td></tr><tr><td>code</td><td>123</td></tr></table></div>
				<div class='pre'>skipped</div>
			
		</li>
		<li test-id='138' class='node and skip' status='skip'>
			
			<b>And</b>
			
			<span class="bdd-step-name">And User click on the element in the dialog content class</span>
				<div class='pre'><table><tr><td>saveButton</td></tr></table></div>
				<div class='pre'>skipped</div>
			
		</li>
		<li test-id='139' class='node then skip' status='skip'>
			
			<b>Then</b>
			
			<span class="bdd-step-name">Then User should see "successfully" message</span>
				<div class='pre'>skipped</div>
			
		</li>
		<li test-id='140' class='node when skip' status='skip'>
			
			<b>When</b>
			
			<span class="bdd-step-name">When User click on the element in the leftNav class</span>
				<div class='pre'><table><tr><td>cities</td></tr></table></div>
				<div class='pre'>skipped</div>
			
		</li>
		<li test-id='141' class='node and skip' status='skip'>
			
			<b>And</b>
			
			<span class="bdd-step-name">And User click on the element in the dialog content class</span>
				<div class='pre'><table><tr><td>addButton</td></tr><tr><td>country</td></tr><tr><td>England</td></tr></table></div>
				<div class='pre'>skipped</div>
			
		</li>
		<li test-id='142' class='node and skip' status='skip'>
			
			<b>And</b>
			
			<span class="bdd-step-name">And User sending the key in the dialog content class</span>
				<div class='pre'><table><tr><td>name</td><td>England</td></tr></table></div>
				<div class='pre'>skipped</div>
			
		</li>
		<li test-id='143' class='node and skip' status='skip'>
			
			<b>And</b>
			
			<span class="bdd-step-name">And User click on the element in the dialog content class</span>
				<div class='pre'><table><tr><td>saveButton</td></tr></table></div>
				<div class='pre'>skipped</div>
			
		</li>
		<li test-id='144' class='node then skip' status='skip'>
			
			<b>Then</b>
			
			<span class="bdd-step-name">Then User should see "successfully" message</span>
				<div class='pre'>skipped</div>
			
		</li>
		<li test-id='145' class='node when skip' status='skip'>
			
			<b>When</b>
			
			<span class="bdd-step-name">When User click on the element in the leftNav class</span>
				<div class='pre'><table><tr><td>countries</td></tr></table></div>
				<div class='pre'>skipped</div>
			
		</li>
		<li test-id='146' class='node and skip' status='skip'>
			
			<b>And</b>
			
			<span class="bdd-step-name">And User sending the key in the dialog content class</span>
				<div class='pre'><table><tr><td>searchName</td><td>England</td></tr></table></div>
				<div class='pre'>skipped</div>
			
		</li>
		<li test-id='147' class='node and skip' status='skip'>
			
			<b>And</b>
			
			<span class="bdd-step-name">And User click on the element in the dialog content class</span>
				<div class='pre'><table><tr><td>search</td></tr></table></div>
				<div class='pre'>skipped</div>
			
		</li>
		<li test-id='148' class='node when skip' status='skip'>
			
			<b>When</b>
			
			<span class="bdd-step-name">When User delete "England "</span>
				<div class='pre'>skipped</div>
			
		</li>
		<li test-id='149' class='node then skip' status='skip'>
			
			<b>Then</b>
			
			<span class="bdd-step-name">Then User should see "error" message</span>
				<div class='pre'>skipped</div>
			
		</li>
		<li test-id='150' class='node then skip' status='skip'>
			
			<b>Then</b>
			
			<span class="bdd-step-name">Then User click on the element in the leftNav class</span>
				<div class='pre'><table><tr><td>cities</td></tr></table></div>
				<div class='pre'>skipped</div>
			
		</li>
		<li test-id='151' class='node and skip' status='skip'>
			
			<b>And</b>
			
			<span class="bdd-step-name">And User sending the key in the dialog content class</span>
				<div class='pre'><table><tr><td>searchName</td><td>England</td></tr></table></div>
				<div class='pre'>skipped</div>
			
		</li>
		<li test-id='152' class='node and skip' status='skip'>
			
			<b>And</b>
			
			<span class="bdd-step-name">And User click on the element in the dialog content class</span>
				<div class='pre'><table><tr><td>search</td></tr></table></div>
				<div class='pre'>skipped</div>
			
		</li>
		<li test-id='153' class='node when skip' status='skip'>
			
			<b>When</b>
			
			<span class="bdd-step-name">When User delete "England "</span>
				<div class='pre'>skipped</div>
			
		</li>
		<li test-id='154' class='node then skip' status='skip'>
			
			<b>Then</b>
			
			<span class="bdd-step-name">Then User should see "successfully" message</span>
				<div class='pre'>skipped</div>
			
		</li>
		<li test-id='155' class='node then skip' status='skip'>
			
			<b>Then</b>
			
			<span class="bdd-step-name">Then User click on the element in the leftNav class</span>
				<div class='pre'><table><tr><td>countries</td></tr></table></div>
				<div class='pre'>skipped</div>
			
		</li>
		<li test-id='156' class='node and skip' status='skip'>
			
			<b>And</b>
			
			<span class="bdd-step-name">And User sending the key in the dialog content class</span>
				<div class='pre'><table><tr><td>searchName</td><td>England</td></tr></table></div>
				<div class='pre'>skipped</div>
			
		</li>
		<li test-id='157' class='node and skip' status='skip'>
			
			<b>And</b>
			
			<span class="bdd-step-name">And User click on the element in the dialog content class</span>
				<div class='pre'><table><tr><td>search</td></tr></table></div>
				<div class='pre'>skipped</div>
			
		</li>
		<li test-id='158' class='node when skip' status='skip'>
			
			<b>When</b>
			
			<span class="bdd-step-name">When User delete "England "</span>
				<div class='pre'>skipped</div>
			
		</li>
		<li test-id='159' class='node then skip' status='skip'>
			
			<b>Then</b>
			
			<span class="bdd-step-name">Then User should see "successfully" message</span>
				<div class='pre'>skipped</div>
			
		</li>
	</ul>
</div>
					</div>
				</li>
				
				
				<li class='test displayed active has-leaf fail' status='fail' bdd='true' test-id='160'>
					<div class='test-heading'>
						<span class='test-name'>Create And Delete Subject Categories</span>
						<span class='test-time'>Dec 6, 2020 12:41:09 PM</span>
						<span class='test-status right fail'>fail</span>
					</div>
					<div class='test-content hide'>
<div class='scenario node' test-id='161' status='fail'>
	<span class='duration right label'>0h 0m 12s+21ms</span>
	<div class='desc'>
		<b>Scenario</b>
		<span class="desc-text">Create and Delete Subject Categories</span>
	</div>
	<ul class='steps'>
		<li test-id='162' class='node given pass' status='pass'>
			
			<b>Given</b>
			
			<span class="bdd-step-name">Given Navigate to basqar</span>
				<div class='pre'>passed</div>
			
		</li>
		<li test-id='163' class='node when pass' status='pass'>
			
			<b>When</b>
			
			<span class="bdd-step-name">When User sending the key in the dialog content class</span>
				<div class='pre'><table><tr><td>username</td><td>daulet2030@gmail.com</td></tr><tr><td>password</td><td>TechnoStudy123@</td></tr></table></div>
				<div class='pre'>passed</div>
			
		</li>
		<li test-id='164' class='node and pass' status='pass'>
			
			<b>And</b>
			
			<span class="bdd-step-name">And User click on the element in the dialog content class</span>
				<div class='pre'><table><tr><td>loginButton</td></tr><tr><td>gotItButton</td></tr></table></div>
				<div class='pre'>passed</div>
			
		</li>
		<li test-id='165' class='node then pass' status='pass'>
			
			<b>Then</b>
			
			<span class="bdd-step-name">Then user should login successfully</span>
				<div class='pre'>passed</div>
			
		</li>
		<li test-id='166' class='node when pass' status='pass'>
			
			<b>When</b>
			
			<span class="bdd-step-name">When User click on the element in the leftNav class</span>
				<div class='pre'><table><tr><td>education</td></tr><tr><td>setupEducation</td></tr><tr><td>subjectCategories</td></tr></table></div>
				<div class='pre'>passed</div>
			
		</li>
		<li test-id='167' class='node and pass' status='pass'>
			
			<b>And</b>
			
			<span class="bdd-step-name">And User click on the element in the dialog content class</span>
				<div class='pre'><table><tr><td>addButton</td></tr></table></div>
				<div class='pre'>passed</div>
			
		</li>
		<li test-id='168' class='node and pass' status='pass'>
			
			<b>And</b>
			
			<span class="bdd-step-name">And User sending the key in the dialog content class</span>
				<div class='pre'><table><tr><td>name</td><td>EnglandNewCategories</td></tr><tr><td>code</td><td>abc</td></tr></table></div>
				<div class='pre'>passed</div>
			
		</li>
		<li test-id='169' class='node and fail' status='fail'>
			
			<b>And</b>
			
			<span class="bdd-step-name">And User click on the element in the dialog content class</span>
				<div class='pre'><table><tr><td>saveButton</td></tr></table></div>
				<div class='pre'><textarea>org.openqa.selenium.ElementClickInterceptedException: element click intercepted: Element <button mat-button="" mat-icon-button="" matbadgeoverlap="false" matbadgesize="small" matbadgeposition="below" matbadgecolor="accent" class="mat-focus-indicator mat-tooltip-trigger mat-badge mat-button mat-icon-button mat-button-base mat-badge-accent mat-badge-below mat-badge-after mat-badge-small mat-badge-hidden ng-star-inserted" aria-describedby="cdk-describedby-message-14" cdk-describedby-host="">...</button> is not clickable at point (1236, 88). Other element would receive the click: <div class="cdk-overlay-backdrop cdk-overlay-dark-backdrop cdk-overlay-backdrop-showing"></div>
  (Session info: chrome=86.0.4240.198)
Build info: version: '3.141.59', revision: 'e82be7d358', time: '2018-11-14T08:17:03'
System info: host: 'DESKTOP-2C108AM', ip: '192.168.0.12', os.name: 'Windows 10', os.arch: 'amd64', os.version: '10.0', java.version: '14.0.2'
Driver info: org.openqa.selenium.chrome.ChromeDriver
Capabilities {acceptInsecureCerts: false, browserName: chrome, browserVersion: 86.0.4240.198, chrome: {chromedriverVersion: 86.0.4240.22 (398b0743353ff..., userDataDir: C:\Users\keski\AppData\Loca...}, goog:chromeOptions: {debuggerAddress: localhost:54260}, javascriptEnabled: true, networkConnectionEnabled: false, pageLoadStrategy: normal, platform: WINDOWS, platformName: WINDOWS, proxy: Proxy(), setWindowRect: true, strictFileInteractability: false, timeouts: {implicit: 0, pageLoad: 300000, script: 30000}, unhandledPromptBehavior: dismiss and notify, webauthn:virtualAuthenticators: true}
Session ID: 637a5bd8a6ee26e8b677e90e23bc766f
	at java.base/jdk.internal.reflect.NativeConstructorAccessorImpl.newInstance0(Native Method)
	at java.base/jdk.internal.reflect.NativeConstructorAccessorImpl.newInstance(NativeConstructorAccessorImpl.java:62)
	at java.base/jdk.internal.reflect.DelegatingConstructorAccessorImpl.newInstance(DelegatingConstructorAccessorImpl.java:45)
	at java.base/java.lang.reflect.Constructor.newInstanceWithCaller(Constructor.java:500)
	at java.base/java.lang.reflect.Constructor.newInstance(Constructor.java:481)
	at org.openqa.selenium.remote.http.W3CHttpResponseCodec.createException(W3CHttpResponseCodec.java:187)
	at org.openqa.selenium.remote.http.W3CHttpResponseCodec.decode(W3CHttpResponseCodec.java:122)
	at org.openqa.selenium.remote.http.W3CHttpResponseCodec.decode(W3CHttpResponseCodec.java:49)
	at org.openqa.selenium.remote.HttpCommandExecutor.execute(HttpCommandExecutor.java:158)
	at org.openqa.selenium.remote.service.DriverCommandExecutor.execute(DriverCommandExecutor.java:83)
	at org.openqa.selenium.remote.RemoteWebDriver.execute(RemoteWebDriver.java:552)
	at org.openqa.selenium.remote.RemoteWebElement.execute(RemoteWebElement.java:285)
	at org.openqa.selenium.remote.RemoteWebElement.click(RemoteWebElement.java:84)
	at jdk.internal.reflect.GeneratedMethodAccessor6.invoke(Unknown Source)
	at java.base/jdk.internal.reflect.DelegatingMethodAccessorImpl.invoke(DelegatingMethodAccessorImpl.java:43)
	at java.base/java.lang.reflect.Method.invoke(Method.java:564)
	at org.openqa.selenium.support.pagefactory.internal.LocatingElementHandler.invoke(LocatingElementHandler.java:51)
	at com.sun.proxy.$Proxy22.click(Unknown Source)
	at pages._Parent.clickFunction(_Parent.java:30)
	at pages.DialogContent.findElementClickFunction(DialogContent.java:133)
	at stepDefinations._01_LoginStepss.userClickOnTheElementInTheDialogContentClass(_01_LoginStepss.java:47)
	at ✽.And User click on the element in the dialog content class(_03.5_SubjectCategories.feature:30)
</textarea></div>
			
		</li>
		<li test-id='170' class='node then skip' status='skip'>
			
			<b>Then</b>
			
			<span class="bdd-step-name">Then User should see "successfully" message</span>
				<div class='pre'>skipped</div>
			
		</li>
		<li test-id='171' class='node and skip' status='skip'>
			
			<b>And</b>
			
			<span class="bdd-step-name">And User sending the key in the dialog content class</span>
				<div class='pre'><table><tr><td>searchName</td><td>EnglandNewCategories</td></tr></table></div>
				<div class='pre'>skipped</div>
			
		</li>
		<li test-id='172' class='node and skip' status='skip'>
			
			<b>And</b>
			
			<span class="bdd-step-name">And User click on the element in the dialog content class</span>
				<div class='pre'><table><tr><td>search</td></tr></table></div>
				<div class='pre'>skipped</div>
			
		</li>
		<li test-id='173' class='node when skip' status='skip'>
			
			<b>When</b>
			
			<span class="bdd-step-name">When User delete "EnglandNewCategories"</span>
				<div class='pre'>skipped</div>
			
		</li>
		<li test-id='174' class='node then skip' status='skip'>
			
			<b>Then</b>
			
			<span class="bdd-step-name">Then User should see "successfully" message</span>
				<div class='pre'>skipped</div>
			
		</li>
	</ul>
</div>
					</div>
				</li>
				
				
				<li class='test displayed active has-leaf fail' status='fail' bdd='true' test-id='175'>
					<div class='test-heading'>
						<span class='test-name'>Create And Delete Subjects</span>
						<span class='test-time'>Dec 6, 2020 12:41:27 PM</span>
						<span class='test-status right fail'>fail</span>
					</div>
					<div class='test-content hide'>
<div class='scenario node' test-id='176' status='fail'>
	<span class='duration right label'>0h 0m 13s+53ms</span>
	<div class='desc'>
		<b>Scenario</b>
		<span class="desc-text">Create and Delete Subjects</span>
	</div>
	<ul class='steps'>
		<li test-id='177' class='node given pass' status='pass'>
			
			<b>Given</b>
			
			<span class="bdd-step-name">Given Navigate to basqar</span>
				<div class='pre'>passed</div>
			
		</li>
		<li test-id='178' class='node when pass' status='pass'>
			
			<b>When</b>
			
			<span class="bdd-step-name">When User sending the key in the dialog content class</span>
				<div class='pre'><table><tr><td>username</td><td>daulet2030@gmail.com</td></tr><tr><td>password</td><td>TechnoStudy123@</td></tr></table></div>
				<div class='pre'>passed</div>
			
		</li>
		<li test-id='179' class='node and pass' status='pass'>
			
			<b>And</b>
			
			<span class="bdd-step-name">And User click on the element in the dialog content class</span>
				<div class='pre'><table><tr><td>loginButton</td></tr><tr><td>gotItButton</td></tr></table></div>
				<div class='pre'>passed</div>
			
		</li>
		<li test-id='180' class='node then pass' status='pass'>
			
			<b>Then</b>
			
			<span class="bdd-step-name">Then user should login successfully</span>
				<div class='pre'>passed</div>
			
		</li>
		<li test-id='181' class='node when pass' status='pass'>
			
			<b>When</b>
			
			<span class="bdd-step-name">When User click on the element in the leftNav class</span>
				<div class='pre'><table><tr><td>education</td></tr><tr><td>setupEducation</td></tr><tr><td>subjects</td></tr></table></div>
				<div class='pre'>passed</div>
			
		</li>
		<li test-id='182' class='node and pass' status='pass'>
			
			<b>And</b>
			
			<span class="bdd-step-name">And User click on the element in the dialog content class</span>
				<div class='pre'><table><tr><td>addButton</td></tr></table></div>
				<div class='pre'>passed</div>
			
		</li>
		<li test-id='183' class='node and pass' status='pass'>
			
			<b>And</b>
			
			<span class="bdd-step-name">And User sending the key in the dialog content class</span>
				<div class='pre'><table><tr><td>name</td><td>EnglandSubject</td></tr><tr><td>code</td><td>123</td></tr></table></div>
				<div class='pre'>passed</div>
			
		</li>
		<li test-id='184' class='node and fail' status='fail'>
			
			<b>And</b>
			
			<span class="bdd-step-name">And User click on the element in the dialog content class</span>
				<div class='pre'><table><tr><td>subjectCategory</td></tr><tr><td>randomSelect</td></tr><tr><td>styleSubjects</td></tr><tr><td>randomSelect</td></tr><tr><td>saveButton</td></tr></table></div>
				<div class='pre'><textarea>org.openqa.selenium.ElementClickInterceptedException: element click intercepted: Element <span class="mat-select-placeholder ng-tns-c215-65 ng-star-inserted" style="">...</span> is not clickable at point (392, 287). Other element would receive the click: <span class="mat-option-text">...</span>
  (Session info: chrome=86.0.4240.198)
Build info: version: '3.141.59', revision: 'e82be7d358', time: '2018-11-14T08:17:03'
System info: host: 'DESKTOP-2C108AM', ip: '192.168.0.12', os.name: 'Windows 10', os.arch: 'amd64', os.version: '10.0', java.version: '14.0.2'
Driver info: org.openqa.selenium.chrome.ChromeDriver
Capabilities {acceptInsecureCerts: false, browserName: chrome, browserVersion: 86.0.4240.198, chrome: {chromedriverVersion: 86.0.4240.22 (398b0743353ff..., userDataDir: C:\Users\keski\AppData\Loca...}, goog:chromeOptions: {debuggerAddress: localhost:54284}, javascriptEnabled: true, networkConnectionEnabled: false, pageLoadStrategy: normal, platform: WINDOWS, platformName: WINDOWS, proxy: Proxy(), setWindowRect: true, strictFileInteractability: false, timeouts: {implicit: 0, pageLoad: 300000, script: 30000}, unhandledPromptBehavior: dismiss and notify, webauthn:virtualAuthenticators: true}
Session ID: 7c1ba1e51d18d24a726c73b2968d1aa1
	at java.base/jdk.internal.reflect.NativeConstructorAccessorImpl.newInstance0(Native Method)
	at java.base/jdk.internal.reflect.NativeConstructorAccessorImpl.newInstance(NativeConstructorAccessorImpl.java:62)
	at java.base/jdk.internal.reflect.DelegatingConstructorAccessorImpl.newInstance(DelegatingConstructorAccessorImpl.java:45)
	at java.base/java.lang.reflect.Constructor.newInstanceWithCaller(Constructor.java:500)
	at java.base/java.lang.reflect.Constructor.newInstance(Constructor.java:481)
	at org.openqa.selenium.remote.http.W3CHttpResponseCodec.createException(W3CHttpResponseCodec.java:187)
	at org.openqa.selenium.remote.http.W3CHttpResponseCodec.decode(W3CHttpResponseCodec.java:122)
	at org.openqa.selenium.remote.http.W3CHttpResponseCodec.decode(W3CHttpResponseCodec.java:49)
	at org.openqa.selenium.remote.HttpCommandExecutor.execute(HttpCommandExecutor.java:158)
	at org.openqa.selenium.remote.service.DriverCommandExecutor.execute(DriverCommandExecutor.java:83)
	at org.openqa.selenium.remote.RemoteWebDriver.execute(RemoteWebDriver.java:552)
	at org.openqa.selenium.remote.RemoteWebElement.execute(RemoteWebElement.java:285)
	at org.openqa.selenium.remote.RemoteWebElement.click(RemoteWebElement.java:84)
	at jdk.internal.reflect.GeneratedMethodAccessor6.invoke(Unknown Source)
	at java.base/jdk.internal.reflect.DelegatingMethodAccessorImpl.invoke(DelegatingMethodAccessorImpl.java:43)
	at java.base/java.lang.reflect.Method.invoke(Method.java:564)
	at org.openqa.selenium.support.pagefactory.internal.LocatingElementHandler.invoke(LocatingElementHandler.java:51)
	at com.sun.proxy.$Proxy22.click(Unknown Source)
	at pages._Parent.clickFunction(_Parent.java:30)
	at pages.DialogContent.findElementClickFunction(DialogContent.java:133)
	at stepDefinations._01_LoginStepss.userClickOnTheElementInTheDialogContentClass(_01_LoginStepss.java:47)
	at ✽.And User click on the element in the dialog content class(_03.6_Subjects.feature:30)
</textarea></div>
			
		</li>
		<li test-id='185' class='node then skip' status='skip'>
			
			<b>Then</b>
			
			<span class="bdd-step-name">Then User should see "successfully" message</span>
				<div class='pre'>skipped</div>
			
		</li>
		<li test-id='186' class='node and skip' status='skip'>
			
			<b>And</b>
			
			<span class="bdd-step-name">And User sending the key in the dialog content class</span>
				<div class='pre'><table><tr><td>searchName</td><td>EnglandSubject</td></tr></table></div>
				<div class='pre'>skipped</div>
			
		</li>
		<li test-id='187' class='node and skip' status='skip'>
			
			<b>And</b>
			
			<span class="bdd-step-name">And User click on the element in the dialog content class</span>
				<div class='pre'><table><tr><td>search</td></tr></table></div>
				<div class='pre'>skipped</div>
			
		</li>
		<li test-id='188' class='node when skip' status='skip'>
			
			<b>When</b>
			
			<span class="bdd-step-name">When User delete "EnglandSubject"</span>
				<div class='pre'>skipped</div>
			
		</li>
		<li test-id='189' class='node then skip' status='skip'>
			
			<b>Then</b>
			
			<span class="bdd-step-name">Then User should see "successfully" message</span>
				<div class='pre'>skipped</div>
			
		</li>
	</ul>
</div>
					</div>
				</li>
				
				
				<li class='test displayed active has-leaf fail' status='fail' bdd='true' test-id='190'>
					<div class='test-heading'>
						<span class='test-name'>Creat and Delete Functionality for Subject Category</span>
						<span class='test-time'>Dec 6, 2020 12:41:45 PM</span>
						<span class='test-status right fail'>fail</span>
					</div>
					<div class='test-content hide'>
<div class='scenario node' test-id='191' status='fail'>
	<span class='duration right label'>0h 0m 11s+822ms</span>
	<div class='desc'>
		<b>Scenario</b>
		<span class="desc-text">Creat and Delete Subject Category</span>
	</div>
	<ul class='steps'>
		<li test-id='192' class='node given pass' status='pass'>
			
			<b>Given</b>
			
			<span class="bdd-step-name">Given Navigate to basqar</span>
				<div class='pre'>passed</div>
			
		</li>
		<li test-id='193' class='node when pass' status='pass'>
			
			<b>When</b>
			
			<span class="bdd-step-name">When User sending the key in the dialog content class</span>
				<div class='pre'><table><tr><td>username</td><td>daulet2030@gmail.com</td></tr><tr><td>password</td><td>TechnoStudy123@</td></tr></table></div>
				<div class='pre'>passed</div>
			
		</li>
		<li test-id='194' class='node and pass' status='pass'>
			
			<b>And</b>
			
			<span class="bdd-step-name">And User click on the element in the dialog content class</span>
				<div class='pre'><table><tr><td>loginButton</td></tr><tr><td>gotItButton</td></tr></table></div>
				<div class='pre'>passed</div>
			
		</li>
		<li test-id='195' class='node then pass' status='pass'>
			
			<b>Then</b>
			
			<span class="bdd-step-name">Then user should login successfully</span>
				<div class='pre'>passed</div>
			
		</li>
		<li test-id='196' class='node when pass' status='pass'>
			
			<b>When</b>
			
			<span class="bdd-step-name">When User click on the element in the leftNav class</span>
				<div class='pre'><table><tr><td>education</td></tr><tr><td>setupEducation</td></tr><tr><td>subjectCategories</td></tr></table></div>
				<div class='pre'>passed</div>
			
		</li>
		<li test-id='197' class='node and pass' status='pass'>
			
			<b>And</b>
			
			<span class="bdd-step-name">And User click on the element in the dialog content class</span>
				<div class='pre'><table><tr><td>addButton</td></tr></table></div>
				<div class='pre'>passed</div>
			
		</li>
		<li test-id='198' class='node and pass' status='pass'>
			
			<b>And</b>
			
			<span class="bdd-step-name">And User sending the key in the dialog content class</span>
				<div class='pre'><table><tr><td>name</td><td>MySubjectCat3</td></tr><tr><td>code</td><td>abc</td></tr></table></div>
				<div class='pre'>passed</div>
			
		</li>
		<li test-id='199' class='node and fail' status='fail'>
			
			<b>And</b>
			
			<span class="bdd-step-name">And User click on the element in the dialog content class</span>
				<div class='pre'><table><tr><td>saveButton</td></tr></table></div>
				<div class='pre'><textarea>org.openqa.selenium.ElementClickInterceptedException: element click intercepted: Element <button mat-button="" mat-icon-button="" matbadgeoverlap="false" matbadgesize="small" matbadgeposition="below" matbadgecolor="accent" class="mat-focus-indicator mat-tooltip-trigger mat-badge mat-button mat-icon-button mat-button-base mat-badge-accent mat-badge-below mat-badge-after mat-badge-small mat-badge-hidden ng-star-inserted" aria-describedby="cdk-describedby-message-20" cdk-describedby-host="">...</button> is not clickable at point (1236, 88). Other element would receive the click: <div class="cdk-overlay-backdrop cdk-overlay-dark-backdrop cdk-overlay-backdrop-showing"></div>
  (Session info: chrome=86.0.4240.198)
Build info: version: '3.141.59', revision: 'e82be7d358', time: '2018-11-14T08:17:03'
System info: host: 'DESKTOP-2C108AM', ip: '192.168.0.12', os.name: 'Windows 10', os.arch: 'amd64', os.version: '10.0', java.version: '14.0.2'
Driver info: org.openqa.selenium.chrome.ChromeDriver
Capabilities {acceptInsecureCerts: false, browserName: chrome, browserVersion: 86.0.4240.198, chrome: {chromedriverVersion: 86.0.4240.22 (398b0743353ff..., userDataDir: C:\Users\keski\AppData\Loca...}, goog:chromeOptions: {debuggerAddress: localhost:54307}, javascriptEnabled: true, networkConnectionEnabled: false, pageLoadStrategy: normal, platform: WINDOWS, platformName: WINDOWS, proxy: Proxy(), setWindowRect: true, strictFileInteractability: false, timeouts: {implicit: 0, pageLoad: 300000, script: 30000}, unhandledPromptBehavior: dismiss and notify, webauthn:virtualAuthenticators: true}
Session ID: e0b0eda2a67d88f756a83be918041df2
	at java.base/jdk.internal.reflect.NativeConstructorAccessorImpl.newInstance0(Native Method)
	at java.base/jdk.internal.reflect.NativeConstructorAccessorImpl.newInstance(NativeConstructorAccessorImpl.java:62)
	at java.base/jdk.internal.reflect.DelegatingConstructorAccessorImpl.newInstance(DelegatingConstructorAccessorImpl.java:45)
	at java.base/java.lang.reflect.Constructor.newInstanceWithCaller(Constructor.java:500)
	at java.base/java.lang.reflect.Constructor.newInstance(Constructor.java:481)
	at org.openqa.selenium.remote.http.W3CHttpResponseCodec.createException(W3CHttpResponseCodec.java:187)
	at org.openqa.selenium.remote.http.W3CHttpResponseCodec.decode(W3CHttpResponseCodec.java:122)
	at org.openqa.selenium.remote.http.W3CHttpResponseCodec.decode(W3CHttpResponseCodec.java:49)
	at org.openqa.selenium.remote.HttpCommandExecutor.execute(HttpCommandExecutor.java:158)
	at org.openqa.selenium.remote.service.DriverCommandExecutor.execute(DriverCommandExecutor.java:83)
	at org.openqa.selenium.remote.RemoteWebDriver.execute(RemoteWebDriver.java:552)
	at org.openqa.selenium.remote.RemoteWebElement.execute(RemoteWebElement.java:285)
	at org.openqa.selenium.remote.RemoteWebElement.click(RemoteWebElement.java:84)
	at jdk.internal.reflect.GeneratedMethodAccessor6.invoke(Unknown Source)
	at java.base/jdk.internal.reflect.DelegatingMethodAccessorImpl.invoke(DelegatingMethodAccessorImpl.java:43)
	at java.base/java.lang.reflect.Method.invoke(Method.java:564)
	at org.openqa.selenium.support.pagefactory.internal.LocatingElementHandler.invoke(LocatingElementHandler.java:51)
	at com.sun.proxy.$Proxy22.click(Unknown Source)
	at pages._Parent.clickFunction(_Parent.java:30)
	at pages.DialogContent.findElementClickFunction(DialogContent.java:133)
	at stepDefinations._01_LoginStepss.userClickOnTheElementInTheDialogContentClass(_01_LoginStepss.java:47)
	at ✽.And User click on the element in the dialog content class(_03.7_SubjectCategoryEror.feature:30)
</textarea></div>
			
		</li>
		<li test-id='200' class='node then skip' status='skip'>
			
			<b>Then</b>
			
			<span class="bdd-step-name">Then User should see "successfully" message</span>
				<div class='pre'>skipped</div>
			
		</li>
		<li test-id='201' class='node when skip' status='skip'>
			
			<b>When</b>
			
			<span class="bdd-step-name">When User click on the element in the leftNav class</span>
				<div class='pre'><table><tr><td>subjects</td></tr></table></div>
				<div class='pre'>skipped</div>
			
		</li>
		<li test-id='202' class='node and skip' status='skip'>
			
			<b>And</b>
			
			<span class="bdd-step-name">And User click on the element in the dialog content class</span>
				<div class='pre'><table><tr><td>addButton</td></tr></table></div>
				<div class='pre'>skipped</div>
			
		</li>
		<li test-id='203' class='node and skip' status='skip'>
			
			<b>And</b>
			
			<span class="bdd-step-name">And User sending the key in the dialog content class</span>
				<div class='pre'><table><tr><td>name</td><td>EnglandSubject</td></tr><tr><td>code</td><td>123</td></tr></table></div>
				<div class='pre'>skipped</div>
			
		</li>
		<li test-id='204' class='node and skip' status='skip'>
			
			<b>And</b>
			
			<span class="bdd-step-name">And User click on the element in the dialog content class</span>
				<div class='pre'><table><tr><td>subjectCategory</td></tr><tr><td>MySubjectCat3</td></tr><tr><td>styleSubjects</td></tr><tr><td>randomSelect</td></tr><tr><td>saveButton</td></tr></table></div>
				<div class='pre'>skipped</div>
			
		</li>
		<li test-id='205' class='node then skip' status='skip'>
			
			<b>Then</b>
			
			<span class="bdd-step-name">Then User should see "successfully" message</span>
				<div class='pre'>skipped</div>
			
		</li>
		<li test-id='206' class='node when skip' status='skip'>
			
			<b>When</b>
			
			<span class="bdd-step-name">When User click on the element in the leftNav class</span>
				<div class='pre'><table><tr><td>subjectCategories</td></tr></table></div>
				<div class='pre'>skipped</div>
			
		</li>
		<li test-id='207' class='node and skip' status='skip'>
			
			<b>And</b>
			
			<span class="bdd-step-name">And User sending the key in the dialog content class</span>
				<div class='pre'><table><tr><td>searchName</td><td>MySubjectCat3</td></tr></table></div>
				<div class='pre'>skipped</div>
			
		</li>
		<li test-id='208' class='node and skip' status='skip'>
			
			<b>And</b>
			
			<span class="bdd-step-name">And User click on the element in the dialog content class</span>
				<div class='pre'><table><tr><td>search</td></tr></table></div>
				<div class='pre'>skipped</div>
			
		</li>
		<li test-id='209' class='node when skip' status='skip'>
			
			<b>When</b>
			
			<span class="bdd-step-name">When User delete "MySubjectCat3"</span>
				<div class='pre'>skipped</div>
			
		</li>
		<li test-id='210' class='node then skip' status='skip'>
			
			<b>Then</b>
			
			<span class="bdd-step-name">Then User should see "error" message</span>
				<div class='pre'>skipped</div>
			
		</li>
		<li test-id='211' class='node then skip' status='skip'>
			
			<b>Then</b>
			
			<span class="bdd-step-name">Then User click on the element in the leftNav class</span>
				<div class='pre'><table><tr><td>subjects</td></tr></table></div>
				<div class='pre'>skipped</div>
			
		</li>
		<li test-id='212' class='node and skip' status='skip'>
			
			<b>And</b>
			
			<span class="bdd-step-name">And User sending the key in the dialog content class</span>
				<div class='pre'><table><tr><td>searchName</td><td>EnglandSubject</td></tr></table></div>
				<div class='pre'>skipped</div>
			
		</li>
		<li test-id='213' class='node and skip' status='skip'>
			
			<b>And</b>
			
			<span class="bdd-step-name">And User click on the element in the dialog content class</span>
				<div class='pre'><table><tr><td>search</td></tr></table></div>
				<div class='pre'>skipped</div>
			
		</li>
		<li test-id='214' class='node when skip' status='skip'>
			
			<b>When</b>
			
			<span class="bdd-step-name">When User delete "EnglandSubject"</span>
				<div class='pre'>skipped</div>
			
		</li>
		<li test-id='215' class='node then skip' status='skip'>
			
			<b>Then</b>
			
			<span class="bdd-step-name">Then User should see "successfully" message</span>
				<div class='pre'>skipped</div>
			
		</li>
		<li test-id='216' class='node then skip' status='skip'>
			
			<b>Then</b>
			
			<span class="bdd-step-name">Then User click on the element in the leftNav class</span>
				<div class='pre'><table><tr><td>subjectCategories</td></tr></table></div>
				<div class='pre'>skipped</div>
			
		</li>
		<li test-id='217' class='node and skip' status='skip'>
			
			<b>And</b>
			
			<span class="bdd-step-name">And User sending the key in the dialog content class</span>
				<div class='pre'><table><tr><td>searchName</td><td>MySubjectCat3</td></tr></table></div>
				<div class='pre'>skipped</div>
			
		</li>
		<li test-id='218' class='node and skip' status='skip'>
			
			<b>And</b>
			
			<span class="bdd-step-name">And User click on the element in the dialog content class</span>
				<div class='pre'><table><tr><td>search</td></tr></table></div>
				<div class='pre'>skipped</div>
			
		</li>
		<li test-id='219' class='node when skip' status='skip'>
			
			<b>When</b>
			
			<span class="bdd-step-name">When User delete "MySubjectCat3"</span>
				<div class='pre'>skipped</div>
			
		</li>
		<li test-id='220' class='node then skip' status='skip'>
			
			<b>Then</b>
			
			<span class="bdd-step-name">Then User should see "successfully" message</span>
				<div class='pre'>skipped</div>
			
		</li>
	</ul>
</div>
					</div>
				</li>
				
				
				<li class='test displayed active has-leaf fail' status='fail' bdd='true' test-id='221'>
					<div class='test-heading'>
						<span class='test-name'>Create Edit and Delete Functionality for Human Resources</span>
						<span class='test-time'>Dec 6, 2020 12:42:03 PM</span>
						<span class='test-status right fail'>fail</span>
					</div>
					<div class='test-content hide'>
<div class='scenario node' test-id='222' status='fail'>
	<span class='duration right label'>0h 0m 10s+489ms</span>
	<div class='desc'>
		<b>Scenario</b>
		<span class="desc-text">Create, Edit and Delete Position Salary</span>
	</div>
	<ul class='steps'>
		<li test-id='223' class='node given pass' status='pass'>
			
			<b>Given</b>
			
			<span class="bdd-step-name">Given Navigate to basqar</span>
				<div class='pre'>passed</div>
			
		</li>
		<li test-id='224' class='node when pass' status='pass'>
			
			<b>When</b>
			
			<span class="bdd-step-name">When User sending the key in the dialog content class</span>
				<div class='pre'><table><tr><td>username</td><td>daulet2030@gmail.com</td></tr><tr><td>password</td><td>TechnoStudy123@</td></tr></table></div>
				<div class='pre'>passed</div>
			
		</li>
		<li test-id='225' class='node and pass' status='pass'>
			
			<b>And</b>
			
			<span class="bdd-step-name">And User click on the element in the dialog content class</span>
				<div class='pre'><table><tr><td>loginButton</td></tr><tr><td>gotItButton</td></tr></table></div>
				<div class='pre'>passed</div>
			
		</li>
		<li test-id='226' class='node then pass' status='pass'>
			
			<b>Then</b>
			
			<span class="bdd-step-name">Then user should login successfully</span>
				<div class='pre'>passed</div>
			
		</li>
		<li test-id='227' class='node when pass' status='pass'>
			
			<b>When</b>
			
			<span class="bdd-step-name">When User click on the element in the leftNav class</span>
				<div class='pre'><table><tr><td>humanResources</td></tr><tr><td>setupHR</td></tr><tr><td>positionSalary</td></tr></table></div>
				<div class='pre'>passed</div>
			
		</li>
		<li test-id='228' class='node and fail' status='fail'>
			
			<b>And</b>
			
			<span class="bdd-step-name">And User click on the element in the dialog content class</span>
				<div class='pre'><table><tr><td>addButton</td></tr></table></div>
				<div class='pre'><pre>org.openqa.selenium.StaleElementReferenceException: stale element reference: element is not attached to the page document
  (Session info: chrome=86.0.4240.198)
For documentation on this error, please visit: https://www.seleniumhq.org/exceptions/stale_element_reference.html
Build info: version: '3.141.59', revision: 'e82be7d358', time: '2018-11-14T08:17:03'
System info: host: 'DESKTOP-2C108AM', ip: '192.168.0.12', os.name: 'Windows 10', os.arch: 'amd64', os.version: '10.0', java.version: '14.0.2'
Driver info: org.openqa.selenium.chrome.ChromeDriver
Capabilities {acceptInsecureCerts: false, browserName: chrome, browserVersion: 86.0.4240.198, chrome: {chromedriverVersion: 86.0.4240.22 (398b0743353ff..., userDataDir: C:\Users\keski\AppData\Loca...}, goog:chromeOptions: {debuggerAddress: localhost:54333}, javascriptEnabled: true, networkConnectionEnabled: false, pageLoadStrategy: normal, platform: WINDOWS, platformName: WINDOWS, proxy: Proxy(), setWindowRect: true, strictFileInteractability: false, timeouts: {implicit: 0, pageLoad: 300000, script: 30000}, unhandledPromptBehavior: dismiss and notify, webauthn:virtualAuthenticators: true}
Session ID: cb8b255acc8ed63f2ec4702cba1cba64
	at java.base/jdk.internal.reflect.NativeConstructorAccessorImpl.newInstance0(Native Method)
	at java.base/jdk.internal.reflect.NativeConstructorAccessorImpl.newInstance(NativeConstructorAccessorImpl.java:62)
	at java.base/jdk.internal.reflect.DelegatingConstructorAccessorImpl.newInstance(DelegatingConstructorAccessorImpl.java:45)
	at java.base/java.lang.reflect.Constructor.newInstanceWithCaller(Constructor.java:500)
	at java.base/java.lang.reflect.Constructor.newInstance(Constructor.java:481)
	at org.openqa.selenium.remote.http.W3CHttpResponseCodec.createException(W3CHttpResponseCodec.java:187)
	at org.openqa.selenium.remote.http.W3CHttpResponseCodec.decode(W3CHttpResponseCodec.java:122)
	at org.openqa.selenium.remote.http.W3CHttpResponseCodec.decode(W3CHttpResponseCodec.java:49)
	at org.openqa.selenium.remote.HttpCommandExecutor.execute(HttpCommandExecutor.java:158)
	at org.openqa.selenium.remote.service.DriverCommandExecutor.execute(DriverCommandExecutor.java:83)
	at org.openqa.selenium.remote.RemoteWebDriver.execute(RemoteWebDriver.java:552)
	at org.openqa.selenium.remote.RemoteWebElement.execute(RemoteWebElement.java:285)
	at org.openqa.selenium.remote.RemoteWebElement.isDisplayed(RemoteWebElement.java:326)
	at jdk.internal.reflect.GeneratedMethodAccessor2.invoke(Unknown Source)
	at java.base/jdk.internal.reflect.DelegatingMethodAccessorImpl.invoke(DelegatingMethodAccessorImpl.java:43)
	at java.base/java.lang.reflect.Method.invoke(Method.java:564)
	at org.openqa.selenium.support.pagefactory.internal.LocatingElementHandler.invoke(LocatingElementHandler.java:51)
	at com.sun.proxy.$Proxy22.isDisplayed(Unknown Source)
	at org.openqa.selenium.support.ui.ExpectedConditions.elementIfVisible(ExpectedConditions.java:314)
	at org.openqa.selenium.support.ui.ExpectedConditions.access$000(ExpectedConditions.java:43)
	at org.openqa.selenium.support.ui.ExpectedConditions$10.apply(ExpectedConditions.java:300)
	at org.openqa.selenium.support.ui.ExpectedConditions$10.apply(ExpectedConditions.java:297)
	at org.openqa.selenium.support.ui.ExpectedConditions$23.apply(ExpectedConditions.java:670)
	at org.openqa.selenium.support.ui.ExpectedConditions$23.apply(ExpectedConditions.java:666)
	at org.openqa.selenium.support.ui.FluentWait.until(FluentWait.java:249)
	at pages._Parent.waitUntilClickable(_Parent.java:43)
	at pages._Parent.clickFunction(_Parent.java:28)
	at pages.DialogContent.findElementClickFunction(DialogContent.java:133)
	at stepDefinations._01_LoginStepss.userClickOnTheElementInTheDialogContentClass(_01_LoginStepss.java:47)
	at ✽.And User click on the element in the dialog content class(_03.8_PotionSalary.feature:23)
</pre></div>
			
		</li>
		<li test-id='229' class='node and skip' status='skip'>
			
			<b>And</b>
			
			<span class="bdd-step-name">And User sending the key in the dialog content class</span>
				<div class='pre'><table><tr><td>namePositionSalary</td><td>Group3NewPositionSalary</td></tr></table></div>
				<div class='pre'>skipped</div>
			
		</li>
		<li test-id='230' class='node and skip' status='skip'>
			
			<b>And</b>
			
			<span class="bdd-step-name">And User click on the element in the dialog content class</span>
				<div class='pre'><table><tr><td>saveButton</td></tr></table></div>
				<div class='pre'>skipped</div>
			
		</li>
		<li test-id='231' class='node then skip' status='skip'>
			
			<b>Then</b>
			
			<span class="bdd-step-name">Then User should see "successfully" message</span>
				<div class='pre'>skipped</div>
			
		</li>
		<li test-id='232' class='node and skip' status='skip'>
			
			<b>And</b>
			
			<span class="bdd-step-name">And User sending the key in the dialog content class</span>
				<div class='pre'><table><tr><td>searchName</td><td>Group3NewPositionSalary</td></tr></table></div>
				<div class='pre'>skipped</div>
			
		</li>
		<li test-id='233' class='node and skip' status='skip'>
			
			<b>And</b>
			
			<span class="bdd-step-name">And User click on the element in the dialog content class</span>
				<div class='pre'><table><tr><td>search</td></tr></table></div>
				<div class='pre'>skipped</div>
			
		</li>
		<li test-id='234' class='node then skip' status='skip'>
			
			<b>Then</b>
			
			<span class="bdd-step-name">Then user edit "EnglandNewPositionSalary"</span>
				<div class='pre'>undefined</div>
			
		</li>
		<li test-id='235' class='node and skip' status='skip'>
			
			<b>And</b>
			
			<span class="bdd-step-name">And User sending the key in the dialog content class</span>
				<div class='pre'><table><tr><td>namePositionSalary</td><td>editedPositionSalary</td></tr></table></div>
				<div class='pre'>skipped</div>
			
		</li>
		<li test-id='236' class='node and skip' status='skip'>
			
			<b>And</b>
			
			<span class="bdd-step-name">And User click on the element in the dialog content class</span>
				<div class='pre'><table><tr><td>saveButton</td></tr></table></div>
				<div class='pre'>skipped</div>
			
		</li>
		<li test-id='237' class='node then skip' status='skip'>
			
			<b>Then</b>
			
			<span class="bdd-step-name">Then User should see "successfully" message</span>
				<div class='pre'>skipped</div>
			
		</li>
		<li test-id='238' class='node and skip' status='skip'>
			
			<b>And</b>
			
			<span class="bdd-step-name">And User sending the key in the dialog content class</span>
				<div class='pre'><table><tr><td>searchName</td><td>editedPositionSalary</td></tr></table></div>
				<div class='pre'>skipped</div>
			
		</li>
		<li test-id='239' class='node and skip' status='skip'>
			
			<b>And</b>
			
			<span class="bdd-step-name">And User click on the element in the dialog content class</span>
				<div class='pre'><table><tr><td>search</td></tr></table></div>
				<div class='pre'>skipped</div>
			
		</li>
		<li test-id='240' class='node when skip' status='skip'>
			
			<b>When</b>
			
			<span class="bdd-step-name">When User delete "editedPositionSalary"</span>
				<div class='pre'>skipped</div>
			
		</li>
		<li test-id='241' class='node then skip' status='skip'>
			
			<b>Then</b>
			
			<span class="bdd-step-name">Then User should see "successfully" message</span>
				<div class='pre'>skipped</div>
			
		</li>
	</ul>
</div>
<div class='scenario node' test-id='242' status='fail'>
	<span class='duration right label'>0h 0m 12s+460ms</span>
	<div class='desc'>
		<b>Scenario</b>
		<span class="desc-text">Create and Delete Positions</span>
	</div>
	<ul class='steps'>
		<li test-id='243' class='node given pass' status='pass'>
			
			<b>Given</b>
			
			<span class="bdd-step-name">Given Navigate to basqar</span>
				<div class='pre'>passed</div>
			
		</li>
		<li test-id='244' class='node when pass' status='pass'>
			
			<b>When</b>
			
			<span class="bdd-step-name">When User sending the key in the dialog content class</span>
				<div class='pre'><table><tr><td>username</td><td>daulet2030@gmail.com</td></tr><tr><td>password</td><td>TechnoStudy123@</td></tr></table></div>
				<div class='pre'>passed</div>
			
		</li>
		<li test-id='245' class='node and pass' status='pass'>
			
			<b>And</b>
			
			<span class="bdd-step-name">And User click on the element in the dialog content class</span>
				<div class='pre'><table><tr><td>loginButton</td></tr><tr><td>gotItButton</td></tr></table></div>
				<div class='pre'>passed</div>
			
		</li>
		<li test-id='246' class='node then pass' status='pass'>
			
			<b>Then</b>
			
			<span class="bdd-step-name">Then user should login successfully</span>
				<div class='pre'>passed</div>
			
		</li>
		<li test-id='247' class='node when pass' status='pass'>
			
			<b>When</b>
			
			<span class="bdd-step-name">When User click on the element in the leftNav class</span>
				<div class='pre'><table><tr><td>humanResources</td></tr><tr><td>setupHR</td></tr><tr><td>positions</td></tr></table></div>
				<div class='pre'>passed</div>
			
		</li>
		<li test-id='248' class='node and pass' status='pass'>
			
			<b>And</b>
			
			<span class="bdd-step-name">And User click on the element in the dialog content class</span>
				<div class='pre'><table><tr><td>addButton</td></tr></table></div>
				<div class='pre'>passed</div>
			
		</li>
		<li test-id='249' class='node and pass' status='pass'>
			
			<b>And</b>
			
			<span class="bdd-step-name">And User sending the key in the dialog content class</span>
				<div class='pre'><table><tr><td>name</td><td>EnglandNewPosition</td></tr><tr><td>shortName</td><td>G3NP</td></tr></table></div>
				<div class='pre'>passed</div>
			
		</li>
		<li test-id='250' class='node and fail' status='fail'>
			
			<b>And</b>
			
			<span class="bdd-step-name">And User click on the element in the dialog content class</span>
				<div class='pre'><table><tr><td>saveButton</td></tr></table></div>
				<div class='pre'><textarea>org.openqa.selenium.ElementClickInterceptedException: element click intercepted: Element <button mat-button="" mat-icon-button="" matbadgeoverlap="false" matbadgesize="small" matbadgeposition="below" matbadgecolor="accent" class="mat-focus-indicator mat-tooltip-trigger mat-badge mat-button mat-icon-button mat-button-base mat-badge-accent mat-badge-below mat-badge-after mat-badge-small mat-badge-hidden ng-star-inserted" aria-describedby="cdk-describedby-message-14" cdk-describedby-host="">...</button> is not clickable at point (1236, 88). Other element would receive the click: <div class="cdk-overlay-backdrop cdk-overlay-dark-backdrop cdk-overlay-backdrop-showing"></div>
  (Session info: chrome=86.0.4240.198)
Build info: version: '3.141.59', revision: 'e82be7d358', time: '2018-11-14T08:17:03'
System info: host: 'DESKTOP-2C108AM', ip: '192.168.0.12', os.name: 'Windows 10', os.arch: 'amd64', os.version: '10.0', java.version: '14.0.2'
Driver info: org.openqa.selenium.chrome.ChromeDriver
Capabilities {acceptInsecureCerts: false, browserName: chrome, browserVersion: 86.0.4240.198, chrome: {chromedriverVersion: 86.0.4240.22 (398b0743353ff..., userDataDir: C:\Users\keski\AppData\Loca...}, goog:chromeOptions: {debuggerAddress: localhost:54356}, javascriptEnabled: true, networkConnectionEnabled: false, pageLoadStrategy: normal, platform: WINDOWS, platformName: WINDOWS, proxy: Proxy(), setWindowRect: true, strictFileInteractability: false, timeouts: {implicit: 0, pageLoad: 300000, script: 30000}, unhandledPromptBehavior: dismiss and notify, webauthn:virtualAuthenticators: true}
Session ID: a2483395fbca5e64c95aa89ac9468e6d
	at java.base/jdk.internal.reflect.NativeConstructorAccessorImpl.newInstance0(Native Method)
	at java.base/jdk.internal.reflect.NativeConstructorAccessorImpl.newInstance(NativeConstructorAccessorImpl.java:62)
	at java.base/jdk.internal.reflect.DelegatingConstructorAccessorImpl.newInstance(DelegatingConstructorAccessorImpl.java:45)
	at java.base/java.lang.reflect.Constructor.newInstanceWithCaller(Constructor.java:500)
	at java.base/java.lang.reflect.Constructor.newInstance(Constructor.java:481)
	at org.openqa.selenium.remote.http.W3CHttpResponseCodec.createException(W3CHttpResponseCodec.java:187)
	at org.openqa.selenium.remote.http.W3CHttpResponseCodec.decode(W3CHttpResponseCodec.java:122)
	at org.openqa.selenium.remote.http.W3CHttpResponseCodec.decode(W3CHttpResponseCodec.java:49)
	at org.openqa.selenium.remote.HttpCommandExecutor.execute(HttpCommandExecutor.java:158)
	at org.openqa.selenium.remote.service.DriverCommandExecutor.execute(DriverCommandExecutor.java:83)
	at org.openqa.selenium.remote.RemoteWebDriver.execute(RemoteWebDriver.java:552)
	at org.openqa.selenium.remote.RemoteWebElement.execute(RemoteWebElement.java:285)
	at org.openqa.selenium.remote.RemoteWebElement.click(RemoteWebElement.java:84)
	at jdk.internal.reflect.GeneratedMethodAccessor6.invoke(Unknown Source)
	at java.base/jdk.internal.reflect.DelegatingMethodAccessorImpl.invoke(DelegatingMethodAccessorImpl.java:43)
	at java.base/java.lang.reflect.Method.invoke(Method.java:564)
	at org.openqa.selenium.support.pagefactory.internal.LocatingElementHandler.invoke(LocatingElementHandler.java:51)
	at com.sun.proxy.$Proxy22.click(Unknown Source)
	at pages._Parent.clickFunction(_Parent.java:30)
	at pages.DialogContent.findElementClickFunction(DialogContent.java:133)
	at stepDefinations._01_LoginStepss.userClickOnTheElementInTheDialogContentClass(_01_LoginStepss.java:47)
	at ✽.And User click on the element in the dialog content class(_03.8_PotionSalary.feature:75)
</textarea></div>
			
		</li>
		<li test-id='251' class='node then skip' status='skip'>
			
			<b>Then</b>
			
			<span class="bdd-step-name">Then User should see "successfully" message</span>
				<div class='pre'>skipped</div>
			
		</li>
		<li test-id='252' class='node and skip' status='skip'>
			
			<b>And</b>
			
			<span class="bdd-step-name">And User sending the key in the dialog content class</span>
				<div class='pre'><table><tr><td>searchName</td><td>EnglandPosition</td></tr></table></div>
				<div class='pre'>skipped</div>
			
		</li>
		<li test-id='253' class='node and skip' status='skip'>
			
			<b>And</b>
			
			<span class="bdd-step-name">And User click on the element in the dialog content class</span>
				<div class='pre'><table><tr><td>search</td></tr></table></div>
				<div class='pre'>skipped</div>
			
		</li>
		<li test-id='254' class='node then skip' status='skip'>
			
			<b>Then</b>
			
			<span class="bdd-step-name">Then user edit "EnglandNewPosition"</span>
				<div class='pre'>undefined</div>
			
		</li>
		<li test-id='255' class='node and skip' status='skip'>
			
			<b>And</b>
			
			<span class="bdd-step-name">And User sending the key in the dialog content class</span>
				<div class='pre'><table><tr><td>name</td><td>editedPosition</td></tr><tr><td>shortName</td><td>EngNnewP</td></tr></table></div>
				<div class='pre'>skipped</div>
			
		</li>
		<li test-id='256' class='node and skip' status='skip'>
			
			<b>And</b>
			
			<span class="bdd-step-name">And User click on the element in the dialog content class</span>
				<div class='pre'><table><tr><td>saveButton</td></tr></table></div>
				<div class='pre'>skipped</div>
			
		</li>
		<li test-id='257' class='node then skip' status='skip'>
			
			<b>Then</b>
			
			<span class="bdd-step-name">Then User should see "successfully" message</span>
				<div class='pre'>skipped</div>
			
		</li>
		<li test-id='258' class='node and skip' status='skip'>
			
			<b>And</b>
			
			<span class="bdd-step-name">And User sending the key in the dialog content class</span>
				<div class='pre'><table><tr><td>searchName</td><td>editedPosition</td></tr></table></div>
				<div class='pre'>skipped</div>
			
		</li>
		<li test-id='259' class='node and skip' status='skip'>
			
			<b>And</b>
			
			<span class="bdd-step-name">And User click on the element in the dialog content class</span>
				<div class='pre'><table><tr><td>search</td></tr></table></div>
				<div class='pre'>skipped</div>
			
		</li>
		<li test-id='260' class='node when skip' status='skip'>
			
			<b>When</b>
			
			<span class="bdd-step-name">When User delete "editedPosition"</span>
				<div class='pre'>skipped</div>
			
		</li>
		<li test-id='261' class='node then skip' status='skip'>
			
			<b>Then</b>
			
			<span class="bdd-step-name">Then User should see "successfully" message</span>
				<div class='pre'>skipped</div>
			
		</li>
	</ul>
</div>
					</div>
				</li>
				
				
				<li class='test displayed active has-leaf fail' status='fail' bdd='true' test-id='262'>
					<div class='test-heading'>
						<span class='test-name'>Create Edit and Delete Functionality for Reports</span>
						<span class='test-time'>Dec 6, 2020 12:42:37 PM</span>
						<span class='test-status right fail'>fail</span>
					</div>
					<div class='test-content hide'>
<div class='scenario node' test-id='263' status='fail'>
	<span class='duration right label'>0h 0m 12s+334ms</span>
	<div class='desc'>
		<b>Scenario</b>
		<span class="desc-text">Create , Edit and Delete Excel Template</span>
	</div>
	<ul class='steps'>
		<li test-id='264' class='node given pass' status='pass'>
			
			<b>Given</b>
			
			<span class="bdd-step-name">Given Navigate to basqar</span>
				<div class='pre'>passed</div>
			
		</li>
		<li test-id='265' class='node when pass' status='pass'>
			
			<b>When</b>
			
			<span class="bdd-step-name">When User sending the key in the dialog content class</span>
				<div class='pre'><table><tr><td>username</td><td>daulet2030@gmail.com</td></tr><tr><td>password</td><td>TechnoStudy123@</td></tr></table></div>
				<div class='pre'>passed</div>
			
		</li>
		<li test-id='266' class='node and pass' status='pass'>
			
			<b>And</b>
			
			<span class="bdd-step-name">And User click on the element in the dialog content class</span>
				<div class='pre'><table><tr><td>loginButton</td></tr><tr><td>gotItButton</td></tr></table></div>
				<div class='pre'>passed</div>
			
		</li>
		<li test-id='267' class='node then pass' status='pass'>
			
			<b>Then</b>
			
			<span class="bdd-step-name">Then user should login successfully</span>
				<div class='pre'>passed</div>
			
		</li>
		<li test-id='268' class='node when pass' status='pass'>
			
			<b>When</b>
			
			<span class="bdd-step-name">When User click on the element in the leftNav class</span>
				<div class='pre'><table><tr><td>reports</td></tr><tr><td>setupReports</td></tr><tr><td>excelTemplate</td></tr></table></div>
				<div class='pre'>passed</div>
			
		</li>
		<li test-id='269' class='node and pass' status='pass'>
			
			<b>And</b>
			
			<span class="bdd-step-name">And User click on the element in the dialog content class</span>
				<div class='pre'><table><tr><td>addButton</td></tr></table></div>
				<div class='pre'>passed</div>
			
		</li>
		<li test-id='270' class='node and pass' status='pass'>
			
			<b>And</b>
			
			<span class="bdd-step-name">And User sending the key in the dialog content class</span>
				<div class='pre'><table><tr><td>name</td><td>ExcelTemplate</td></tr></table></div>
				<div class='pre'>passed</div>
			
		</li>
		<li test-id='271' class='node and fail' status='fail'>
			
			<b>And</b>
			
			<span class="bdd-step-name">And User click on the element in the dialog content class</span>
				<div class='pre'><table><tr><td>saveButton</td></tr></table></div>
				<div class='pre'><textarea>org.openqa.selenium.ElementClickInterceptedException: element click intercepted: Element <button mat-button="" mat-icon-button="" matbadgeoverlap="false" matbadgesize="small" matbadgeposition="below" matbadgecolor="accent" class="mat-focus-indicator mat-tooltip-trigger mat-badge mat-button mat-icon-button mat-button-base mat-badge-accent mat-badge-below mat-badge-after mat-badge-small mat-badge-hidden ng-star-inserted" aria-describedby="cdk-describedby-message-14" cdk-describedby-host="">...</button> is not clickable at point (1236, 88). Other element would receive the click: <div class="cdk-overlay-backdrop cdk-overlay-dark-backdrop cdk-overlay-backdrop-showing"></div>
  (Session info: chrome=86.0.4240.198)
Build info: version: '3.141.59', revision: 'e82be7d358', time: '2018-11-14T08:17:03'
System info: host: 'DESKTOP-2C108AM', ip: '192.168.0.12', os.name: 'Windows 10', os.arch: 'amd64', os.version: '10.0', java.version: '14.0.2'
Driver info: org.openqa.selenium.chrome.ChromeDriver
Capabilities {acceptInsecureCerts: false, browserName: chrome, browserVersion: 86.0.4240.198, chrome: {chromedriverVersion: 86.0.4240.22 (398b0743353ff..., userDataDir: C:\Users\keski\AppData\Loca...}, goog:chromeOptions: {debuggerAddress: localhost:54381}, javascriptEnabled: true, networkConnectionEnabled: false, pageLoadStrategy: normal, platform: WINDOWS, platformName: WINDOWS, proxy: Proxy(), setWindowRect: true, strictFileInteractability: false, timeouts: {implicit: 0, pageLoad: 300000, script: 30000}, unhandledPromptBehavior: dismiss and notify, webauthn:virtualAuthenticators: true}
Session ID: 5175c8ffe633267bc1c7dca5fb16f2b9
	at java.base/jdk.internal.reflect.NativeConstructorAccessorImpl.newInstance0(Native Method)
	at java.base/jdk.internal.reflect.NativeConstructorAccessorImpl.newInstance(NativeConstructorAccessorImpl.java:62)
	at java.base/jdk.internal.reflect.DelegatingConstructorAccessorImpl.newInstance(DelegatingConstructorAccessorImpl.java:45)
	at java.base/java.lang.reflect.Constructor.newInstanceWithCaller(Constructor.java:500)
	at java.base/java.lang.reflect.Constructor.newInstance(Constructor.java:481)
	at org.openqa.selenium.remote.http.W3CHttpResponseCodec.createException(W3CHttpResponseCodec.java:187)
	at org.openqa.selenium.remote.http.W3CHttpResponseCodec.decode(W3CHttpResponseCodec.java:122)
	at org.openqa.selenium.remote.http.W3CHttpResponseCodec.decode(W3CHttpResponseCodec.java:49)
	at org.openqa.selenium.remote.HttpCommandExecutor.execute(HttpCommandExecutor.java:158)
	at org.openqa.selenium.remote.service.DriverCommandExecutor.execute(DriverCommandExecutor.java:83)
	at org.openqa.selenium.remote.RemoteWebDriver.execute(RemoteWebDriver.java:552)
	at org.openqa.selenium.remote.RemoteWebElement.execute(RemoteWebElement.java:285)
	at org.openqa.selenium.remote.RemoteWebElement.click(RemoteWebElement.java:84)
	at jdk.internal.reflect.GeneratedMethodAccessor6.invoke(Unknown Source)
	at java.base/jdk.internal.reflect.DelegatingMethodAccessorImpl.invoke(DelegatingMethodAccessorImpl.java:43)
	at java.base/java.lang.reflect.Method.invoke(Method.java:564)
	at org.openqa.selenium.support.pagefactory.internal.LocatingElementHandler.invoke(LocatingElementHandler.java:51)
	at com.sun.proxy.$Proxy22.click(Unknown Source)
	at pages._Parent.clickFunction(_Parent.java:30)
	at pages.DialogContent.findElementClickFunction(DialogContent.java:133)
	at stepDefinations._01_LoginStepss.userClickOnTheElementInTheDialogContentClass(_01_LoginStepss.java:47)
	at ✽.And User click on the element in the dialog content class(_03.9_ExelTemplate.feature:29)
</textarea></div>
			
		</li>
		<li test-id='272' class='node then skip' status='skip'>
			
			<b>Then</b>
			
			<span class="bdd-step-name">Then User should see "successfully" message</span>
				<div class='pre'>skipped</div>
			
		</li>
		<li test-id='273' class='node and skip' status='skip'>
			
			<b>And</b>
			
			<span class="bdd-step-name">And User click on the element in the dialog content class</span>
				<div class='pre'><table><tr><td>closeDialog</td></tr></table></div>
				<div class='pre'>skipped</div>
			
		</li>
		<li test-id='274' class='node and skip' status='skip'>
			
			<b>And</b>
			
			<span class="bdd-step-name">And User sending the key in the dialog content class</span>
				<div class='pre'><table><tr><td>searchName</td><td>ExcelTemplate</td></tr></table></div>
				<div class='pre'>skipped</div>
			
		</li>
		<li test-id='275' class='node and skip' status='skip'>
			
			<b>And</b>
			
			<span class="bdd-step-name">And User click on the element in the dialog content class</span>
				<div class='pre'><table><tr><td>search</td></tr></table></div>
				<div class='pre'>skipped</div>
			
		</li>
		<li test-id='276' class='node then skip' status='skip'>
			
			<b>Then</b>
			
			<span class="bdd-step-name">Then user edit "ExcelTemplate"</span>
				<div class='pre'>undefined</div>
			
		</li>
		<li test-id='277' class='node and skip' status='skip'>
			
			<b>And</b>
			
			<span class="bdd-step-name">And User sending the key in the dialog content class</span>
				<div class='pre'><table><tr><td>name</td><td>EnglandEditedExcelTemplete</td></tr></table></div>
				<div class='pre'>skipped</div>
			
		</li>
		<li test-id='278' class='node and skip' status='skip'>
			
			<b>And</b>
			
			<span class="bdd-step-name">And User click on the element in the dialog content class</span>
				<div class='pre'><table><tr><td>saveButton</td></tr></table></div>
				<div class='pre'>skipped</div>
			
		</li>
		<li test-id='279' class='node then skip' status='skip'>
			
			<b>Then</b>
			
			<span class="bdd-step-name">Then User should see "successfully" message</span>
				<div class='pre'>skipped</div>
			
		</li>
		<li test-id='280' class='node and skip' status='skip'>
			
			<b>And</b>
			
			<span class="bdd-step-name">And User click on the element in the dialog content class</span>
				<div class='pre'><table><tr><td>closeDialog</td></tr></table></div>
				<div class='pre'>skipped</div>
			
		</li>
		<li test-id='281' class='node and skip' status='skip'>
			
			<b>And</b>
			
			<span class="bdd-step-name">And User sending the key in the dialog content class</span>
				<div class='pre'><table><tr><td>searchName</td><td>EnglandEditedExcelTemplete</td></tr></table></div>
				<div class='pre'>skipped</div>
			
		</li>
		<li test-id='282' class='node and skip' status='skip'>
			
			<b>And</b>
			
			<span class="bdd-step-name">And User click on the element in the dialog content class</span>
				<div class='pre'><table><tr><td>search</td></tr></table></div>
				<div class='pre'>skipped</div>
			
		</li>
		<li test-id='283' class='node when skip' status='skip'>
			
			<b>When</b>
			
			<span class="bdd-step-name">When User delete "EnglandEditedExcelTemplete"</span>
				<div class='pre'>skipped</div>
			
		</li>
		<li test-id='284' class='node then skip' status='skip'>
			
			<b>Then</b>
			
			<span class="bdd-step-name">Then User should see "successfully" message</span>
				<div class='pre'>skipped</div>
			
		</li>
	</ul>
</div>
					</div>
				</li>
			</ul>
		</div>
	</div>
	<!-- subview left -->

	<div class='subview-right left'>
		<div class='view-summary'>
			<h5 class='test-name'></h5>

			<div id='step-filters' class="right">
				<span class="blue-text" status="info" alt="info" title="info"><i class="material-icons">info_outline</i></span>
				<span class="green-text" status="pass" alt="pass" title="pass"><i class="material-icons">check_circle</i></span>
				<span class="red-text" status="fail" alt="fail" title="fail"><i class="material-icons">cancel</i></span>
				<span class="red-text text-darken-4" status="fatal" alt="fatal" title="fatal"><i class="material-icons">cancel</i></span>
				<span class="pink-text text-lighten-1" status="error" alt="error" title="error"><i class="material-icons">error</i></span>
				<span class="orange-text" alt="warning" status="warning" title="warning"><i class="material-icons">warning</i></span>
				<span class="teal-text" status="skip" alt="skip" title="skip"><i class="material-icons">redo</i></span>
				<span status="clear" alt="Clear filters" title="Clear filters"><i class="material-icons">clear</i></span>
			</div>
		</div>
	</div>
	<!-- subview right -->

</div>
<!-- test view -->
<div id='category-view' class='view hide'>

	<section id='controls'>
		<div class='controls grey lighten-4'>
			<!-- search -->
			<div class='chip transparent' alt='Search Tests' title='Search Tests'>
				<a href="#" class='search-div'>
					<i class='material-icons'>search</i> Search
				</a>
				
				<div class='input-field left hide'>
					<input id='search-tests' type='text' class='validate browser-default' placeholder='Search Tests...'>
				</div>
				
			</div>
			<!-- search -->
		</div>
	</section>

	<div class='subview-left left'>
		
		<div class='view-summary'>
			<h5>Categories</h3>
			<ul id='category-collection' class='category-collection'>
				
				<li class='category displayed active'>
					<div class='category-heading'>
						<span class='category-name'>@RegressionTest</span>
						<span class='category-status right'>
							<span class='label fail'>2</span>
						</span>
					</div>
					<div class='category-content hide'>
						<div class='category-status-counts'>
							
							<span class='label red lighten-1 white-text'>Failed: 2</span>
							
						</div>
					
						<div class='category-tests'>
							<table class='bordered table-results'>
								<thead>
									<tr>
										<th>Timestamp</th>
										<th>TestName</th>
										<th>Status</th>
									</tr>
								</thead>
								<tbody>
									<tr>
										<td>Dec 6, 2020 12:36:19 PM</td>
										<td class='linked' test-id='2'>Login Functionality.Login with valide username and password</td>
										<td><span class='test-status fail'>fail</span></td>
									</tr>
									<tr>
										<td>Dec 6, 2020 12:38:25 PM</td>
										<td class='linked' test-id='100'>Create and Delete Functionality for Countries.Create and Delete Country</td>
										<td><span class='test-status fail'>fail</span></td>
									</tr>
								</tbody>
							</table>
						</div>
					</div>
				</li>

			</ul>
		</div>
	</div>

	<div class='subview-right left'>
		<div class='view-summary'>
			<h5 class='category-name'></h5>
		</div>
	</div>
</div>
<!-- category view -->
<div id='exception-view' class='view hide'>

    <section id='controls'>
        <div class='controls grey lighten-4'>
            <!-- search -->
            <div class='chip transparent' alt='Search Tests' title='Search Tests'>
                <a href="#" class='search-div'>
                    <i class='material-icons'>search</i> Search
                </a>

                <div class='input-field left hide'>
                    <input id='search-tests' type='text' class='validate browser-default' placeholder='Search Tests...'>
                </div>

            </div>
            <!-- search -->
        </div>
    </section>

    <div class='subview-left left'>

        <div class='view-summary'>
            <h5>Exceptions</h3>
                <ul id='exception-collection' class='exception-collection'>

                        <li class='exception displayed active'>
                            <div class='exception-heading'>
                                <span class='exception-name'>org.openqa.selenium.TimeoutException</span>
                                <span class='exception-count right'><span class='label red lighten-1 white-text'>5</span></span>
                            </div>
                            <div class='exception-content hide'>
                                <div class='exception-tests'>
                                    <table class='bordered table-results'>
                                        <thead>
                                        <tr>
                                            <th>Timestamp</th>
                                            <th>TestName</th>
                                            <th>Status</th>
                                        </tr>
                                        </thead>
                                        <tbody>
                                                    <tr>
                                                        <td>Dec 6, 2020 12:36:27 PM</td>
                                                        <td class='linked' test-id='5'>Login Functionality.Login with valide username and password.And User click on the element in the dialog content class</td>
                                                        <td><pre><pre>org.openqa.selenium.TimeoutException: Expected condition failed: waiting for element to be clickable: Proxy element for: DefaultElementLocator 'By.cssSelector: button[aria-label='LOGIN']' (tried for 10 second(s) with 500 milliseconds interval)
	at org.openqa.selenium.support.ui.WebDriverWait.timeoutException(WebDriverWait.java:95)
	at org.openqa.selenium.support.ui.FluentWait.until(FluentWait.java:272)
	at pages._Parent.waitUntilClickable(_Parent.java:43)
	at pages._Parent.clickFunction(_Parent.java:28)
	at pages.DialogContent.findElementClickFunction(DialogContent.java:133)
	at stepDefinations._01_LoginStepss.userClickOnTheElementInTheDialogContentClass(_01_LoginStepss.java:47)
	at ✽.And User click on the element in the dialog content class(_01_Login.feature:12)
Caused by: org.openqa.selenium.NoSuchElementException: no such element: Unable to locate element: {"method":"css selector","selector":"button[aria-label='LOGIN']"}
  (Session info: chrome=86.0.4240.198)
For documentation on this error, please visit: https://www.seleniumhq.org/exceptions/no_such_element.html
Build info: version: '3.141.59', revision: 'e82be7d358', time: '2018-11-14T08:17:03'
System info: host: 'DESKTOP-2C108AM', ip: '192.168.0.12', os.name: 'Windows 10', os.arch: 'amd64', os.version: '10.0', java.version: '14.0.2'
Driver info: org.openqa.selenium.chrome.ChromeDriver
Capabilities {acceptInsecureCerts: false, browserName: chrome, browserVersion: 86.0.4240.198, chrome: {chromedriverVersion: 86.0.4240.22 (398b0743353ff..., userDataDir: C:\Users\keski\AppData\Loca...}, goog:chromeOptions: {debuggerAddress: localhost:53940}, javascriptEnabled: true, networkConnectionEnabled: false, pageLoadStrategy: normal, platform: WINDOWS, platformName: WINDOWS, proxy: Proxy(), setWindowRect: true, strictFileInteractability: false, timeouts: {implicit: 0, pageLoad: 300000, script: 30000}, unhandledPromptBehavior: dismiss and notify, webauthn:virtualAuthenticators: true}
Session ID: b34418fce6b195531de16d382bb0fb7c
*** Element info: {Using=css selector, value=button[aria-label='LOGIN']}
	at java.base/jdk.internal.reflect.NativeConstructorAccessorImpl.newInstance0(Native Method)
	at java.base/jdk.internal.reflect.NativeConstructorAccessorImpl.newInstance(NativeConstructorAccessorImpl.java:62)
	at java.base/jdk.internal.reflect.DelegatingConstructorAccessorImpl.newInstance(DelegatingConstructorAccessorImpl.java:45)
	at java.base/java.lang.reflect.Constructor.newInstanceWithCaller(Constructor.java:500)
	at java.base/java.lang.reflect.Constructor.newInstance(Constructor.java:481)
	at org.openqa.selenium.remote.http.W3CHttpResponseCodec.createException(W3CHttpResponseCodec.java:187)
	at org.openqa.selenium.remote.http.W3CHttpResponseCodec.decode(W3CHttpResponseCodec.java:122)
	at org.openqa.selenium.remote.http.W3CHttpResponseCodec.decode(W3CHttpResponseCodec.java:49)
	at org.openqa.selenium.remote.HttpCommandExecutor.execute(HttpCommandExecutor.java:158)
	at org.openqa.selenium.remote.service.DriverCommandExecutor.execute(DriverCommandExecutor.java:83)
	at org.openqa.selenium.remote.RemoteWebDriver.execute(RemoteWebDriver.java:552)
	at org.openqa.selenium.remote.RemoteWebDriver.findElement(RemoteWebDriver.java:323)
	at org.openqa.selenium.remote.RemoteWebDriver.findElementByCssSelector(RemoteWebDriver.java:420)
	at org.openqa.selenium.By$ByCssSelector.findElement(By.java:431)
	at org.openqa.selenium.remote.RemoteWebDriver.findElement(RemoteWebDriver.java:315)
	at org.openqa.selenium.support.pagefactory.DefaultElementLocator.findElement(DefaultElementLocator.java:69)
	at org.openqa.selenium.support.pagefactory.internal.LocatingElementHandler.invoke(LocatingElementHandler.java:38)
	at com.sun.proxy.$Proxy22.isDisplayed(Unknown Source)
	at org.openqa.selenium.support.ui.ExpectedConditions.elementIfVisible(ExpectedConditions.java:314)
	at org.openqa.selenium.support.ui.ExpectedConditions.access$000(ExpectedConditions.java:43)
	at org.openqa.selenium.support.ui.ExpectedConditions$10.apply(ExpectedConditions.java:300)
	at org.openqa.selenium.support.ui.ExpectedConditions$10.apply(ExpectedConditions.java:297)
	at org.openqa.selenium.support.ui.ExpectedConditions$23.apply(ExpectedConditions.java:670)
	at org.openqa.selenium.support.ui.ExpectedConditions$23.apply(ExpectedConditions.java:666)
	at org.openqa.selenium.support.ui.FluentWait.until(FluentWait.java:249)
	at pages._Parent.waitUntilClickable(_Parent.java:43)
	at pages._Parent.clickFunction(_Parent.java:28)
	at pages.DialogContent.findElementClickFunction(DialogContent.java:133)
	at stepDefinations._01_LoginStepss.userClickOnTheElementInTheDialogContentClass(_01_LoginStepss.java:47)
	at java.base/jdk.internal.reflect.NativeMethodAccessorImpl.invoke0(Native Method)
	at java.base/jdk.internal.reflect.NativeMethodAccessorImpl.invoke(NativeMethodAccessorImpl.java:62)
	at java.base/jdk.internal.reflect.DelegatingMethodAccessorImpl.invoke(DelegatingMethodAccessorImpl.java:43)
	at java.base/java.lang.reflect.Method.invoke(Method.java:564)
	at cucumber.runtime.Utils$1.call(Utils.java:40)
	at cucumber.runtime.Timeout.timeout(Timeout.java:16)
	at cucumber.runtime.Utils.invoke(Utils.java:34)
	at cucumber.runtime.java.JavaStepDefinition.execute(JavaStepDefinition.java:38)
	at cucumber.runtime.StepDefinitionMatch.runStep(StepDefinitionMatch.java:37)
	at cucumber.runtime.Runtime.runStep(Runtime.java:300)
	at cucumber.runtime.model.StepContainer.runStep(StepContainer.java:44)
	at cucumber.runtime.model.StepContainer.runSteps(StepContainer.java:39)
	at cucumber.runtime.model.CucumberScenario.run(CucumberScenario.java:44)
	at cucumber.runtime.model.CucumberFeature.run(CucumberFeature.java:165)
	at cucumber.api.testng.TestNGCucumberRunner.runCucumber(TestNGCucumberRunner.java:63)
	at cucumber.api.testng.AbstractTestNGCucumberTests.feature(AbstractTestNGCucumberTests.java:21)
	at java.base/jdk.internal.reflect.NativeMethodAccessorImpl.invoke0(Native Method)
	at java.base/jdk.internal.reflect.NativeMethodAccessorImpl.invoke(NativeMethodAccessorImpl.java:62)
	at java.base/jdk.internal.reflect.DelegatingMethodAccessorImpl.invoke(DelegatingMethodAccessorImpl.java:43)
	at java.base/java.lang.reflect.Method.invoke(Method.java:564)
	at org.testng.internal.MethodInvocationHelper.invokeMethod(MethodInvocationHelper.java:134)
	at org.testng.internal.TestInvoker.invokeMethod(TestInvoker.java:597)
	at org.testng.internal.TestInvoker.invokeTestMethod(TestInvoker.java:173)
	at org.testng.internal.MethodRunner.runInSequence(MethodRunner.java:46)
	at org.testng.internal.TestInvoker$MethodInvocationAgent.invoke(TestInvoker.java:816)
	at org.testng.internal.TestInvoker.invokeTestMethods(TestInvoker.java:146)
	at org.testng.internal.TestMethodWorker.invokeTestMethods(TestMethodWorker.java:146)
	at org.testng.internal.TestMethodWorker.run(TestMethodWorker.java:128)
	at java.base/java.util.ArrayList.forEach(ArrayList.java:1511)
	at org.testng.TestRunner.privateRun(TestRunner.java:766)
	at org.testng.TestRunner.run(TestRunner.java:587)
	at org.testng.SuiteRunner.runTest(SuiteRunner.java:384)
	at org.testng.SuiteRunner.runSequentially(SuiteRunner.java:378)
	at org.testng.SuiteRunner.privateRun(SuiteRunner.java:337)
	at org.testng.SuiteRunner.run(SuiteRunner.java:286)
	at org.testng.SuiteRunnerWorker.runSuite(SuiteRunnerWorker.java:53)
	at org.testng.SuiteRunnerWorker.run(SuiteRunnerWorker.java:96)
	at org.testng.TestNG.runSuitesSequentially(TestNG.java:1187)
	at org.testng.TestNG.runSuitesLocally(TestNG.java:1109)
	at org.testng.TestNG.runSuites(TestNG.java:1039)
	at org.testng.TestNG.run(TestNG.java:1007)
	at com.intellij.rt.testng.IDEARemoteTestNG.run(IDEARemoteTestNG.java:66)
	at com.intellij.rt.testng.RemoteTestNGStarter.main(RemoteTestNGStarter.java:109)
</pre></pre></td>
                                                    </tr>
                                                    <tr>
                                                        <td>Dec 6, 2020 12:37:23 PM</td>
                                                        <td class='linked' test-id='37'>Create Edit and Delete Functionality for Human Resources.Create , Edit and Delete Salary Modifiers.And User click on the element in the dialog content class</td>
                                                        <td><pre><pre>org.openqa.selenium.TimeoutException: Expected condition failed: waiting for element to be clickable: Proxy element for: DefaultElementLocator 'By.xpath: //ms-add-button[contains(@tooltip,'.ADD')]//button' (tried for 10 second(s) with 500 milliseconds interval)
	at org.openqa.selenium.support.ui.WebDriverWait.timeoutException(WebDriverWait.java:95)
	at org.openqa.selenium.support.ui.FluentWait.until(FluentWait.java:272)
	at pages._Parent.waitUntilClickable(_Parent.java:43)
	at pages._Parent.clickFunction(_Parent.java:28)
	at pages.DialogContent.findElementClickFunction(DialogContent.java:133)
	at stepDefinations._01_LoginStepss.userClickOnTheElementInTheDialogContentClass(_01_LoginStepss.java:47)
	at ✽.And User click on the element in the dialog content class(_03.10.2.SalaryModifiers.feature:32)
Caused by: org.openqa.selenium.NoSuchElementException: no such element: Unable to locate element: {"method":"xpath","selector":"//ms-add-button[contains(@tooltip,'.ADD')]//button"}
  (Session info: chrome=86.0.4240.198)
For documentation on this error, please visit: https://www.seleniumhq.org/exceptions/no_such_element.html
Build info: version: '3.141.59', revision: 'e82be7d358', time: '2018-11-14T08:17:03'
System info: host: 'DESKTOP-2C108AM', ip: '192.168.0.12', os.name: 'Windows 10', os.arch: 'amd64', os.version: '10.0', java.version: '14.0.2'
Driver info: org.openqa.selenium.chrome.ChromeDriver
Capabilities {acceptInsecureCerts: false, browserName: chrome, browserVersion: 86.0.4240.198, chrome: {chromedriverVersion: 86.0.4240.22 (398b0743353ff..., userDataDir: C:\Users\keski\AppData\Loca...}, goog:chromeOptions: {debuggerAddress: localhost:53988}, javascriptEnabled: true, networkConnectionEnabled: false, pageLoadStrategy: normal, platform: WINDOWS, platformName: WINDOWS, proxy: Proxy(), setWindowRect: true, strictFileInteractability: false, timeouts: {implicit: 0, pageLoad: 300000, script: 30000}, unhandledPromptBehavior: dismiss and notify, webauthn:virtualAuthenticators: true}
Session ID: d9a42ed182427b480c2c8638f9b38491
*** Element info: {Using=xpath, value=//ms-add-button[contains(@tooltip,'.ADD')]//button}
	at java.base/jdk.internal.reflect.NativeConstructorAccessorImpl.newInstance0(Native Method)
	at java.base/jdk.internal.reflect.NativeConstructorAccessorImpl.newInstance(NativeConstructorAccessorImpl.java:62)
	at java.base/jdk.internal.reflect.DelegatingConstructorAccessorImpl.newInstance(DelegatingConstructorAccessorImpl.java:45)
	at java.base/java.lang.reflect.Constructor.newInstanceWithCaller(Constructor.java:500)
	at java.base/java.lang.reflect.Constructor.newInstance(Constructor.java:481)
	at org.openqa.selenium.remote.http.W3CHttpResponseCodec.createException(W3CHttpResponseCodec.java:187)
	at org.openqa.selenium.remote.http.W3CHttpResponseCodec.decode(W3CHttpResponseCodec.java:122)
	at org.openqa.selenium.remote.http.W3CHttpResponseCodec.decode(W3CHttpResponseCodec.java:49)
	at org.openqa.selenium.remote.HttpCommandExecutor.execute(HttpCommandExecutor.java:158)
	at org.openqa.selenium.remote.service.DriverCommandExecutor.execute(DriverCommandExecutor.java:83)
	at org.openqa.selenium.remote.RemoteWebDriver.execute(RemoteWebDriver.java:552)
	at org.openqa.selenium.remote.RemoteWebDriver.findElement(RemoteWebDriver.java:323)
	at org.openqa.selenium.remote.RemoteWebDriver.findElementByXPath(RemoteWebDriver.java:428)
	at org.openqa.selenium.By$ByXPath.findElement(By.java:353)
	at org.openqa.selenium.remote.RemoteWebDriver.findElement(RemoteWebDriver.java:315)
	at org.openqa.selenium.support.pagefactory.DefaultElementLocator.findElement(DefaultElementLocator.java:69)
	at org.openqa.selenium.support.pagefactory.internal.LocatingElementHandler.invoke(LocatingElementHandler.java:38)
	at com.sun.proxy.$Proxy22.isDisplayed(Unknown Source)
	at org.openqa.selenium.support.ui.ExpectedConditions.elementIfVisible(ExpectedConditions.java:314)
	at org.openqa.selenium.support.ui.ExpectedConditions.access$000(ExpectedConditions.java:43)
	at org.openqa.selenium.support.ui.ExpectedConditions$10.apply(ExpectedConditions.java:300)
	at org.openqa.selenium.support.ui.ExpectedConditions$10.apply(ExpectedConditions.java:297)
	at org.openqa.selenium.support.ui.ExpectedConditions$23.apply(ExpectedConditions.java:670)
	at org.openqa.selenium.support.ui.ExpectedConditions$23.apply(ExpectedConditions.java:666)
	at org.openqa.selenium.support.ui.FluentWait.until(FluentWait.java:249)
	at pages._Parent.waitUntilClickable(_Parent.java:43)
	at pages._Parent.clickFunction(_Parent.java:28)
	at pages.DialogContent.findElementClickFunction(DialogContent.java:133)
	at stepDefinations._01_LoginStepss.userClickOnTheElementInTheDialogContentClass(_01_LoginStepss.java:47)
	at java.base/jdk.internal.reflect.NativeMethodAccessorImpl.invoke0(Native Method)
	at java.base/jdk.internal.reflect.NativeMethodAccessorImpl.invoke(NativeMethodAccessorImpl.java:62)
	at java.base/jdk.internal.reflect.DelegatingMethodAccessorImpl.invoke(DelegatingMethodAccessorImpl.java:43)
	at java.base/java.lang.reflect.Method.invoke(Method.java:564)
	at cucumber.runtime.Utils$1.call(Utils.java:40)
	at cucumber.runtime.Timeout.timeout(Timeout.java:16)
	at cucumber.runtime.Utils.invoke(Utils.java:34)
	at cucumber.runtime.java.JavaStepDefinition.execute(JavaStepDefinition.java:38)
	at cucumber.runtime.StepDefinitionMatch.runStep(StepDefinitionMatch.java:37)
	at cucumber.runtime.Runtime.runStep(Runtime.java:300)
	at cucumber.runtime.model.StepContainer.runStep(StepContainer.java:44)
	at cucumber.runtime.model.StepContainer.runSteps(StepContainer.java:39)
	at cucumber.runtime.model.CucumberScenario.run(CucumberScenario.java:44)
	at cucumber.runtime.model.CucumberFeature.run(CucumberFeature.java:165)
	at cucumber.api.testng.TestNGCucumberRunner.runCucumber(TestNGCucumberRunner.java:63)
	at cucumber.api.testng.AbstractTestNGCucumberTests.feature(AbstractTestNGCucumberTests.java:21)
	at java.base/jdk.internal.reflect.NativeMethodAccessorImpl.invoke0(Native Method)
	at java.base/jdk.internal.reflect.NativeMethodAccessorImpl.invoke(NativeMethodAccessorImpl.java:62)
	at java.base/jdk.internal.reflect.DelegatingMethodAccessorImpl.invoke(DelegatingMethodAccessorImpl.java:43)
	at java.base/java.lang.reflect.Method.invoke(Method.java:564)
	at org.testng.internal.MethodInvocationHelper.invokeMethod(MethodInvocationHelper.java:134)
	at org.testng.internal.TestInvoker.invokeMethod(TestInvoker.java:597)
	at org.testng.internal.TestInvoker.invokeTestMethod(TestInvoker.java:173)
	at org.testng.internal.MethodRunner.runInSequence(MethodRunner.java:46)
	at org.testng.internal.TestInvoker$MethodInvocationAgent.invoke(TestInvoker.java:816)
	at org.testng.internal.TestInvoker.invokeTestMethods(TestInvoker.java:146)
	at org.testng.internal.TestMethodWorker.invokeTestMethods(TestMethodWorker.java:146)
	at org.testng.internal.TestMethodWorker.run(TestMethodWorker.java:128)
	at java.base/java.util.ArrayList.forEach(ArrayList.java:1511)
	at org.testng.TestRunner.privateRun(TestRunner.java:766)
	at org.testng.TestRunner.run(TestRunner.java:587)
	at org.testng.SuiteRunner.runTest(SuiteRunner.java:384)
	at org.testng.SuiteRunner.runSequentially(SuiteRunner.java:378)
	at org.testng.SuiteRunner.privateRun(SuiteRunner.java:337)
	at org.testng.SuiteRunner.run(SuiteRunner.java:286)
	at org.testng.SuiteRunnerWorker.runSuite(SuiteRunnerWorker.java:53)
	at org.testng.SuiteRunnerWorker.run(SuiteRunnerWorker.java:96)
	at org.testng.TestNG.runSuitesSequentially(TestNG.java:1187)
	at org.testng.TestNG.runSuitesLocally(TestNG.java:1109)
	at org.testng.TestNG.runSuites(TestNG.java:1039)
	at org.testng.TestNG.run(TestNG.java:1007)
	at com.intellij.rt.testng.IDEARemoteTestNG.run(IDEARemoteTestNG.java:66)
	at com.intellij.rt.testng.RemoteTestNGStarter.main(RemoteTestNGStarter.java:109)
</pre></pre></td>
                                                    </tr>
                                                    <tr>
                                                        <td>Dec 6, 2020 12:38:34 PM</td>
                                                        <td class='linked' test-id='105'>Create and Delete Functionality for Countries.Create and Delete Country.When User click on the element in the leftNav class</td>
                                                        <td><pre><pre>org.openqa.selenium.TimeoutException: Expected condition failed: waiting for element to be clickable: Proxy element for: DefaultElementLocator 'by id or name "myElement"' (tried for 10 second(s) with 500 milliseconds interval)
	at org.openqa.selenium.support.ui.WebDriverWait.timeoutException(WebDriverWait.java:95)
	at org.openqa.selenium.support.ui.FluentWait.until(FluentWait.java:272)
	at pages._Parent.waitUntilClickable(_Parent.java:43)
	at pages._Parent.clickFunction(_Parent.java:28)
	at pages.LeftNav.findElementAndClickFunction(LeftNav.java:78)
	at stepDefinations._02_CountrySteps.userClickOnTheElementInTheLeftNavClass(_02_CountrySteps.java:26)
	at ✽.When User click on the element in the leftNav class(_03.1_Country.feature:19)
Caused by: org.openqa.selenium.NoSuchElementException: no such element: Unable to locate element: {"method":"css selector","selector":"*[name='myElement']"}
  (Session info: chrome=86.0.4240.198)
For documentation on this error, please visit: https://www.seleniumhq.org/exceptions/no_such_element.html
Build info: version: '3.141.59', revision: 'e82be7d358', time: '2018-11-14T08:17:03'
System info: host: 'DESKTOP-2C108AM', ip: '192.168.0.12', os.name: 'Windows 10', os.arch: 'amd64', os.version: '10.0', java.version: '14.0.2'
Driver info: org.openqa.selenium.chrome.ChromeDriver
Capabilities {acceptInsecureCerts: false, browserName: chrome, browserVersion: 86.0.4240.198, chrome: {chromedriverVersion: 86.0.4240.22 (398b0743353ff..., userDataDir: C:\Users\keski\AppData\Loca...}, goog:chromeOptions: {debuggerAddress: localhost:54063}, javascriptEnabled: true, networkConnectionEnabled: false, pageLoadStrategy: normal, platform: WINDOWS, platformName: WINDOWS, proxy: Proxy(), setWindowRect: true, strictFileInteractability: false, timeouts: {implicit: 0, pageLoad: 300000, script: 30000}, unhandledPromptBehavior: dismiss and notify, webauthn:virtualAuthenticators: true}
Session ID: 7fd21d4287cae0f95910e603866d6f97
*** Element info: {Using=name, value=myElement}
	at java.base/jdk.internal.reflect.NativeConstructorAccessorImpl.newInstance0(Native Method)
	at java.base/jdk.internal.reflect.NativeConstructorAccessorImpl.newInstance(NativeConstructorAccessorImpl.java:62)
	at java.base/jdk.internal.reflect.DelegatingConstructorAccessorImpl.newInstance(DelegatingConstructorAccessorImpl.java:45)
	at java.base/java.lang.reflect.Constructor.newInstanceWithCaller(Constructor.java:500)
	at java.base/java.lang.reflect.Constructor.newInstance(Constructor.java:481)
	at org.openqa.selenium.remote.http.W3CHttpResponseCodec.createException(W3CHttpResponseCodec.java:187)
	at org.openqa.selenium.remote.http.W3CHttpResponseCodec.decode(W3CHttpResponseCodec.java:122)
	at org.openqa.selenium.remote.http.W3CHttpResponseCodec.decode(W3CHttpResponseCodec.java:49)
	at org.openqa.selenium.remote.HttpCommandExecutor.execute(HttpCommandExecutor.java:158)
	at org.openqa.selenium.remote.service.DriverCommandExecutor.execute(DriverCommandExecutor.java:83)
	at org.openqa.selenium.remote.RemoteWebDriver.execute(RemoteWebDriver.java:552)
	at org.openqa.selenium.remote.RemoteWebDriver.findElement(RemoteWebDriver.java:323)
	at org.openqa.selenium.remote.RemoteWebDriver.findElementByName(RemoteWebDriver.java:404)
	at org.openqa.selenium.By$ByName.findElement(By.java:284)
	at org.openqa.selenium.support.ByIdOrName.findElement(ByIdOrName.java:50)
	at org.openqa.selenium.remote.RemoteWebDriver.findElement(RemoteWebDriver.java:315)
	at org.openqa.selenium.support.pagefactory.DefaultElementLocator.findElement(DefaultElementLocator.java:69)
	at org.openqa.selenium.support.pagefactory.internal.LocatingElementHandler.invoke(LocatingElementHandler.java:38)
	at com.sun.proxy.$Proxy22.isDisplayed(Unknown Source)
	at org.openqa.selenium.support.ui.ExpectedConditions.elementIfVisible(ExpectedConditions.java:314)
	at org.openqa.selenium.support.ui.ExpectedConditions.access$000(ExpectedConditions.java:43)
	at org.openqa.selenium.support.ui.ExpectedConditions$10.apply(ExpectedConditions.java:300)
	at org.openqa.selenium.support.ui.ExpectedConditions$10.apply(ExpectedConditions.java:297)
	at org.openqa.selenium.support.ui.ExpectedConditions$23.apply(ExpectedConditions.java:670)
	at org.openqa.selenium.support.ui.ExpectedConditions$23.apply(ExpectedConditions.java:666)
	at org.openqa.selenium.support.ui.FluentWait.until(FluentWait.java:249)
	at pages._Parent.waitUntilClickable(_Parent.java:43)
	at pages._Parent.clickFunction(_Parent.java:28)
	at pages.LeftNav.findElementAndClickFunction(LeftNav.java:78)
	at stepDefinations._02_CountrySteps.userClickOnTheElementInTheLeftNavClass(_02_CountrySteps.java:26)
	at java.base/jdk.internal.reflect.NativeMethodAccessorImpl.invoke0(Native Method)
	at java.base/jdk.internal.reflect.NativeMethodAccessorImpl.invoke(NativeMethodAccessorImpl.java:62)
	at java.base/jdk.internal.reflect.DelegatingMethodAccessorImpl.invoke(DelegatingMethodAccessorImpl.java:43)
	at java.base/java.lang.reflect.Method.invoke(Method.java:564)
	at cucumber.runtime.Utils$1.call(Utils.java:40)
	at cucumber.runtime.Timeout.timeout(Timeout.java:16)
	at cucumber.runtime.Utils.invoke(Utils.java:34)
	at cucumber.runtime.java.JavaStepDefinition.execute(JavaStepDefinition.java:38)
	at cucumber.runtime.StepDefinitionMatch.runStep(StepDefinitionMatch.java:37)
	at cucumber.runtime.Runtime.runStep(Runtime.java:300)
	at cucumber.runtime.model.StepContainer.runStep(StepContainer.java:44)
	at cucumber.runtime.model.StepContainer.runSteps(StepContainer.java:39)
	at cucumber.runtime.model.CucumberScenario.run(CucumberScenario.java:44)
	at cucumber.runtime.model.CucumberFeature.run(CucumberFeature.java:165)
	at cucumber.api.testng.TestNGCucumberRunner.runCucumber(TestNGCucumberRunner.java:63)
	at cucumber.api.testng.AbstractTestNGCucumberTests.feature(AbstractTestNGCucumberTests.java:21)
	at java.base/jdk.internal.reflect.NativeMethodAccessorImpl.invoke0(Native Method)
	at java.base/jdk.internal.reflect.NativeMethodAccessorImpl.invoke(NativeMethodAccessorImpl.java:62)
	at java.base/jdk.internal.reflect.DelegatingMethodAccessorImpl.invoke(DelegatingMethodAccessorImpl.java:43)
	at java.base/java.lang.reflect.Method.invoke(Method.java:564)
	at org.testng.internal.MethodInvocationHelper.invokeMethod(MethodInvocationHelper.java:134)
	at org.testng.internal.TestInvoker.invokeMethod(TestInvoker.java:597)
	at org.testng.internal.TestInvoker.invokeTestMethod(TestInvoker.java:173)
	at org.testng.internal.MethodRunner.runInSequence(MethodRunner.java:46)
	at org.testng.internal.TestInvoker$MethodInvocationAgent.invoke(TestInvoker.java:816)
	at org.testng.internal.TestInvoker.invokeTestMethods(TestInvoker.java:146)
	at org.testng.internal.TestMethodWorker.invokeTestMethods(TestMethodWorker.java:146)
	at org.testng.internal.TestMethodWorker.run(TestMethodWorker.java:128)
	at java.base/java.util.ArrayList.forEach(ArrayList.java:1511)
	at org.testng.TestRunner.privateRun(TestRunner.java:766)
	at org.testng.TestRunner.run(TestRunner.java:587)
	at org.testng.SuiteRunner.runTest(SuiteRunner.java:384)
	at org.testng.SuiteRunner.runSequentially(SuiteRunner.java:378)
	at org.testng.SuiteRunner.privateRun(SuiteRunner.java:337)
	at org.testng.SuiteRunner.run(SuiteRunner.java:286)
	at org.testng.SuiteRunnerWorker.runSuite(SuiteRunnerWorker.java:53)
	at org.testng.SuiteRunnerWorker.run(SuiteRunnerWorker.java:96)
	at org.testng.TestNG.runSuitesSequentially(TestNG.java:1187)
	at org.testng.TestNG.runSuitesLocally(TestNG.java:1109)
	at org.testng.TestNG.runSuites(TestNG.java:1039)
	at org.testng.TestNG.run(TestNG.java:1007)
	at com.intellij.rt.testng.IDEARemoteTestNG.run(IDEARemoteTestNG.java:66)
	at com.intellij.rt.testng.RemoteTestNGStarter.main(RemoteTestNGStarter.java:109)
</pre></pre></td>
                                                    </tr>
                                                    <tr>
                                                        <td>Dec 6, 2020 12:39:28 PM</td>
                                                        <td class='linked' test-id='120'>Creat and Delete Functionality for Cities.Creat and Delete City.When User click on the element in the leftNav class</td>
                                                        <td><pre><pre>org.openqa.selenium.TimeoutException: Expected condition failed: waiting for element to be clickable: Proxy element for: DefaultElementLocator 'by id or name "myElement"' (tried for 10 second(s) with 500 milliseconds interval)
	at org.openqa.selenium.support.ui.WebDriverWait.timeoutException(WebDriverWait.java:95)
	at org.openqa.selenium.support.ui.FluentWait.until(FluentWait.java:272)
	at pages._Parent.waitUntilClickable(_Parent.java:43)
	at pages._Parent.clickFunction(_Parent.java:28)
	at pages.LeftNav.findElementAndClickFunction(LeftNav.java:78)
	at stepDefinations._02_CountrySteps.userClickOnTheElementInTheLeftNavClass(_02_CountrySteps.java:26)
	at ✽.When User click on the element in the leftNav class(_03.2_City.feature:18)
Caused by: org.openqa.selenium.NoSuchElementException: no such element: Unable to locate element: {"method":"css selector","selector":"*[name='myElement']"}
  (Session info: chrome=86.0.4240.198)
For documentation on this error, please visit: https://www.seleniumhq.org/exceptions/no_such_element.html
Build info: version: '3.141.59', revision: 'e82be7d358', time: '2018-11-14T08:17:03'
System info: host: 'DESKTOP-2C108AM', ip: '192.168.0.12', os.name: 'Windows 10', os.arch: 'amd64', os.version: '10.0', java.version: '14.0.2'
Driver info: org.openqa.selenium.chrome.ChromeDriver
Capabilities {acceptInsecureCerts: false, browserName: chrome, browserVersion: 86.0.4240.198, chrome: {chromedriverVersion: 86.0.4240.22 (398b0743353ff..., userDataDir: C:\Users\keski\AppData\Loca...}, goog:chromeOptions: {debuggerAddress: localhost:54087}, javascriptEnabled: true, networkConnectionEnabled: false, pageLoadStrategy: normal, platform: WINDOWS, platformName: WINDOWS, proxy: Proxy(), setWindowRect: true, strictFileInteractability: false, timeouts: {implicit: 0, pageLoad: 300000, script: 30000}, unhandledPromptBehavior: dismiss and notify, webauthn:virtualAuthenticators: true}
Session ID: d1ab872a7744f15013f9c4d2aad57008
*** Element info: {Using=name, value=myElement}
	at java.base/jdk.internal.reflect.NativeConstructorAccessorImpl.newInstance0(Native Method)
	at java.base/jdk.internal.reflect.NativeConstructorAccessorImpl.newInstance(NativeConstructorAccessorImpl.java:62)
	at java.base/jdk.internal.reflect.DelegatingConstructorAccessorImpl.newInstance(DelegatingConstructorAccessorImpl.java:45)
	at java.base/java.lang.reflect.Constructor.newInstanceWithCaller(Constructor.java:500)
	at java.base/java.lang.reflect.Constructor.newInstance(Constructor.java:481)
	at org.openqa.selenium.remote.http.W3CHttpResponseCodec.createException(W3CHttpResponseCodec.java:187)
	at org.openqa.selenium.remote.http.W3CHttpResponseCodec.decode(W3CHttpResponseCodec.java:122)
	at org.openqa.selenium.remote.http.W3CHttpResponseCodec.decode(W3CHttpResponseCodec.java:49)
	at org.openqa.selenium.remote.HttpCommandExecutor.execute(HttpCommandExecutor.java:158)
	at org.openqa.selenium.remote.service.DriverCommandExecutor.execute(DriverCommandExecutor.java:83)
	at org.openqa.selenium.remote.RemoteWebDriver.execute(RemoteWebDriver.java:552)
	at org.openqa.selenium.remote.RemoteWebDriver.findElement(RemoteWebDriver.java:323)
	at org.openqa.selenium.remote.RemoteWebDriver.findElementByName(RemoteWebDriver.java:404)
	at org.openqa.selenium.By$ByName.findElement(By.java:284)
	at org.openqa.selenium.support.ByIdOrName.findElement(ByIdOrName.java:50)
	at org.openqa.selenium.remote.RemoteWebDriver.findElement(RemoteWebDriver.java:315)
	at org.openqa.selenium.support.pagefactory.DefaultElementLocator.findElement(DefaultElementLocator.java:69)
	at org.openqa.selenium.support.pagefactory.internal.LocatingElementHandler.invoke(LocatingElementHandler.java:38)
	at com.sun.proxy.$Proxy22.isDisplayed(Unknown Source)
	at org.openqa.selenium.support.ui.ExpectedConditions.elementIfVisible(ExpectedConditions.java:314)
	at org.openqa.selenium.support.ui.ExpectedConditions.access$000(ExpectedConditions.java:43)
	at org.openqa.selenium.support.ui.ExpectedConditions$10.apply(ExpectedConditions.java:300)
	at org.openqa.selenium.support.ui.ExpectedConditions$10.apply(ExpectedConditions.java:297)
	at org.openqa.selenium.support.ui.ExpectedConditions$23.apply(ExpectedConditions.java:670)
	at org.openqa.selenium.support.ui.ExpectedConditions$23.apply(ExpectedConditions.java:666)
	at org.openqa.selenium.support.ui.FluentWait.until(FluentWait.java:249)
	at pages._Parent.waitUntilClickable(_Parent.java:43)
	at pages._Parent.clickFunction(_Parent.java:28)
	at pages.LeftNav.findElementAndClickFunction(LeftNav.java:78)
	at stepDefinations._02_CountrySteps.userClickOnTheElementInTheLeftNavClass(_02_CountrySteps.java:26)
	at java.base/jdk.internal.reflect.NativeMethodAccessorImpl.invoke0(Native Method)
	at java.base/jdk.internal.reflect.NativeMethodAccessorImpl.invoke(NativeMethodAccessorImpl.java:62)
	at java.base/jdk.internal.reflect.DelegatingMethodAccessorImpl.invoke(DelegatingMethodAccessorImpl.java:43)
	at java.base/java.lang.reflect.Method.invoke(Method.java:564)
	at cucumber.runtime.Utils$1.call(Utils.java:40)
	at cucumber.runtime.Timeout.timeout(Timeout.java:16)
	at cucumber.runtime.Utils.invoke(Utils.java:34)
	at cucumber.runtime.java.JavaStepDefinition.execute(JavaStepDefinition.java:38)
	at cucumber.runtime.StepDefinitionMatch.runStep(StepDefinitionMatch.java:37)
	at cucumber.runtime.Runtime.runStep(Runtime.java:300)
	at cucumber.runtime.model.StepContainer.runStep(StepContainer.java:44)
	at cucumber.runtime.model.StepContainer.runSteps(StepContainer.java:39)
	at cucumber.runtime.model.CucumberScenario.run(CucumberScenario.java:44)
	at cucumber.runtime.model.CucumberFeature.run(CucumberFeature.java:165)
	at cucumber.api.testng.TestNGCucumberRunner.runCucumber(TestNGCucumberRunner.java:63)
	at cucumber.api.testng.AbstractTestNGCucumberTests.feature(AbstractTestNGCucumberTests.java:21)
	at java.base/jdk.internal.reflect.NativeMethodAccessorImpl.invoke0(Native Method)
	at java.base/jdk.internal.reflect.NativeMethodAccessorImpl.invoke(NativeMethodAccessorImpl.java:62)
	at java.base/jdk.internal.reflect.DelegatingMethodAccessorImpl.invoke(DelegatingMethodAccessorImpl.java:43)
	at java.base/java.lang.reflect.Method.invoke(Method.java:564)
	at org.testng.internal.MethodInvocationHelper.invokeMethod(MethodInvocationHelper.java:134)
	at org.testng.internal.TestInvoker.invokeMethod(TestInvoker.java:597)
	at org.testng.internal.TestInvoker.invokeTestMethod(TestInvoker.java:173)
	at org.testng.internal.MethodRunner.runInSequence(MethodRunner.java:46)
	at org.testng.internal.TestInvoker$MethodInvocationAgent.invoke(TestInvoker.java:816)
	at org.testng.internal.TestInvoker.invokeTestMethods(TestInvoker.java:146)
	at org.testng.internal.TestMethodWorker.invokeTestMethods(TestMethodWorker.java:146)
	at org.testng.internal.TestMethodWorker.run(TestMethodWorker.java:128)
	at java.base/java.util.ArrayList.forEach(ArrayList.java:1511)
	at org.testng.TestRunner.privateRun(TestRunner.java:766)
	at org.testng.TestRunner.run(TestRunner.java:587)
	at org.testng.SuiteRunner.runTest(SuiteRunner.java:384)
	at org.testng.SuiteRunner.runSequentially(SuiteRunner.java:378)
	at org.testng.SuiteRunner.privateRun(SuiteRunner.java:337)
	at org.testng.SuiteRunner.run(SuiteRunner.java:286)
	at org.testng.SuiteRunnerWorker.runSuite(SuiteRunnerWorker.java:53)
	at org.testng.SuiteRunnerWorker.run(SuiteRunnerWorker.java:96)
	at org.testng.TestNG.runSuitesSequentially(TestNG.java:1187)
	at org.testng.TestNG.runSuitesLocally(TestNG.java:1109)
	at org.testng.TestNG.runSuites(TestNG.java:1039)
	at org.testng.TestNG.run(TestNG.java:1007)
	at com.intellij.rt.testng.IDEARemoteTestNG.run(IDEARemoteTestNG.java:66)
	at com.intellij.rt.testng.RemoteTestNGStarter.main(RemoteTestNGStarter.java:109)
</pre></pre></td>
                                                    </tr>
                                                    <tr>
                                                        <td>Dec 6, 2020 12:40:23 PM</td>
                                                        <td class='linked' test-id='135'>Creat and Delete Functionality for Countries and Cities.Creat and Delete Country and City.When User click on the element in the leftNav class</td>
                                                        <td><pre><pre>org.openqa.selenium.TimeoutException: Expected condition failed: waiting for element to be clickable: Proxy element for: DefaultElementLocator 'by id or name "myElement"' (tried for 10 second(s) with 500 milliseconds interval)
	at org.openqa.selenium.support.ui.WebDriverWait.timeoutException(WebDriverWait.java:95)
	at org.openqa.selenium.support.ui.FluentWait.until(FluentWait.java:272)
	at pages._Parent.waitUntilClickable(_Parent.java:43)
	at pages._Parent.clickFunction(_Parent.java:28)
	at pages.LeftNav.findElementAndClickFunction(LeftNav.java:78)
	at stepDefinations._02_CountrySteps.userClickOnTheElementInTheLeftNavClass(_02_CountrySteps.java:26)
	at ✽.When User click on the element in the leftNav class(_03.3-4_CountryEror.feature:18)
Caused by: org.openqa.selenium.NoSuchElementException: no such element: Unable to locate element: {"method":"css selector","selector":"*[name='myElement']"}
  (Session info: chrome=86.0.4240.198)
For documentation on this error, please visit: https://www.seleniumhq.org/exceptions/no_such_element.html
Build info: version: '3.141.59', revision: 'e82be7d358', time: '2018-11-14T08:17:03'
System info: host: 'DESKTOP-2C108AM', ip: '192.168.0.12', os.name: 'Windows 10', os.arch: 'amd64', os.version: '10.0', java.version: '14.0.2'
Driver info: org.openqa.selenium.chrome.ChromeDriver
Capabilities {acceptInsecureCerts: false, browserName: chrome, browserVersion: 86.0.4240.198, chrome: {chromedriverVersion: 86.0.4240.22 (398b0743353ff..., userDataDir: C:\Users\keski\AppData\Loca...}, goog:chromeOptions: {debuggerAddress: localhost:54181}, javascriptEnabled: true, networkConnectionEnabled: false, pageLoadStrategy: normal, platform: WINDOWS, platformName: WINDOWS, proxy: Proxy(), setWindowRect: true, strictFileInteractability: false, timeouts: {implicit: 0, pageLoad: 300000, script: 30000}, unhandledPromptBehavior: dismiss and notify, webauthn:virtualAuthenticators: true}
Session ID: 9634f666f380e1e234f8065a9d7a0c64
*** Element info: {Using=name, value=myElement}
	at java.base/jdk.internal.reflect.NativeConstructorAccessorImpl.newInstance0(Native Method)
	at java.base/jdk.internal.reflect.NativeConstructorAccessorImpl.newInstance(NativeConstructorAccessorImpl.java:62)
	at java.base/jdk.internal.reflect.DelegatingConstructorAccessorImpl.newInstance(DelegatingConstructorAccessorImpl.java:45)
	at java.base/java.lang.reflect.Constructor.newInstanceWithCaller(Constructor.java:500)
	at java.base/java.lang.reflect.Constructor.newInstance(Constructor.java:481)
	at org.openqa.selenium.remote.http.W3CHttpResponseCodec.createException(W3CHttpResponseCodec.java:187)
	at org.openqa.selenium.remote.http.W3CHttpResponseCodec.decode(W3CHttpResponseCodec.java:122)
	at org.openqa.selenium.remote.http.W3CHttpResponseCodec.decode(W3CHttpResponseCodec.java:49)
	at org.openqa.selenium.remote.HttpCommandExecutor.execute(HttpCommandExecutor.java:158)
	at org.openqa.selenium.remote.service.DriverCommandExecutor.execute(DriverCommandExecutor.java:83)
	at org.openqa.selenium.remote.RemoteWebDriver.execute(RemoteWebDriver.java:552)
	at org.openqa.selenium.remote.RemoteWebDriver.findElement(RemoteWebDriver.java:323)
	at org.openqa.selenium.remote.RemoteWebDriver.findElementByName(RemoteWebDriver.java:404)
	at org.openqa.selenium.By$ByName.findElement(By.java:284)
	at org.openqa.selenium.support.ByIdOrName.findElement(ByIdOrName.java:50)
	at org.openqa.selenium.remote.RemoteWebDriver.findElement(RemoteWebDriver.java:315)
	at org.openqa.selenium.support.pagefactory.DefaultElementLocator.findElement(DefaultElementLocator.java:69)
	at org.openqa.selenium.support.pagefactory.internal.LocatingElementHandler.invoke(LocatingElementHandler.java:38)
	at com.sun.proxy.$Proxy22.isDisplayed(Unknown Source)
	at org.openqa.selenium.support.ui.ExpectedConditions.elementIfVisible(ExpectedConditions.java:314)
	at org.openqa.selenium.support.ui.ExpectedConditions.access$000(ExpectedConditions.java:43)
	at org.openqa.selenium.support.ui.ExpectedConditions$10.apply(ExpectedConditions.java:300)
	at org.openqa.selenium.support.ui.ExpectedConditions$10.apply(ExpectedConditions.java:297)
	at org.openqa.selenium.support.ui.ExpectedConditions$23.apply(ExpectedConditions.java:670)
	at org.openqa.selenium.support.ui.ExpectedConditions$23.apply(ExpectedConditions.java:666)
	at org.openqa.selenium.support.ui.FluentWait.until(FluentWait.java:249)
	at pages._Parent.waitUntilClickable(_Parent.java:43)
	at pages._Parent.clickFunction(_Parent.java:28)
	at pages.LeftNav.findElementAndClickFunction(LeftNav.java:78)
	at stepDefinations._02_CountrySteps.userClickOnTheElementInTheLeftNavClass(_02_CountrySteps.java:26)
	at java.base/jdk.internal.reflect.NativeMethodAccessorImpl.invoke0(Native Method)
	at java.base/jdk.internal.reflect.NativeMethodAccessorImpl.invoke(NativeMethodAccessorImpl.java:62)
	at java.base/jdk.internal.reflect.DelegatingMethodAccessorImpl.invoke(DelegatingMethodAccessorImpl.java:43)
	at java.base/java.lang.reflect.Method.invoke(Method.java:564)
	at cucumber.runtime.Utils$1.call(Utils.java:40)
	at cucumber.runtime.Timeout.timeout(Timeout.java:16)
	at cucumber.runtime.Utils.invoke(Utils.java:34)
	at cucumber.runtime.java.JavaStepDefinition.execute(JavaStepDefinition.java:38)
	at cucumber.runtime.StepDefinitionMatch.runStep(StepDefinitionMatch.java:37)
	at cucumber.runtime.Runtime.runStep(Runtime.java:300)
	at cucumber.runtime.model.StepContainer.runStep(StepContainer.java:44)
	at cucumber.runtime.model.StepContainer.runSteps(StepContainer.java:39)
	at cucumber.runtime.model.CucumberScenario.run(CucumberScenario.java:44)
	at cucumber.runtime.model.CucumberFeature.run(CucumberFeature.java:165)
	at cucumber.api.testng.TestNGCucumberRunner.runCucumber(TestNGCucumberRunner.java:63)
	at cucumber.api.testng.AbstractTestNGCucumberTests.feature(AbstractTestNGCucumberTests.java:21)
	at java.base/jdk.internal.reflect.NativeMethodAccessorImpl.invoke0(Native Method)
	at java.base/jdk.internal.reflect.NativeMethodAccessorImpl.invoke(NativeMethodAccessorImpl.java:62)
	at java.base/jdk.internal.reflect.DelegatingMethodAccessorImpl.invoke(DelegatingMethodAccessorImpl.java:43)
	at java.base/java.lang.reflect.Method.invoke(Method.java:564)
	at org.testng.internal.MethodInvocationHelper.invokeMethod(MethodInvocationHelper.java:134)
	at org.testng.internal.TestInvoker.invokeMethod(TestInvoker.java:597)
	at org.testng.internal.TestInvoker.invokeTestMethod(TestInvoker.java:173)
	at org.testng.internal.MethodRunner.runInSequence(MethodRunner.java:46)
	at org.testng.internal.TestInvoker$MethodInvocationAgent.invoke(TestInvoker.java:816)
	at org.testng.internal.TestInvoker.invokeTestMethods(TestInvoker.java:146)
	at org.testng.internal.TestMethodWorker.invokeTestMethods(TestMethodWorker.java:146)
	at org.testng.internal.TestMethodWorker.run(TestMethodWorker.java:128)
	at java.base/java.util.ArrayList.forEach(ArrayList.java:1511)
	at org.testng.TestRunner.privateRun(TestRunner.java:766)
	at org.testng.TestRunner.run(TestRunner.java:587)
	at org.testng.SuiteRunner.runTest(SuiteRunner.java:384)
	at org.testng.SuiteRunner.runSequentially(SuiteRunner.java:378)
	at org.testng.SuiteRunner.privateRun(SuiteRunner.java:337)
	at org.testng.SuiteRunner.run(SuiteRunner.java:286)
	at org.testng.SuiteRunnerWorker.runSuite(SuiteRunnerWorker.java:53)
	at org.testng.SuiteRunnerWorker.run(SuiteRunnerWorker.java:96)
	at org.testng.TestNG.runSuitesSequentially(TestNG.java:1187)
	at org.testng.TestNG.runSuitesLocally(TestNG.java:1109)
	at org.testng.TestNG.runSuites(TestNG.java:1039)
	at org.testng.TestNG.run(TestNG.java:1007)
	at com.intellij.rt.testng.IDEARemoteTestNG.run(IDEARemoteTestNG.java:66)
	at com.intellij.rt.testng.RemoteTestNGStarter.main(RemoteTestNGStarter.java:109)
</pre></pre></td>
                                                    </tr>
                                        </tbody>
                                    </table>
                                </div>
                            </div>
                        </li>
                        <li class='exception displayed active'>
                            <div class='exception-heading'>
                                <span class='exception-name'>org.openqa.selenium.ElementClickInterceptedException</span>
                                <span class='exception-count right'><span class='label red lighten-1 white-text'>8</span></span>
                            </div>
                            <div class='exception-content hide'>
                                <div class='exception-tests'>
                                    <table class='bordered table-results'>
                                        <thead>
                                        <tr>
                                            <th>Timestamp</th>
                                            <th>TestName</th>
                                            <th>Status</th>
                                        </tr>
                                        </thead>
                                        <tbody>
                                                    <tr>
                                                        <td>Dec 6, 2020 12:37:04 PM</td>
                                                        <td class='linked' test-id='16'>Create Edit and Delete Functionality for Human Resources.Create , Edit and Delete Salary Types.And User click on the element in the dialog content class</td>
                                                        <td><pre><textarea>org.openqa.selenium.ElementClickInterceptedException: element click intercepted: Element <button mat-button="" mat-icon-button="" matbadgeoverlap="false" matbadgesize="small" matbadgeposition="below" matbadgecolor="accent" class="mat-focus-indicator mat-tooltip-trigger mat-badge mat-button mat-icon-button mat-button-base mat-badge-accent mat-badge-below mat-badge-after mat-badge-small mat-badge-hidden ng-star-inserted" aria-describedby="cdk-describedby-message-20" cdk-describedby-host="">...</button> is not clickable at point (1236, 88). Other element would receive the click: <div class="cdk-overlay-backdrop cdk-overlay-dark-backdrop cdk-overlay-backdrop-showing"></div>
  (Session info: chrome=86.0.4240.198)
Build info: version: '3.141.59', revision: 'e82be7d358', time: '2018-11-14T08:17:03'
System info: host: 'DESKTOP-2C108AM', ip: '192.168.0.12', os.name: 'Windows 10', os.arch: 'amd64', os.version: '10.0', java.version: '14.0.2'
Driver info: org.openqa.selenium.chrome.ChromeDriver
Capabilities {acceptInsecureCerts: false, browserName: chrome, browserVersion: 86.0.4240.198, chrome: {chromedriverVersion: 86.0.4240.22 (398b0743353ff..., userDataDir: C:\Users\keski\AppData\Loca...}, goog:chromeOptions: {debuggerAddress: localhost:53963}, javascriptEnabled: true, networkConnectionEnabled: false, pageLoadStrategy: normal, platform: WINDOWS, platformName: WINDOWS, proxy: Proxy(), setWindowRect: true, strictFileInteractability: false, timeouts: {implicit: 0, pageLoad: 300000, script: 30000}, unhandledPromptBehavior: dismiss and notify, webauthn:virtualAuthenticators: true}
Session ID: c709ba3fb6d26a55b9cf482435c30b2e
	at java.base/jdk.internal.reflect.NativeConstructorAccessorImpl.newInstance0(Native Method)
	at java.base/jdk.internal.reflect.NativeConstructorAccessorImpl.newInstance(NativeConstructorAccessorImpl.java:62)
	at java.base/jdk.internal.reflect.DelegatingConstructorAccessorImpl.newInstance(DelegatingConstructorAccessorImpl.java:45)
	at java.base/java.lang.reflect.Constructor.newInstanceWithCaller(Constructor.java:500)
	at java.base/java.lang.reflect.Constructor.newInstance(Constructor.java:481)
	at org.openqa.selenium.remote.http.W3CHttpResponseCodec.createException(W3CHttpResponseCodec.java:187)
	at org.openqa.selenium.remote.http.W3CHttpResponseCodec.decode(W3CHttpResponseCodec.java:122)
	at org.openqa.selenium.remote.http.W3CHttpResponseCodec.decode(W3CHttpResponseCodec.java:49)
	at org.openqa.selenium.remote.HttpCommandExecutor.execute(HttpCommandExecutor.java:158)
	at org.openqa.selenium.remote.service.DriverCommandExecutor.execute(DriverCommandExecutor.java:83)
	at org.openqa.selenium.remote.RemoteWebDriver.execute(RemoteWebDriver.java:552)
	at org.openqa.selenium.remote.RemoteWebElement.execute(RemoteWebElement.java:285)
	at org.openqa.selenium.remote.RemoteWebElement.click(RemoteWebElement.java:84)
	at java.base/jdk.internal.reflect.NativeMethodAccessorImpl.invoke0(Native Method)
	at java.base/jdk.internal.reflect.NativeMethodAccessorImpl.invoke(NativeMethodAccessorImpl.java:62)
	at java.base/jdk.internal.reflect.DelegatingMethodAccessorImpl.invoke(DelegatingMethodAccessorImpl.java:43)
	at java.base/java.lang.reflect.Method.invoke(Method.java:564)
	at org.openqa.selenium.support.pagefactory.internal.LocatingElementHandler.invoke(LocatingElementHandler.java:51)
	at com.sun.proxy.$Proxy22.click(Unknown Source)
	at pages._Parent.clickFunction(_Parent.java:30)
	at pages.DialogContent.findElementClickFunction(DialogContent.java:133)
	at stepDefinations._01_LoginStepss.userClickOnTheElementInTheDialogContentClass(_01_LoginStepss.java:47)
	at ✽.And User click on the element in the dialog content class(_03.10.1.SalaryTypes.feature:29)
</textarea></pre></td>
                                                    </tr>
                                                    <tr>
                                                        <td>Dec 6, 2020 12:38:00 PM</td>
                                                        <td class='linked' test-id='62'>Create Edit and Delete Functionality for Human Resources.Create , Edit and Delete Salary Constants.And User click on the element in the dialog content class</td>
                                                        <td><pre><textarea>org.openqa.selenium.ElementClickInterceptedException: element click intercepted: Element <button mat-button="" mat-icon-button="" matbadgeoverlap="false" matbadgesize="small" matbadgeposition="below" matbadgecolor="accent" class="mat-focus-indicator mat-tooltip-trigger mat-badge mat-button mat-icon-button mat-button-base mat-badge-accent mat-badge-below mat-badge-after mat-badge-small mat-badge-hidden ng-star-inserted" aria-describedby="cdk-describedby-message-14" cdk-describedby-host="">...</button> is not clickable at point (1236, 185). Other element would receive the click: <div class="cdk-overlay-backdrop cdk-overlay-dark-backdrop cdk-overlay-backdrop-showing"></div>
  (Session info: chrome=86.0.4240.198)
Build info: version: '3.141.59', revision: 'e82be7d358', time: '2018-11-14T08:17:03'
System info: host: 'DESKTOP-2C108AM', ip: '192.168.0.12', os.name: 'Windows 10', os.arch: 'amd64', os.version: '10.0', java.version: '14.0.2'
Driver info: org.openqa.selenium.chrome.ChromeDriver
Capabilities {acceptInsecureCerts: false, browserName: chrome, browserVersion: 86.0.4240.198, chrome: {chromedriverVersion: 86.0.4240.22 (398b0743353ff..., userDataDir: C:\Users\keski\AppData\Loca...}, goog:chromeOptions: {debuggerAddress: localhost:54014}, javascriptEnabled: true, networkConnectionEnabled: false, pageLoadStrategy: normal, platform: WINDOWS, platformName: WINDOWS, proxy: Proxy(), setWindowRect: true, strictFileInteractability: false, timeouts: {implicit: 0, pageLoad: 300000, script: 30000}, unhandledPromptBehavior: dismiss and notify, webauthn:virtualAuthenticators: true}
Session ID: bd8c4935003b32157e3fb0f391419de8
	at java.base/jdk.internal.reflect.NativeConstructorAccessorImpl.newInstance0(Native Method)
	at java.base/jdk.internal.reflect.NativeConstructorAccessorImpl.newInstance(NativeConstructorAccessorImpl.java:62)
	at java.base/jdk.internal.reflect.DelegatingConstructorAccessorImpl.newInstance(DelegatingConstructorAccessorImpl.java:45)
	at java.base/java.lang.reflect.Constructor.newInstanceWithCaller(Constructor.java:500)
	at java.base/java.lang.reflect.Constructor.newInstance(Constructor.java:481)
	at org.openqa.selenium.remote.http.W3CHttpResponseCodec.createException(W3CHttpResponseCodec.java:187)
	at org.openqa.selenium.remote.http.W3CHttpResponseCodec.decode(W3CHttpResponseCodec.java:122)
	at org.openqa.selenium.remote.http.W3CHttpResponseCodec.decode(W3CHttpResponseCodec.java:49)
	at org.openqa.selenium.remote.HttpCommandExecutor.execute(HttpCommandExecutor.java:158)
	at org.openqa.selenium.remote.service.DriverCommandExecutor.execute(DriverCommandExecutor.java:83)
	at org.openqa.selenium.remote.RemoteWebDriver.execute(RemoteWebDriver.java:552)
	at org.openqa.selenium.remote.RemoteWebElement.execute(RemoteWebElement.java:285)
	at org.openqa.selenium.remote.RemoteWebElement.click(RemoteWebElement.java:84)
	at jdk.internal.reflect.GeneratedMethodAccessor6.invoke(Unknown Source)
	at java.base/jdk.internal.reflect.DelegatingMethodAccessorImpl.invoke(DelegatingMethodAccessorImpl.java:43)
	at java.base/java.lang.reflect.Method.invoke(Method.java:564)
	at org.openqa.selenium.support.pagefactory.internal.LocatingElementHandler.invoke(LocatingElementHandler.java:51)
	at com.sun.proxy.$Proxy22.click(Unknown Source)
	at pages._Parent.clickFunction(_Parent.java:30)
	at pages.DialogContent.findElementClickFunction(DialogContent.java:133)
	at stepDefinations._01_LoginStepss.userClickOnTheElementInTheDialogContentClass(_01_LoginStepss.java:47)
	at ✽.And User click on the element in the dialog content class(_03.10.3.SalaryConstants.feature:38)
</textarea></pre></td>
                                                    </tr>
                                                    <tr>
                                                        <td>Dec 6, 2020 12:38:18 PM</td>
                                                        <td class='linked' test-id='86'>Create and Delete Functionality for Cost Centers.Create, Edit and Delete Cost Centers.And User click on the element in the dialog content class</td>
                                                        <td><pre><textarea>org.openqa.selenium.ElementClickInterceptedException: element click intercepted: Element <mat-select role="combobox" aria-autocomplete="none" aria-haspopup="true" formcontrolname="type" required="" class="mat-select ng-tns-c215-54 ng-tns-c149-53 mat-select-required mat-select-empty ng-untouched ng-pristine ng-invalid ng-star-inserted" aria-labelledby="mat-form-field-label-19 mat-select-value-7" id="mat-select-6" tabindex="0" aria-expanded="true" aria-required="true" aria-disabled="false" aria-invalid="false" aria-controls="mat-select-6-panel" aria-activedescendant="mat-option-16">...</mat-select> is not clickable at point (640, 297). Other element would receive the click: <span class="mat-option-text">...</span>
  (Session info: chrome=86.0.4240.198)
Build info: version: '3.141.59', revision: 'e82be7d358', time: '2018-11-14T08:17:03'
System info: host: 'DESKTOP-2C108AM', ip: '192.168.0.12', os.name: 'Windows 10', os.arch: 'amd64', os.version: '10.0', java.version: '14.0.2'
Driver info: org.openqa.selenium.chrome.ChromeDriver
Capabilities {acceptInsecureCerts: false, browserName: chrome, browserVersion: 86.0.4240.198, chrome: {chromedriverVersion: 86.0.4240.22 (398b0743353ff..., userDataDir: C:\Users\keski\AppData\Loca...}, goog:chromeOptions: {debuggerAddress: localhost:54039}, javascriptEnabled: true, networkConnectionEnabled: false, pageLoadStrategy: normal, platform: WINDOWS, platformName: WINDOWS, proxy: Proxy(), setWindowRect: true, strictFileInteractability: false, timeouts: {implicit: 0, pageLoad: 300000, script: 30000}, unhandledPromptBehavior: dismiss and notify, webauthn:virtualAuthenticators: true}
Session ID: d0730638fa7da16590752f3d64feae6c
	at java.base/jdk.internal.reflect.NativeConstructorAccessorImpl.newInstance0(Native Method)
	at java.base/jdk.internal.reflect.NativeConstructorAccessorImpl.newInstance(NativeConstructorAccessorImpl.java:62)
	at java.base/jdk.internal.reflect.DelegatingConstructorAccessorImpl.newInstance(DelegatingConstructorAccessorImpl.java:45)
	at java.base/java.lang.reflect.Constructor.newInstanceWithCaller(Constructor.java:500)
	at java.base/java.lang.reflect.Constructor.newInstance(Constructor.java:481)
	at org.openqa.selenium.remote.http.W3CHttpResponseCodec.createException(W3CHttpResponseCodec.java:187)
	at org.openqa.selenium.remote.http.W3CHttpResponseCodec.decode(W3CHttpResponseCodec.java:122)
	at org.openqa.selenium.remote.http.W3CHttpResponseCodec.decode(W3CHttpResponseCodec.java:49)
	at org.openqa.selenium.remote.HttpCommandExecutor.execute(HttpCommandExecutor.java:158)
	at org.openqa.selenium.remote.service.DriverCommandExecutor.execute(DriverCommandExecutor.java:83)
	at org.openqa.selenium.remote.RemoteWebDriver.execute(RemoteWebDriver.java:552)
	at org.openqa.selenium.remote.RemoteWebElement.execute(RemoteWebElement.java:285)
	at org.openqa.selenium.remote.RemoteWebElement.click(RemoteWebElement.java:84)
	at jdk.internal.reflect.GeneratedMethodAccessor6.invoke(Unknown Source)
	at java.base/jdk.internal.reflect.DelegatingMethodAccessorImpl.invoke(DelegatingMethodAccessorImpl.java:43)
	at java.base/java.lang.reflect.Method.invoke(Method.java:564)
	at org.openqa.selenium.support.pagefactory.internal.LocatingElementHandler.invoke(LocatingElementHandler.java:51)
	at com.sun.proxy.$Proxy22.click(Unknown Source)
	at pages._Parent.clickFunction(_Parent.java:30)
	at pages.DialogContent.findElementClickFunction(DialogContent.java:133)
	at stepDefinations._01_LoginStepss.userClickOnTheElementInTheDialogContentClass(_01_LoginStepss.java:47)
	at ✽.And User click on the element in the dialog content class(_03.12.CostCenters.feature:30)
</textarea></pre></td>
                                                    </tr>
                                                    <tr>
                                                        <td>Dec 6, 2020 12:41:20 PM</td>
                                                        <td class='linked' test-id='169'>Create And Delete Subject Categories.Create and Delete Subject Categories.And User click on the element in the dialog content class</td>
                                                        <td><pre><textarea>org.openqa.selenium.ElementClickInterceptedException: element click intercepted: Element <button mat-button="" mat-icon-button="" matbadgeoverlap="false" matbadgesize="small" matbadgeposition="below" matbadgecolor="accent" class="mat-focus-indicator mat-tooltip-trigger mat-badge mat-button mat-icon-button mat-button-base mat-badge-accent mat-badge-below mat-badge-after mat-badge-small mat-badge-hidden ng-star-inserted" aria-describedby="cdk-describedby-message-14" cdk-describedby-host="">...</button> is not clickable at point (1236, 88). Other element would receive the click: <div class="cdk-overlay-backdrop cdk-overlay-dark-backdrop cdk-overlay-backdrop-showing"></div>
  (Session info: chrome=86.0.4240.198)
Build info: version: '3.141.59', revision: 'e82be7d358', time: '2018-11-14T08:17:03'
System info: host: 'DESKTOP-2C108AM', ip: '192.168.0.12', os.name: 'Windows 10', os.arch: 'amd64', os.version: '10.0', java.version: '14.0.2'
Driver info: org.openqa.selenium.chrome.ChromeDriver
Capabilities {acceptInsecureCerts: false, browserName: chrome, browserVersion: 86.0.4240.198, chrome: {chromedriverVersion: 86.0.4240.22 (398b0743353ff..., userDataDir: C:\Users\keski\AppData\Loca...}, goog:chromeOptions: {debuggerAddress: localhost:54260}, javascriptEnabled: true, networkConnectionEnabled: false, pageLoadStrategy: normal, platform: WINDOWS, platformName: WINDOWS, proxy: Proxy(), setWindowRect: true, strictFileInteractability: false, timeouts: {implicit: 0, pageLoad: 300000, script: 30000}, unhandledPromptBehavior: dismiss and notify, webauthn:virtualAuthenticators: true}
Session ID: 637a5bd8a6ee26e8b677e90e23bc766f
	at java.base/jdk.internal.reflect.NativeConstructorAccessorImpl.newInstance0(Native Method)
	at java.base/jdk.internal.reflect.NativeConstructorAccessorImpl.newInstance(NativeConstructorAccessorImpl.java:62)
	at java.base/jdk.internal.reflect.DelegatingConstructorAccessorImpl.newInstance(DelegatingConstructorAccessorImpl.java:45)
	at java.base/java.lang.reflect.Constructor.newInstanceWithCaller(Constructor.java:500)
	at java.base/java.lang.reflect.Constructor.newInstance(Constructor.java:481)
	at org.openqa.selenium.remote.http.W3CHttpResponseCodec.createException(W3CHttpResponseCodec.java:187)
	at org.openqa.selenium.remote.http.W3CHttpResponseCodec.decode(W3CHttpResponseCodec.java:122)
	at org.openqa.selenium.remote.http.W3CHttpResponseCodec.decode(W3CHttpResponseCodec.java:49)
	at org.openqa.selenium.remote.HttpCommandExecutor.execute(HttpCommandExecutor.java:158)
	at org.openqa.selenium.remote.service.DriverCommandExecutor.execute(DriverCommandExecutor.java:83)
	at org.openqa.selenium.remote.RemoteWebDriver.execute(RemoteWebDriver.java:552)
	at org.openqa.selenium.remote.RemoteWebElement.execute(RemoteWebElement.java:285)
	at org.openqa.selenium.remote.RemoteWebElement.click(RemoteWebElement.java:84)
	at jdk.internal.reflect.GeneratedMethodAccessor6.invoke(Unknown Source)
	at java.base/jdk.internal.reflect.DelegatingMethodAccessorImpl.invoke(DelegatingMethodAccessorImpl.java:43)
	at java.base/java.lang.reflect.Method.invoke(Method.java:564)
	at org.openqa.selenium.support.pagefactory.internal.LocatingElementHandler.invoke(LocatingElementHandler.java:51)
	at com.sun.proxy.$Proxy22.click(Unknown Source)
	at pages._Parent.clickFunction(_Parent.java:30)
	at pages.DialogContent.findElementClickFunction(DialogContent.java:133)
	at stepDefinations._01_LoginStepss.userClickOnTheElementInTheDialogContentClass(_01_LoginStepss.java:47)
	at ✽.And User click on the element in the dialog content class(_03.5_SubjectCategories.feature:30)
</textarea></pre></td>
                                                    </tr>
                                                    <tr>
                                                        <td>Dec 6, 2020 12:41:38 PM</td>
                                                        <td class='linked' test-id='184'>Create And Delete Subjects.Create and Delete Subjects.And User click on the element in the dialog content class</td>
                                                        <td><pre><textarea>org.openqa.selenium.ElementClickInterceptedException: element click intercepted: Element <span class="mat-select-placeholder ng-tns-c215-65 ng-star-inserted" style="">...</span> is not clickable at point (392, 287). Other element would receive the click: <span class="mat-option-text">...</span>
  (Session info: chrome=86.0.4240.198)
Build info: version: '3.141.59', revision: 'e82be7d358', time: '2018-11-14T08:17:03'
System info: host: 'DESKTOP-2C108AM', ip: '192.168.0.12', os.name: 'Windows 10', os.arch: 'amd64', os.version: '10.0', java.version: '14.0.2'
Driver info: org.openqa.selenium.chrome.ChromeDriver
Capabilities {acceptInsecureCerts: false, browserName: chrome, browserVersion: 86.0.4240.198, chrome: {chromedriverVersion: 86.0.4240.22 (398b0743353ff..., userDataDir: C:\Users\keski\AppData\Loca...}, goog:chromeOptions: {debuggerAddress: localhost:54284}, javascriptEnabled: true, networkConnectionEnabled: false, pageLoadStrategy: normal, platform: WINDOWS, platformName: WINDOWS, proxy: Proxy(), setWindowRect: true, strictFileInteractability: false, timeouts: {implicit: 0, pageLoad: 300000, script: 30000}, unhandledPromptBehavior: dismiss and notify, webauthn:virtualAuthenticators: true}
Session ID: 7c1ba1e51d18d24a726c73b2968d1aa1
	at java.base/jdk.internal.reflect.NativeConstructorAccessorImpl.newInstance0(Native Method)
	at java.base/jdk.internal.reflect.NativeConstructorAccessorImpl.newInstance(NativeConstructorAccessorImpl.java:62)
	at java.base/jdk.internal.reflect.DelegatingConstructorAccessorImpl.newInstance(DelegatingConstructorAccessorImpl.java:45)
	at java.base/java.lang.reflect.Constructor.newInstanceWithCaller(Constructor.java:500)
	at java.base/java.lang.reflect.Constructor.newInstance(Constructor.java:481)
	at org.openqa.selenium.remote.http.W3CHttpResponseCodec.createException(W3CHttpResponseCodec.java:187)
	at org.openqa.selenium.remote.http.W3CHttpResponseCodec.decode(W3CHttpResponseCodec.java:122)
	at org.openqa.selenium.remote.http.W3CHttpResponseCodec.decode(W3CHttpResponseCodec.java:49)
	at org.openqa.selenium.remote.HttpCommandExecutor.execute(HttpCommandExecutor.java:158)
	at org.openqa.selenium.remote.service.DriverCommandExecutor.execute(DriverCommandExecutor.java:83)
	at org.openqa.selenium.remote.RemoteWebDriver.execute(RemoteWebDriver.java:552)
	at org.openqa.selenium.remote.RemoteWebElement.execute(RemoteWebElement.java:285)
	at org.openqa.selenium.remote.RemoteWebElement.click(RemoteWebElement.java:84)
	at jdk.internal.reflect.GeneratedMethodAccessor6.invoke(Unknown Source)
	at java.base/jdk.internal.reflect.DelegatingMethodAccessorImpl.invoke(DelegatingMethodAccessorImpl.java:43)
	at java.base/java.lang.reflect.Method.invoke(Method.java:564)
	at org.openqa.selenium.support.pagefactory.internal.LocatingElementHandler.invoke(LocatingElementHandler.java:51)
	at com.sun.proxy.$Proxy22.click(Unknown Source)
	at pages._Parent.clickFunction(_Parent.java:30)
	at pages.DialogContent.findElementClickFunction(DialogContent.java:133)
	at stepDefinations._01_LoginStepss.userClickOnTheElementInTheDialogContentClass(_01_LoginStepss.java:47)
	at ✽.And User click on the element in the dialog content class(_03.6_Subjects.feature:30)
</textarea></pre></td>
                                                    </tr>
                                                    <tr>
                                                        <td>Dec 6, 2020 12:41:56 PM</td>
                                                        <td class='linked' test-id='199'>Creat and Delete Functionality for Subject Category.Creat and Delete Subject Category.And User click on the element in the dialog content class</td>
                                                        <td><pre><textarea>org.openqa.selenium.ElementClickInterceptedException: element click intercepted: Element <button mat-button="" mat-icon-button="" matbadgeoverlap="false" matbadgesize="small" matbadgeposition="below" matbadgecolor="accent" class="mat-focus-indicator mat-tooltip-trigger mat-badge mat-button mat-icon-button mat-button-base mat-badge-accent mat-badge-below mat-badge-after mat-badge-small mat-badge-hidden ng-star-inserted" aria-describedby="cdk-describedby-message-20" cdk-describedby-host="">...</button> is not clickable at point (1236, 88). Other element would receive the click: <div class="cdk-overlay-backdrop cdk-overlay-dark-backdrop cdk-overlay-backdrop-showing"></div>
  (Session info: chrome=86.0.4240.198)
Build info: version: '3.141.59', revision: 'e82be7d358', time: '2018-11-14T08:17:03'
System info: host: 'DESKTOP-2C108AM', ip: '192.168.0.12', os.name: 'Windows 10', os.arch: 'amd64', os.version: '10.0', java.version: '14.0.2'
Driver info: org.openqa.selenium.chrome.ChromeDriver
Capabilities {acceptInsecureCerts: false, browserName: chrome, browserVersion: 86.0.4240.198, chrome: {chromedriverVersion: 86.0.4240.22 (398b0743353ff..., userDataDir: C:\Users\keski\AppData\Loca...}, goog:chromeOptions: {debuggerAddress: localhost:54307}, javascriptEnabled: true, networkConnectionEnabled: false, pageLoadStrategy: normal, platform: WINDOWS, platformName: WINDOWS, proxy: Proxy(), setWindowRect: true, strictFileInteractability: false, timeouts: {implicit: 0, pageLoad: 300000, script: 30000}, unhandledPromptBehavior: dismiss and notify, webauthn:virtualAuthenticators: true}
Session ID: e0b0eda2a67d88f756a83be918041df2
	at java.base/jdk.internal.reflect.NativeConstructorAccessorImpl.newInstance0(Native Method)
	at java.base/jdk.internal.reflect.NativeConstructorAccessorImpl.newInstance(NativeConstructorAccessorImpl.java:62)
	at java.base/jdk.internal.reflect.DelegatingConstructorAccessorImpl.newInstance(DelegatingConstructorAccessorImpl.java:45)
	at java.base/java.lang.reflect.Constructor.newInstanceWithCaller(Constructor.java:500)
	at java.base/java.lang.reflect.Constructor.newInstance(Constructor.java:481)
	at org.openqa.selenium.remote.http.W3CHttpResponseCodec.createException(W3CHttpResponseCodec.java:187)
	at org.openqa.selenium.remote.http.W3CHttpResponseCodec.decode(W3CHttpResponseCodec.java:122)
	at org.openqa.selenium.remote.http.W3CHttpResponseCodec.decode(W3CHttpResponseCodec.java:49)
	at org.openqa.selenium.remote.HttpCommandExecutor.execute(HttpCommandExecutor.java:158)
	at org.openqa.selenium.remote.service.DriverCommandExecutor.execute(DriverCommandExecutor.java:83)
	at org.openqa.selenium.remote.RemoteWebDriver.execute(RemoteWebDriver.java:552)
	at org.openqa.selenium.remote.RemoteWebElement.execute(RemoteWebElement.java:285)
	at org.openqa.selenium.remote.RemoteWebElement.click(RemoteWebElement.java:84)
	at jdk.internal.reflect.GeneratedMethodAccessor6.invoke(Unknown Source)
	at java.base/jdk.internal.reflect.DelegatingMethodAccessorImpl.invoke(DelegatingMethodAccessorImpl.java:43)
	at java.base/java.lang.reflect.Method.invoke(Method.java:564)
	at org.openqa.selenium.support.pagefactory.internal.LocatingElementHandler.invoke(LocatingElementHandler.java:51)
	at com.sun.proxy.$Proxy22.click(Unknown Source)
	at pages._Parent.clickFunction(_Parent.java:30)
	at pages.DialogContent.findElementClickFunction(DialogContent.java:133)
	at stepDefinations._01_LoginStepss.userClickOnTheElementInTheDialogContentClass(_01_LoginStepss.java:47)
	at ✽.And User click on the element in the dialog content class(_03.7_SubjectCategoryEror.feature:30)
</textarea></pre></td>
                                                    </tr>
                                                    <tr>
                                                        <td>Dec 6, 2020 12:42:30 PM</td>
                                                        <td class='linked' test-id='250'>Create Edit and Delete Functionality for Human Resources.Create and Delete Positions.And User click on the element in the dialog content class</td>
                                                        <td><pre><textarea>org.openqa.selenium.ElementClickInterceptedException: element click intercepted: Element <button mat-button="" mat-icon-button="" matbadgeoverlap="false" matbadgesize="small" matbadgeposition="below" matbadgecolor="accent" class="mat-focus-indicator mat-tooltip-trigger mat-badge mat-button mat-icon-button mat-button-base mat-badge-accent mat-badge-below mat-badge-after mat-badge-small mat-badge-hidden ng-star-inserted" aria-describedby="cdk-describedby-message-14" cdk-describedby-host="">...</button> is not clickable at point (1236, 88). Other element would receive the click: <div class="cdk-overlay-backdrop cdk-overlay-dark-backdrop cdk-overlay-backdrop-showing"></div>
  (Session info: chrome=86.0.4240.198)
Build info: version: '3.141.59', revision: 'e82be7d358', time: '2018-11-14T08:17:03'
System info: host: 'DESKTOP-2C108AM', ip: '192.168.0.12', os.name: 'Windows 10', os.arch: 'amd64', os.version: '10.0', java.version: '14.0.2'
Driver info: org.openqa.selenium.chrome.ChromeDriver
Capabilities {acceptInsecureCerts: false, browserName: chrome, browserVersion: 86.0.4240.198, chrome: {chromedriverVersion: 86.0.4240.22 (398b0743353ff..., userDataDir: C:\Users\keski\AppData\Loca...}, goog:chromeOptions: {debuggerAddress: localhost:54356}, javascriptEnabled: true, networkConnectionEnabled: false, pageLoadStrategy: normal, platform: WINDOWS, platformName: WINDOWS, proxy: Proxy(), setWindowRect: true, strictFileInteractability: false, timeouts: {implicit: 0, pageLoad: 300000, script: 30000}, unhandledPromptBehavior: dismiss and notify, webauthn:virtualAuthenticators: true}
Session ID: a2483395fbca5e64c95aa89ac9468e6d
	at java.base/jdk.internal.reflect.NativeConstructorAccessorImpl.newInstance0(Native Method)
	at java.base/jdk.internal.reflect.NativeConstructorAccessorImpl.newInstance(NativeConstructorAccessorImpl.java:62)
	at java.base/jdk.internal.reflect.DelegatingConstructorAccessorImpl.newInstance(DelegatingConstructorAccessorImpl.java:45)
	at java.base/java.lang.reflect.Constructor.newInstanceWithCaller(Constructor.java:500)
	at java.base/java.lang.reflect.Constructor.newInstance(Constructor.java:481)
	at org.openqa.selenium.remote.http.W3CHttpResponseCodec.createException(W3CHttpResponseCodec.java:187)
	at org.openqa.selenium.remote.http.W3CHttpResponseCodec.decode(W3CHttpResponseCodec.java:122)
	at org.openqa.selenium.remote.http.W3CHttpResponseCodec.decode(W3CHttpResponseCodec.java:49)
	at org.openqa.selenium.remote.HttpCommandExecutor.execute(HttpCommandExecutor.java:158)
	at org.openqa.selenium.remote.service.DriverCommandExecutor.execute(DriverCommandExecutor.java:83)
	at org.openqa.selenium.remote.RemoteWebDriver.execute(RemoteWebDriver.java:552)
	at org.openqa.selenium.remote.RemoteWebElement.execute(RemoteWebElement.java:285)
	at org.openqa.selenium.remote.RemoteWebElement.click(RemoteWebElement.java:84)
	at jdk.internal.reflect.GeneratedMethodAccessor6.invoke(Unknown Source)
	at java.base/jdk.internal.reflect.DelegatingMethodAccessorImpl.invoke(DelegatingMethodAccessorImpl.java:43)
	at java.base/java.lang.reflect.Method.invoke(Method.java:564)
	at org.openqa.selenium.support.pagefactory.internal.LocatingElementHandler.invoke(LocatingElementHandler.java:51)
	at com.sun.proxy.$Proxy22.click(Unknown Source)
	at pages._Parent.clickFunction(_Parent.java:30)
	at pages.DialogContent.findElementClickFunction(DialogContent.java:133)
	at stepDefinations._01_LoginStepss.userClickOnTheElementInTheDialogContentClass(_01_LoginStepss.java:47)
	at ✽.And User click on the element in the dialog content class(_03.8_PotionSalary.feature:75)
</textarea></pre></td>
                                                    </tr>
                                                    <tr>
                                                        <td>Dec 6, 2020 12:42:48 PM</td>
                                                        <td class='linked' test-id='271'>Create Edit and Delete Functionality for Reports.Create , Edit and Delete Excel Template.And User click on the element in the dialog content class</td>
                                                        <td><pre><textarea>org.openqa.selenium.ElementClickInterceptedException: element click intercepted: Element <button mat-button="" mat-icon-button="" matbadgeoverlap="false" matbadgesize="small" matbadgeposition="below" matbadgecolor="accent" class="mat-focus-indicator mat-tooltip-trigger mat-badge mat-button mat-icon-button mat-button-base mat-badge-accent mat-badge-below mat-badge-after mat-badge-small mat-badge-hidden ng-star-inserted" aria-describedby="cdk-describedby-message-14" cdk-describedby-host="">...</button> is not clickable at point (1236, 88). Other element would receive the click: <div class="cdk-overlay-backdrop cdk-overlay-dark-backdrop cdk-overlay-backdrop-showing"></div>
  (Session info: chrome=86.0.4240.198)
Build info: version: '3.141.59', revision: 'e82be7d358', time: '2018-11-14T08:17:03'
System info: host: 'DESKTOP-2C108AM', ip: '192.168.0.12', os.name: 'Windows 10', os.arch: 'amd64', os.version: '10.0', java.version: '14.0.2'
Driver info: org.openqa.selenium.chrome.ChromeDriver
Capabilities {acceptInsecureCerts: false, browserName: chrome, browserVersion: 86.0.4240.198, chrome: {chromedriverVersion: 86.0.4240.22 (398b0743353ff..., userDataDir: C:\Users\keski\AppData\Loca...}, goog:chromeOptions: {debuggerAddress: localhost:54381}, javascriptEnabled: true, networkConnectionEnabled: false, pageLoadStrategy: normal, platform: WINDOWS, platformName: WINDOWS, proxy: Proxy(), setWindowRect: true, strictFileInteractability: false, timeouts: {implicit: 0, pageLoad: 300000, script: 30000}, unhandledPromptBehavior: dismiss and notify, webauthn:virtualAuthenticators: true}
Session ID: 5175c8ffe633267bc1c7dca5fb16f2b9
	at java.base/jdk.internal.reflect.NativeConstructorAccessorImpl.newInstance0(Native Method)
	at java.base/jdk.internal.reflect.NativeConstructorAccessorImpl.newInstance(NativeConstructorAccessorImpl.java:62)
	at java.base/jdk.internal.reflect.DelegatingConstructorAccessorImpl.newInstance(DelegatingConstructorAccessorImpl.java:45)
	at java.base/java.lang.reflect.Constructor.newInstanceWithCaller(Constructor.java:500)
	at java.base/java.lang.reflect.Constructor.newInstance(Constructor.java:481)
	at org.openqa.selenium.remote.http.W3CHttpResponseCodec.createException(W3CHttpResponseCodec.java:187)
	at org.openqa.selenium.remote.http.W3CHttpResponseCodec.decode(W3CHttpResponseCodec.java:122)
	at org.openqa.selenium.remote.http.W3CHttpResponseCodec.decode(W3CHttpResponseCodec.java:49)
	at org.openqa.selenium.remote.HttpCommandExecutor.execute(HttpCommandExecutor.java:158)
	at org.openqa.selenium.remote.service.DriverCommandExecutor.execute(DriverCommandExecutor.java:83)
	at org.openqa.selenium.remote.RemoteWebDriver.execute(RemoteWebDriver.java:552)
	at org.openqa.selenium.remote.RemoteWebElement.execute(RemoteWebElement.java:285)
	at org.openqa.selenium.remote.RemoteWebElement.click(RemoteWebElement.java:84)
	at jdk.internal.reflect.GeneratedMethodAccessor6.invoke(Unknown Source)
	at java.base/jdk.internal.reflect.DelegatingMethodAccessorImpl.invoke(DelegatingMethodAccessorImpl.java:43)
	at java.base/java.lang.reflect.Method.invoke(Method.java:564)
	at org.openqa.selenium.support.pagefactory.internal.LocatingElementHandler.invoke(LocatingElementHandler.java:51)
	at com.sun.proxy.$Proxy22.click(Unknown Source)
	at pages._Parent.clickFunction(_Parent.java:30)
	at pages.DialogContent.findElementClickFunction(DialogContent.java:133)
	at stepDefinations._01_LoginStepss.userClickOnTheElementInTheDialogContentClass(_01_LoginStepss.java:47)
	at ✽.And User click on the element in the dialog content class(_03.9_ExelTemplate.feature:29)
</textarea></pre></td>
                                                    </tr>
                                        </tbody>
                                    </table>
                                </div>
                            </div>
                        </li>
                        <li class='exception displayed active'>
                            <div class='exception-heading'>
                                <span class='exception-name'>org.openqa.selenium.StaleElementReferenceException</span>
                                <span class='exception-count right'><span class='label red lighten-1 white-text'>1</span></span>
                            </div>
                            <div class='exception-content hide'>
                                <div class='exception-tests'>
                                    <table class='bordered table-results'>
                                        <thead>
                                        <tr>
                                            <th>Timestamp</th>
                                            <th>TestName</th>
                                            <th>Status</th>
                                        </tr>
                                        </thead>
                                        <tbody>
                                                    <tr>
                                                        <td>Dec 6, 2020 12:42:13 PM</td>
                                                        <td class='linked' test-id='228'>Create Edit and Delete Functionality for Human Resources.Create, Edit and Delete Position Salary.And User click on the element in the dialog content class</td>
                                                        <td><pre><pre>org.openqa.selenium.StaleElementReferenceException: stale element reference: element is not attached to the page document
  (Session info: chrome=86.0.4240.198)
For documentation on this error, please visit: https://www.seleniumhq.org/exceptions/stale_element_reference.html
Build info: version: '3.141.59', revision: 'e82be7d358', time: '2018-11-14T08:17:03'
System info: host: 'DESKTOP-2C108AM', ip: '192.168.0.12', os.name: 'Windows 10', os.arch: 'amd64', os.version: '10.0', java.version: '14.0.2'
Driver info: org.openqa.selenium.chrome.ChromeDriver
Capabilities {acceptInsecureCerts: false, browserName: chrome, browserVersion: 86.0.4240.198, chrome: {chromedriverVersion: 86.0.4240.22 (398b0743353ff..., userDataDir: C:\Users\keski\AppData\Loca...}, goog:chromeOptions: {debuggerAddress: localhost:54333}, javascriptEnabled: true, networkConnectionEnabled: false, pageLoadStrategy: normal, platform: WINDOWS, platformName: WINDOWS, proxy: Proxy(), setWindowRect: true, strictFileInteractability: false, timeouts: {implicit: 0, pageLoad: 300000, script: 30000}, unhandledPromptBehavior: dismiss and notify, webauthn:virtualAuthenticators: true}
Session ID: cb8b255acc8ed63f2ec4702cba1cba64
	at java.base/jdk.internal.reflect.NativeConstructorAccessorImpl.newInstance0(Native Method)
	at java.base/jdk.internal.reflect.NativeConstructorAccessorImpl.newInstance(NativeConstructorAccessorImpl.java:62)
	at java.base/jdk.internal.reflect.DelegatingConstructorAccessorImpl.newInstance(DelegatingConstructorAccessorImpl.java:45)
	at java.base/java.lang.reflect.Constructor.newInstanceWithCaller(Constructor.java:500)
	at java.base/java.lang.reflect.Constructor.newInstance(Constructor.java:481)
	at org.openqa.selenium.remote.http.W3CHttpResponseCodec.createException(W3CHttpResponseCodec.java:187)
	at org.openqa.selenium.remote.http.W3CHttpResponseCodec.decode(W3CHttpResponseCodec.java:122)
	at org.openqa.selenium.remote.http.W3CHttpResponseCodec.decode(W3CHttpResponseCodec.java:49)
	at org.openqa.selenium.remote.HttpCommandExecutor.execute(HttpCommandExecutor.java:158)
	at org.openqa.selenium.remote.service.DriverCommandExecutor.execute(DriverCommandExecutor.java:83)
	at org.openqa.selenium.remote.RemoteWebDriver.execute(RemoteWebDriver.java:552)
	at org.openqa.selenium.remote.RemoteWebElement.execute(RemoteWebElement.java:285)
	at org.openqa.selenium.remote.RemoteWebElement.isDisplayed(RemoteWebElement.java:326)
	at jdk.internal.reflect.GeneratedMethodAccessor2.invoke(Unknown Source)
	at java.base/jdk.internal.reflect.DelegatingMethodAccessorImpl.invoke(DelegatingMethodAccessorImpl.java:43)
	at java.base/java.lang.reflect.Method.invoke(Method.java:564)
	at org.openqa.selenium.support.pagefactory.internal.LocatingElementHandler.invoke(LocatingElementHandler.java:51)
	at com.sun.proxy.$Proxy22.isDisplayed(Unknown Source)
	at org.openqa.selenium.support.ui.ExpectedConditions.elementIfVisible(ExpectedConditions.java:314)
	at org.openqa.selenium.support.ui.ExpectedConditions.access$000(ExpectedConditions.java:43)
	at org.openqa.selenium.support.ui.ExpectedConditions$10.apply(ExpectedConditions.java:300)
	at org.openqa.selenium.support.ui.ExpectedConditions$10.apply(ExpectedConditions.java:297)
	at org.openqa.selenium.support.ui.ExpectedConditions$23.apply(ExpectedConditions.java:670)
	at org.openqa.selenium.support.ui.ExpectedConditions$23.apply(ExpectedConditions.java:666)
	at org.openqa.selenium.support.ui.FluentWait.until(FluentWait.java:249)
	at pages._Parent.waitUntilClickable(_Parent.java:43)
	at pages._Parent.clickFunction(_Parent.java:28)
	at pages.DialogContent.findElementClickFunction(DialogContent.java:133)
	at stepDefinations._01_LoginStepss.userClickOnTheElementInTheDialogContentClass(_01_LoginStepss.java:47)
	at ✽.And User click on the element in the dialog content class(_03.8_PotionSalary.feature:23)
</pre></pre></td>
                                                    </tr>
                                        </tbody>
                                    </table>
                                </div>
                            </div>
                        </li>
                </ul>
        </div>
    </div>

    <div class='subview-right left'>
        <div class='view-summary'>
            <h5 class='exception-name'></h5>
        </div>
    </div>
</div>
<!-- exception view -->
<div id='dashboard-view' class='view hide'>
	<div class='card-panel transparent np-v'>
		<h5>Dashboard</h5>

		<div class='row'>
			<div class='col s2'>
				<div class='card-panel r'>
					Features
					<div class='panel-lead'>13</div>
				</div>
			</div>
			<div class='col s2'>
				<div class='card-panel r'>
					Scenarios
					<div class='panel-lead'>14</div>
				</div>
			</div>
			<div class='col s2'>
				<div class='card-panel r'>
					Steps
					<div class='panel-lead'>257</div>
				</div>
			</div>
			<div class='col s2'>
				<div class='card-panel r'>
					Start
					<div class='panel-lead'>Dec 6, 2020 12:36:19 PM</div>
				</div>
			</div>
			<div class='col s2'>
				<div class='card-panel r'>
			 		End
			 		<div class='panel-lead'>Dec 6, 2020 12:42:55 PM</div>
				</div>
			</div>
			<div class='col s2'>
				<div class='card-panel r'>
					Time Taken
					<div class='panel-lead'>395,881ms</div>
				</div>
			</div>
			<div class='col s4'>
				<div class='card-panel'>
					<span class='right label cyan white-text'>Categories</span><p>&nbsp;</p>
					
					<table>
						<tr>
							<th>Name</th>
							<th>Passed</th>
							<th>Failed</th>
							<th>Others</th>
						</tr>
						<tr>
							<td>@RegressionTest</td>
							<td>0</td>
							<td>2</td>
							<td>0</td>
						</tr>
					</table>
				</div>
			</div>
		</div>
	</div>
</div>
<!-- dashboard view -->
<!-- testrunner-logs view -->
		</div>
		<!-- container -->

		<script>
			var statusGroup = {
				passParent: 0,
				failParent: 13,
				fatalParent: 0,
				errorParent: 0,
				warningParent: 0,
				skipParent: 0,
				exceptionsParent: 13,
				
				passChild: 0,
				failChild: 14,
				fatalChild: 0,
				errorChild: 0,
				warningChild: 0,
				skipChild: 0,
				infoChild: 0,
				exceptionsChild: 14,
				
				passGrandChild: 84,
				failGrandChild: 14,
				fatalGrandChild: 0,
				errorGrandChild: 0,
				warningGrandChild: 0,
				skipGrandChild: 159,
				infoGrandChild: 0,
				exceptionsGrandChild: 173,
			};
		</script>
		
			<script src='https://cdn.rawgit.com/anshooarora/extentreports-java/5ed7b0c339b51aa347b44ccaa2e2ff29905b2f9f/dist/js/extent.js' type='text/javascript'></script>
		
		
	</body>
	
</html>
